29 Jul, 2011 4:00:27 AM org.apache.catalina.core.AprLifecycleListener init
INFO: The APR based Apache Tomcat Native library which allows optimal performance in production environments was not found on the java.library.path: E:\liferay-portal-6.0.6\tomcat-6.0.29\jre1.6.0_20\win\bin;.;C:\Windows\Sun\Java\bin;C:\Windows\system32;C:\Windows;C:\Program Files\Common Files\Microsoft Shared\Windows Live;C:\Windows\system32;C:\Windows;C:\Windows\System32\Wbem;C:\Windows\System32\WindowsPowerShell\v1.0\;C:\Program Files\WIDCOMM\Bluetooth Software\;C:\Program Files\WIDCOMM\Bluetooth Software\syswow64;\;C:\Program Files (x86)\Sony\VAIO Startup Setting Tool;C:\Program Files (x86)\Java\jdk1.6.0_26\bin;C:\Python27;C:\Python27\Lib\site-packages\django\bin;C:\Python27\Lib\site-packages\pyfacebook\bin;C:\apache-ant-1.7.1\bin;C:\opt\mysql\bin;C:\opt\apache-maven-2.2.1\bin;C:\opt\svn\bin\;E:\liferay-portal-6.0.6\tomcat-6.0.29\bin;C:\Program Files (x86)\PostgreSQL\8.3\bin;C:\Ruby187\bin;C:\Program Files (x86)\Mercurial
29 Jul, 2011 4:00:28 AM org.apache.coyote.http11.Http11Protocol init
INFO: Initializing Coyote HTTP/1.1 on http-8080
29 Jul, 2011 4:00:28 AM org.apache.catalina.startup.Catalina load
INFO: Initialization processed in 1746 ms
29 Jul, 2011 4:00:28 AM org.apache.catalina.core.StandardService start
INFO: Starting service Catalina
29 Jul, 2011 4:00:28 AM org.apache.catalina.core.StandardEngine start
INFO: Starting Servlet Engine: Apache Tomcat/6.0.29
29 Jul, 2011 4:00:28 AM org.apache.catalina.startup.HostConfig deployDescriptor
INFO: Deploying configuration descriptor ROOT.xml
29 Jul, 2011 4:01:52 AM org.apache.catalina.startup.HostConfig deployDirectory
INFO: Deploying web application directory bright-pixel
29 Jul, 2011 4:01:54 AM org.apache.catalina.startup.HostConfig deployDirectory
INFO: Deploying web application directory bright-pixel-theme
29 Jul, 2011 4:01:56 AM org.apache.catalina.startup.HostConfig deployDirectory
INFO: Deploying web application directory chat-portlet
29 Jul, 2011 4:01:59 AM org.apache.catalina.startup.HostConfig deployDirectory
INFO: Deploying web application directory default-site-templates-hook
29 Jul, 2011 4:01:59 AM org.apache.catalina.startup.HostConfig deployDirectory
INFO: Deploying web application directory google-maps-portlet
29 Jul, 2011 4:02:01 AM org.apache.catalina.startup.HostConfig deployDirectory
INFO: Deploying web application directory jedi-theme
29 Jul, 2011 4:02:03 AM org.apache.catalina.startup.HostConfig deployDirectory
INFO: Deploying web application directory kaleo-web
29 Jul, 2011 4:02:14 AM org.apache.catalina.startup.HostConfig deployDirectory
INFO: Deploying web application directory mail-portlet
29 Jul, 2011 4:02:19 AM org.apache.catalina.startup.HostConfig deployDirectory
INFO: Deploying web application directory my-layout
29 Jul, 2011 4:02:19 AM org.apache.catalina.startup.HostConfig deployDirectory
INFO: Deploying web application directory mytheme
29 Jul, 2011 4:02:21 AM org.apache.catalina.startup.HostConfig deployDirectory
INFO: Deploying web application directory New Template
29 Jul, 2011 4:02:21 AM org.apache.catalina.startup.HostConfig deployDirectory
INFO: Deploying web application directory new-theme
29 Jul, 2011 4:02:23 AM org.apache.catalina.startup.HostConfig deployDirectory
INFO: Deploying web application directory opensocial-portlet
29 Jul, 2011 4:02:35 AM org.apache.catalina.startup.HostConfig deployDirectory
INFO: Deploying web application directory past-issues-new-portlet
29 Jul, 2011 4:02:36 AM org.apache.catalina.startup.HostConfig deployDirectory
INFO: Deploying web application directory past-issues-portlet
29 Jul, 2011 4:02:36 AM org.apache.catalina.startup.HostConfig deployDirectory
INFO: Deploying web application directory sample-theme
29 Jul, 2011 4:02:38 AM org.apache.catalina.startup.HostConfig deployDirectory
INFO: Deploying web application directory sample-theme-envision
29 Jul, 2011 4:02:39 AM org.apache.catalina.startup.HostConfig deployDirectory
INFO: Deploying web application directory social-networking-portlet
29 Jul, 2011 4:02:43 AM org.apache.catalina.startup.HostConfig deployDirectory
INFO: Deploying web application directory titan-theme
29 Jul, 2011 4:02:45 AM org.apache.catalina.startup.HostConfig deployDirectory
INFO: Deploying web application directory tunnel-web
29 Jul, 2011 4:02:49 AM org.apache.catalina.startup.HostConfig deployDirectory
INFO: Deploying web application directory web-form-portlet
29 Jul, 2011 4:02:50 AM org.apache.catalina.startup.HostConfig deployDirectory
INFO: Deploying web application directory wordpress-twenty-ten-theme
29 Jul, 2011 4:02:51 AM org.apache.catalina.startup.HostConfig deployDirectory
INFO: Deploying web application directory wsrp-portlet
29 Jul, 2011 4:02:55 AM org.apache.catalina.startup.HostConfig deployDirectory
INFO: Deploying web application directory ymd-theme
29 Jul, 2011 4:02:56 AM org.apache.coyote.http11.Http11Protocol start
INFO: Starting Coyote HTTP/1.1 on http-8080
29 Jul, 2011 4:02:57 AM org.apache.jk.common.ChannelSocket init
INFO: JK: ajp13 listening on /0.0.0.0:8009
29 Jul, 2011 4:02:57 AM org.apache.jk.server.JkMain start
INFO: Jk running ID=0 time=0/39  config=null
29 Jul, 2011 4:02:57 AM org.apache.catalina.startup.Catalina start
INFO: Server startup in 149296 ms
29 Jul, 2011 4:25:31 AM org.apache.catalina.core.AprLifecycleListener init
INFO: The APR based Apache Tomcat Native library which allows optimal performance in production environments was not found on the java.library.path: E:\liferay-portal-6.0.6\tomcat-6.0.29\jre1.6.0_20\win\bin;.;C:\Windows\Sun\Java\bin;C:\Windows\system32;C:\Windows;C:\Program Files\Common Files\Microsoft Shared\Windows Live;C:\Windows\system32;C:\Windows;C:\Windows\System32\Wbem;C:\Windows\System32\WindowsPowerShell\v1.0\;C:\Program Files\WIDCOMM\Bluetooth Software\;C:\Program Files\WIDCOMM\Bluetooth Software\syswow64;\;C:\Program Files (x86)\Sony\VAIO Startup Setting Tool;C:\Program Files (x86)\Java\jdk1.6.0_26\bin;C:\Python27;C:\Python27\Lib\site-packages\django\bin;C:\Python27\Lib\site-packages\pyfacebook\bin;C:\apache-ant-1.7.1\bin;C:\opt\mysql\bin;C:\opt\apache-maven-2.2.1\bin;C:\opt\svn\bin\;E:\liferay-portal-6.0.6\tomcat-6.0.29\bin;C:\Program Files (x86)\PostgreSQL\8.3\bin;C:\Ruby187\bin;C:\Program Files (x86)\Mercurial
29 Jul, 2011 4:25:32 AM org.apache.coyote.http11.Http11Protocol init
INFO: Initializing Coyote HTTP/1.1 on http-8080
29 Jul, 2011 4:25:32 AM org.apache.catalina.startup.Catalina load
INFO: Initialization processed in 1631 ms
29 Jul, 2011 4:25:32 AM org.apache.catalina.core.StandardService start
INFO: Starting service Catalina
29 Jul, 2011 4:25:32 AM org.apache.catalina.core.StandardEngine start
INFO: Starting Servlet Engine: Apache Tomcat/6.0.29
29 Jul, 2011 4:25:32 AM org.apache.catalina.startup.HostConfig deployDescriptor
INFO: Deploying configuration descriptor ROOT.xml
29 Jul, 2011 4:26:50 AM org.apache.catalina.startup.HostConfig deployDirectory
INFO: Deploying web application directory bright-pixel
29 Jul, 2011 4:26:52 AM org.apache.catalina.startup.HostConfig deployDirectory
INFO: Deploying web application directory bright-pixel-theme
29 Jul, 2011 4:26:53 AM org.apache.catalina.startup.HostConfig deployDirectory
INFO: Deploying web application directory chat-portlet
29 Jul, 2011 4:26:56 AM org.apache.catalina.startup.HostConfig deployDirectory
INFO: Deploying web application directory default-site-templates-hook
29 Jul, 2011 4:26:58 AM org.apache.catalina.startup.HostConfig deployDirectory
INFO: Deploying web application directory google-maps-portlet
29 Jul, 2011 4:26:59 AM org.apache.catalina.startup.HostConfig deployDirectory
INFO: Deploying web application directory jedi-theme
29 Jul, 2011 4:27:00 AM org.apache.catalina.startup.HostConfig deployDirectory
INFO: Deploying web application directory kaleo-web
29 Jul, 2011 4:27:10 AM org.apache.catalina.startup.HostConfig deployDirectory
INFO: Deploying web application directory mail-portlet
29 Jul, 2011 4:27:13 AM org.apache.catalina.startup.HostConfig deployDirectory
INFO: Deploying web application directory my-layout
29 Jul, 2011 4:27:15 AM org.apache.catalina.startup.HostConfig deployDirectory
INFO: Deploying web application directory mytheme
29 Jul, 2011 4:27:16 AM org.apache.catalina.startup.HostConfig deployDirectory
INFO: Deploying web application directory New Template
29 Jul, 2011 4:27:16 AM org.apache.catalina.startup.HostConfig deployDirectory
INFO: Deploying web application directory new-theme
29 Jul, 2011 4:27:18 AM org.apache.catalina.startup.HostConfig deployDirectory
INFO: Deploying web application directory opensocial-portlet
29 Jul, 2011 4:27:30 AM org.apache.catalina.startup.HostConfig deployDirectory
INFO: Deploying web application directory past-issues-new-portlet
29 Jul, 2011 4:27:31 AM org.apache.catalina.startup.HostConfig deployDirectory
INFO: Deploying web application directory past-issues-portlet
29 Jul, 2011 4:27:31 AM org.apache.catalina.startup.HostConfig deployDirectory
INFO: Deploying web application directory sample-theme
29 Jul, 2011 4:27:32 AM org.apache.catalina.startup.HostConfig deployDirectory
INFO: Deploying web application directory sample-theme-envision
29 Jul, 2011 4:27:33 AM org.apache.catalina.startup.HostConfig deployDirectory
INFO: Deploying web application directory social-networking-portlet
29 Jul, 2011 4:27:37 AM org.apache.catalina.startup.HostConfig deployDirectory
INFO: Deploying web application directory titan-theme
29 Jul, 2011 4:27:38 AM org.apache.catalina.startup.HostConfig deployDirectory
INFO: Deploying web application directory tunnel-web
29 Jul, 2011 4:27:45 AM org.apache.catalina.startup.HostConfig deployDirectory
INFO: Deploying web application directory web-form-portlet
29 Jul, 2011 4:27:47 AM org.apache.catalina.startup.HostConfig deployDirectory
INFO: Deploying web application directory wordpress-twenty-ten-theme
29 Jul, 2011 4:27:49 AM org.apache.catalina.startup.HostConfig deployDirectory
INFO: Deploying web application directory wsrp-portlet
29 Jul, 2011 4:27:53 AM org.apache.catalina.startup.HostConfig deployDirectory
INFO: Deploying web application directory ymd-theme
29 Jul, 2011 4:27:54 AM org.apache.coyote.http11.Http11Protocol start
INFO: Starting Coyote HTTP/1.1 on http-8080
29 Jul, 2011 4:27:55 AM org.apache.jk.common.ChannelSocket init
INFO: JK: ajp13 listening on /0.0.0.0:8009
29 Jul, 2011 4:27:55 AM org.apache.jk.server.JkMain start
INFO: Jk running ID=0 time=0/112  config=null
29 Jul, 2011 4:27:55 AM org.apache.catalina.startup.Catalina start
INFO: Server startup in 143012 ms
29 Jul, 2011 4:33:32 AM org.apache.catalina.core.AprLifecycleListener init
INFO: The APR based Apache Tomcat Native library which allows optimal performance in production environments was not found on the java.library.path: E:\liferay-portal-6.0.6\tomcat-6.0.29\jre1.6.0_20\win\bin;.;C:\Windows\Sun\Java\bin;C:\Windows\system32;C:\Windows;C:\Program Files\Common Files\Microsoft Shared\Windows Live;C:\Windows\system32;C:\Windows;C:\Windows\System32\Wbem;C:\Windows\System32\WindowsPowerShell\v1.0\;C:\Program Files\WIDCOMM\Bluetooth Software\;C:\Program Files\WIDCOMM\Bluetooth Software\syswow64;\;C:\Program Files (x86)\Sony\VAIO Startup Setting Tool;C:\Program Files (x86)\Java\jdk1.6.0_26\bin;C:\Python27;C:\Python27\Lib\site-packages\django\bin;C:\Python27\Lib\site-packages\pyfacebook\bin;C:\apache-ant-1.7.1\bin;C:\opt\mysql\bin;C:\opt\apache-maven-2.2.1\bin;C:\opt\svn\bin\;E:\liferay-portal-6.0.6\tomcat-6.0.29\bin;C:\Program Files (x86)\PostgreSQL\8.3\bin;C:\Ruby187\bin;C:\Program Files (x86)\Mercurial
29 Jul, 2011 4:33:32 AM org.apache.coyote.http11.Http11Protocol init
INFO: Initializing Coyote HTTP/1.1 on http-8080
29 Jul, 2011 4:33:32 AM org.apache.catalina.startup.Catalina load
INFO: Initialization processed in 1065 ms
29 Jul, 2011 4:33:32 AM org.apache.catalina.core.StandardService start
INFO: Starting service Catalina
29 Jul, 2011 4:33:32 AM org.apache.catalina.core.StandardEngine start
INFO: Starting Servlet Engine: Apache Tomcat/6.0.29
29 Jul, 2011 4:33:32 AM org.apache.catalina.startup.HostConfig deployDescriptor
INFO: Deploying configuration descriptor ROOT.xml
29 Jul, 2011 4:34:25 AM org.apache.catalina.startup.HostConfig deployDirectory
INFO: Deploying web application directory bright-pixel
29 Jul, 2011 4:34:27 AM org.apache.catalina.startup.HostConfig deployDirectory
INFO: Deploying web application directory bright-pixel-theme
29 Jul, 2011 4:34:28 AM org.apache.catalina.startup.HostConfig deployDirectory
INFO: Deploying web application directory chat-portlet
29 Jul, 2011 4:34:30 AM org.apache.catalina.startup.HostConfig deployDirectory
INFO: Deploying web application directory default-site-templates-hook
29 Jul, 2011 4:34:30 AM org.apache.catalina.startup.HostConfig deployDirectory
INFO: Deploying web application directory google-maps-portlet
29 Jul, 2011 4:34:31 AM org.apache.catalina.startup.HostConfig deployDirectory
INFO: Deploying web application directory jedi-theme
29 Jul, 2011 4:34:37 AM org.apache.catalina.startup.HostConfig deployDirectory
INFO: Deploying web application directory kaleo-web
29 Jul, 2011 4:34:43 AM org.apache.catalina.startup.HostConfig deployDirectory
INFO: Deploying web application directory mail-portlet
29 Jul, 2011 4:34:46 AM org.apache.catalina.startup.HostConfig deployDirectory
INFO: Deploying web application directory my-layout
29 Jul, 2011 4:34:47 AM org.apache.catalina.startup.HostConfig deployDirectory
INFO: Deploying web application directory mytheme
29 Jul, 2011 4:34:48 AM org.apache.catalina.startup.HostConfig deployDirectory
INFO: Deploying web application directory New Template
29 Jul, 2011 4:34:48 AM org.apache.catalina.startup.HostConfig deployDirectory
INFO: Deploying web application directory new-theme
29 Jul, 2011 4:34:49 AM org.apache.catalina.startup.HostConfig deployDirectory
INFO: Deploying web application directory opensocial-portlet
29 Jul, 2011 4:35:00 AM org.apache.catalina.startup.HostConfig deployDirectory
INFO: Deploying web application directory past-issues-new-portlet
29 Jul, 2011 4:35:01 AM org.apache.catalina.startup.HostConfig deployDirectory
INFO: Deploying web application directory past-issues-portlet
29 Jul, 2011 4:35:01 AM org.apache.catalina.startup.HostConfig deployDirectory
INFO: Deploying web application directory sample-theme
29 Jul, 2011 4:35:02 AM org.apache.catalina.startup.HostConfig deployDirectory
INFO: Deploying web application directory sample-theme-envision
29 Jul, 2011 4:35:03 AM org.apache.catalina.startup.HostConfig deployDirectory
INFO: Deploying web application directory social-networking-portlet
29 Jul, 2011 4:35:05 AM org.apache.catalina.startup.HostConfig deployDirectory
INFO: Deploying web application directory titan-theme
29 Jul, 2011 4:35:06 AM org.apache.catalina.startup.HostConfig deployDirectory
INFO: Deploying web application directory tunnel-web
29 Jul, 2011 4:35:09 AM org.apache.catalina.startup.HostConfig deployDirectory
INFO: Deploying web application directory web-form-portlet
29 Jul, 2011 4:35:10 AM org.apache.catalina.startup.HostConfig deployDirectory
INFO: Deploying web application directory wordpress-twenty-ten-theme
29 Jul, 2011 4:35:11 AM org.apache.catalina.startup.HostConfig deployDirectory
INFO: Deploying web application directory wsrp-portlet
29 Jul, 2011 4:35:14 AM org.apache.catalina.startup.HostConfig deployDirectory
INFO: Deploying web application directory ymd-theme
29 Jul, 2011 4:35:14 AM org.apache.coyote.http11.Http11Protocol start
INFO: Starting Coyote HTTP/1.1 on http-8080
29 Jul, 2011 4:35:15 AM org.apache.jk.common.ChannelSocket init
INFO: JK: ajp13 listening on /0.0.0.0:8009
29 Jul, 2011 4:35:15 AM org.apache.jk.server.JkMain start
INFO: Jk running ID=0 time=0/732  config=null
29 Jul, 2011 4:35:15 AM org.apache.catalina.startup.Catalina start
INFO: Server startup in 103196 ms
29 Jul, 2011 4:58:52 AM org.apache.coyote.http11.Http11Protocol pause
INFO: Pausing Coyote HTTP/1.1 on http-8080
29 Jul, 2011 4:58:53 AM org.apache.catalina.core.StandardService stop
INFO: Stopping service Catalina
29 Jul, 2011 4:59:05 AM org.apache.catalina.loader.WebappClassLoader clearReferencesThreads
SEVERE: The web application [] is still processing a request that has yet to finish. This is very likely to create a memory leak. You can control the time allowed for requests to finish by using the unloadDelay attribute of the standard Context implementation.
29 Jul, 2011 4:59:28 AM org.apache.catalina.loader.WebappClassLoader clearReferencesThreads
SEVERE: The web application [/opensocial-portlet] appears to have started a thread named [com.google.inject.internal.Finalizer] but has failed to stop it. This is very likely to create a memory leak.
29 Jul, 2011 4:59:28 AM org.apache.catalina.loader.WebappClassLoader clearThreadLocalMap
SEVERE: The web application [/opensocial-portlet] created a ThreadLocal with key of type [null] (value [com.google.inject.InjectorImpl$1@151c408]) and a value of type [java.lang.Object[]] (value [[Ljava.lang.Object;@11d180e]) but failed to remove it when the web application was stopped. This is very likely to create a memory leak.
29 Jul, 2011 4:59:28 AM org.apache.catalina.loader.WebappClassLoader clearThreadLocalMap
SEVERE: The web application [/opensocial-portlet] created a ThreadLocal with key of type [null] (value [org.apache.shindig.common.xml.XmlUtil$2@1166ac9]) and a value of type [org.apache.xerces.jaxp.DocumentBuilderImpl] (value [org.apache.xerces.jaxp.DocumentBuilderImpl@bce805]) but failed to remove it when the web application was stopped. This is very likely to create a memory leak.
29 Jul, 2011 4:59:30 AM org.apache.catalina.loader.WebappClassLoader clearThreadLocalMap
SEVERE: The web application [/wsrp-portlet] created a ThreadLocal with key of type [org.apache.axis.utils.XMLUtils.ThreadLocalDocumentBuilder] (value [org.apache.axis.utils.XMLUtils$ThreadLocalDocumentBuilder@15c8723]) and a value of type [com.sun.org.apache.xerces.internal.jaxp.DocumentBuilderImpl] (value [com.sun.org.apache.xerces.internal.jaxp.DocumentBuilderImpl@1ac13bc]) but failed to remove it when the web application was stopped. This is very likely to create a memory leak.
29 Jul, 2011 4:59:30 AM org.apache.coyote.http11.Http11Protocol destroy
INFO: Stopping Coyote HTTP/1.1 on http-8080
29 Jul, 2011 4:59:40 AM org.apache.catalina.core.AprLifecycleListener init
INFO: The APR based Apache Tomcat Native library which allows optimal performance in production environments was not found on the java.library.path: E:\liferay-portal-6.0.6\tomcat-6.0.29\jre1.6.0_20\win\bin;.;C:\Windows\Sun\Java\bin;C:\Windows\system32;C:\Windows;C:\Program Files\Common Files\Microsoft Shared\Windows Live;C:\Windows\system32;C:\Windows;C:\Windows\System32\Wbem;C:\Windows\System32\WindowsPowerShell\v1.0\;C:\Program Files\WIDCOMM\Bluetooth Software\;C:\Program Files\WIDCOMM\Bluetooth Software\syswow64;\;C:\Program Files (x86)\Sony\VAIO Startup Setting Tool;C:\Program Files (x86)\Java\jdk1.6.0_26\bin;C:\Python27;C:\Python27\Lib\site-packages\django\bin;C:\Python27\Lib\site-packages\pyfacebook\bin;C:\apache-ant-1.7.1\bin;C:\opt\mysql\bin;C:\opt\apache-maven-2.2.1\bin;C:\opt\svn\bin\;E:\liferay-portal-6.0.6\tomcat-6.0.29\bin;C:\Program Files (x86)\PostgreSQL\8.3\bin;C:\Ruby187\bin;C:\Program Files (x86)\Mercurial
29 Jul, 2011 4:59:41 AM org.apache.coyote.http11.Http11Protocol init
INFO: Initializing Coyote HTTP/1.1 on http-8080
29 Jul, 2011 4:59:41 AM org.apache.catalina.startup.Catalina load
INFO: Initialization processed in 1747 ms
29 Jul, 2011 4:59:41 AM org.apache.catalina.core.StandardService start
INFO: Starting service Catalina
29 Jul, 2011 4:59:41 AM org.apache.catalina.core.StandardEngine start
INFO: Starting Servlet Engine: Apache Tomcat/6.0.29
29 Jul, 2011 4:59:41 AM org.apache.catalina.startup.HostConfig deployDescriptor
INFO: Deploying configuration descriptor ROOT.xml
29 Jul, 2011 5:00:39 AM org.apache.catalina.startup.HostConfig deployDirectory
INFO: Deploying web application directory bright-pixel
29 Jul, 2011 5:00:41 AM org.apache.catalina.startup.HostConfig deployDirectory
INFO: Deploying web application directory bright-pixel-theme
29 Jul, 2011 5:00:43 AM org.apache.catalina.startup.HostConfig deployDirectory
INFO: Deploying web application directory chat-portlet
29 Jul, 2011 5:00:46 AM org.apache.catalina.startup.HostConfig deployDirectory
INFO: Deploying web application directory default-site-templates-hook
29 Jul, 2011 5:00:46 AM org.apache.catalina.startup.HostConfig deployDirectory
INFO: Deploying web application directory google-maps-portlet
29 Jul, 2011 5:00:47 AM org.apache.catalina.startup.HostConfig deployDirectory
INFO: Deploying web application directory jedi-theme
29 Jul, 2011 5:00:49 AM org.apache.catalina.startup.HostConfig deployDirectory
INFO: Deploying web application directory kaleo-web
29 Jul, 2011 5:00:56 AM org.apache.catalina.startup.HostConfig deployDirectory
INFO: Deploying web application directory mail-portlet
29 Jul, 2011 5:00:59 AM org.apache.catalina.startup.HostConfig deployDirectory
INFO: Deploying web application directory my-layout
29 Jul, 2011 5:01:00 AM org.apache.catalina.startup.HostConfig deployDirectory
INFO: Deploying web application directory mytheme
29 Jul, 2011 5:01:02 AM org.apache.catalina.startup.HostConfig deployDirectory
INFO: Deploying web application directory New Template
29 Jul, 2011 5:01:02 AM org.apache.catalina.startup.HostConfig deployDirectory
INFO: Deploying web application directory new-theme
29 Jul, 2011 5:01:03 AM org.apache.catalina.startup.HostConfig deployDirectory
INFO: Deploying web application directory opensocial-portlet
29 Jul, 2011 5:01:13 AM org.apache.catalina.startup.HostConfig deployDirectory
INFO: Deploying web application directory past-issues-new-portlet
29 Jul, 2011 5:01:14 AM org.apache.catalina.startup.HostConfig deployDirectory
INFO: Deploying web application directory past-issues-portlet
29 Jul, 2011 5:01:14 AM org.apache.catalina.startup.HostConfig deployDirectory
INFO: Deploying web application directory sample-theme
29 Jul, 2011 5:01:15 AM org.apache.catalina.startup.HostConfig deployDirectory
INFO: Deploying web application directory sample-theme-envision
29 Jul, 2011 5:01:16 AM org.apache.catalina.startup.HostConfig deployDirectory
INFO: Deploying web application directory social-networking-portlet
29 Jul, 2011 5:01:19 AM org.apache.catalina.startup.HostConfig deployDirectory
INFO: Deploying web application directory titan-theme
29 Jul, 2011 5:01:20 AM org.apache.catalina.startup.HostConfig deployDirectory
INFO: Deploying web application directory tunnel-web
29 Jul, 2011 5:01:23 AM org.apache.catalina.startup.HostConfig deployDirectory
INFO: Deploying web application directory web-form-portlet
29 Jul, 2011 5:01:23 AM org.apache.catalina.startup.HostConfig deployDirectory
INFO: Deploying web application directory wordpress-twenty-ten-theme
29 Jul, 2011 5:01:24 AM org.apache.catalina.startup.HostConfig deployDirectory
INFO: Deploying web application directory wsrp-portlet
29 Jul, 2011 5:01:28 AM org.apache.catalina.startup.HostConfig deployDirectory
INFO: Deploying web application directory ymd-theme
29 Jul, 2011 5:01:29 AM org.apache.coyote.http11.Http11Protocol start
INFO: Starting Coyote HTTP/1.1 on http-8080
29 Jul, 2011 5:01:29 AM org.apache.jk.common.ChannelSocket init
INFO: JK: ajp13 listening on /0.0.0.0:8009
29 Jul, 2011 5:01:29 AM org.apache.jk.server.JkMain start
INFO: Jk running ID=0 time=0/51  config=null
29 Jul, 2011 5:01:29 AM org.apache.catalina.startup.Catalina start
INFO: Server startup in 108958 ms
29 Jul, 2011 5:20:48 AM org.apache.coyote.http11.Http11Protocol pause
INFO: Pausing Coyote HTTP/1.1 on http-8080
29 Jul, 2011 5:20:49 AM org.apache.catalina.core.StandardService stop
INFO: Stopping service Catalina
29 Jul, 2011 5:20:54 AM org.apache.catalina.loader.WebappClassLoader clearReferencesThreads
SEVERE: The web application [] is still processing a request that has yet to finish. This is very likely to create a memory leak. You can control the time allowed for requests to finish by using the unloadDelay attribute of the standard Context implementation.
29 Jul, 2011 5:20:54 AM org.apache.catalina.loader.WebappClassLoader clearReferencesThreads
SEVERE: The web application [] appears to have started a thread named [HSQLDB Timer @128340] but has failed to stop it. This is very likely to create a memory leak.
29 Jul, 2011 5:21:01 AM org.apache.catalina.loader.WebappClassLoader clearReferencesThreads
SEVERE: The web application [/opensocial-portlet] appears to have started a thread named [com.google.inject.internal.Finalizer] but has failed to stop it. This is very likely to create a memory leak.
29 Jul, 2011 5:21:01 AM org.apache.catalina.loader.WebappClassLoader clearThreadLocalMap
SEVERE: The web application [/opensocial-portlet] created a ThreadLocal with key of type [null] (value [com.google.inject.InjectorImpl$1@d38409]) and a value of type [java.lang.Object[]] (value [[Ljava.lang.Object;@818d25]) but failed to remove it when the web application was stopped. This is very likely to create a memory leak.
29 Jul, 2011 5:21:01 AM org.apache.catalina.loader.WebappClassLoader clearThreadLocalMap
SEVERE: The web application [/opensocial-portlet] created a ThreadLocal with key of type [null] (value [org.apache.shindig.common.xml.XmlUtil$2@1599f60]) and a value of type [org.apache.xerces.jaxp.DocumentBuilderImpl] (value [org.apache.xerces.jaxp.DocumentBuilderImpl@ee7f4c]) but failed to remove it when the web application was stopped. This is very likely to create a memory leak.
29 Jul, 2011 5:21:02 AM org.apache.catalina.loader.WebappClassLoader clearThreadLocalMap
SEVERE: The web application [/wsrp-portlet] created a ThreadLocal with key of type [org.apache.axis.utils.XMLUtils.ThreadLocalDocumentBuilder] (value [org.apache.axis.utils.XMLUtils$ThreadLocalDocumentBuilder@c0e888]) and a value of type [com.sun.org.apache.xerces.internal.jaxp.DocumentBuilderImpl] (value [com.sun.org.apache.xerces.internal.jaxp.DocumentBuilderImpl@e250b2]) but failed to remove it when the web application was stopped. This is very likely to create a memory leak.
29 Jul, 2011 5:21:02 AM org.apache.coyote.http11.Http11Protocol destroy
INFO: Stopping Coyote HTTP/1.1 on http-8080
29 Jul, 2011 5:22:37 AM org.apache.catalina.core.AprLifecycleListener init
INFO: The APR based Apache Tomcat Native library which allows optimal performance in production environments was not found on the java.library.path: E:\liferay-portal-6.0.6\tomcat-6.0.29\jre1.6.0_20\win\bin;.;C:\Windows\Sun\Java\bin;C:\Windows\system32;C:\Windows;C:\Program Files\Common Files\Microsoft Shared\Windows Live;C:\Windows\system32;C:\Windows;C:\Windows\System32\Wbem;C:\Windows\System32\WindowsPowerShell\v1.0\;C:\Program Files\WIDCOMM\Bluetooth Software\;C:\Program Files\WIDCOMM\Bluetooth Software\syswow64;\;C:\Program Files (x86)\Sony\VAIO Startup Setting Tool;C:\Program Files (x86)\Java\jdk1.6.0_26\bin;C:\Python27;C:\Python27\Lib\site-packages\django\bin;C:\Python27\Lib\site-packages\pyfacebook\bin;C:\apache-ant-1.7.1\bin;C:\opt\mysql\bin;C:\opt\apache-maven-2.2.1\bin;C:\opt\svn\bin\;E:\liferay-portal-6.0.6\tomcat-6.0.29\bin;C:\Program Files (x86)\PostgreSQL\8.3\bin;C:\Ruby187\bin;C:\Program Files (x86)\Mercurial
29 Jul, 2011 5:22:37 AM org.apache.coyote.http11.Http11Protocol init
INFO: Initializing Coyote HTTP/1.1 on http-8080
29 Jul, 2011 5:22:37 AM org.apache.catalina.startup.Catalina load
INFO: Initialization processed in 1010 ms
29 Jul, 2011 5:22:37 AM org.apache.catalina.core.StandardService start
INFO: Starting service Catalina
29 Jul, 2011 5:22:37 AM org.apache.catalina.core.StandardEngine start
INFO: Starting Servlet Engine: Apache Tomcat/6.0.29
29 Jul, 2011 5:22:37 AM org.apache.catalina.startup.HostConfig deployDescriptor
INFO: Deploying configuration descriptor ROOT.xml
29 Jul, 2011 5:23:21 AM org.apache.catalina.startup.HostConfig deployDirectory
INFO: Deploying web application directory bright-pixel
29 Jul, 2011 5:23:22 AM org.apache.catalina.startup.HostConfig deployDirectory
INFO: Deploying web application directory bright-pixel-theme
29 Jul, 2011 5:23:23 AM org.apache.catalina.startup.HostConfig deployDirectory
INFO: Deploying web application directory chat-portlet
29 Jul, 2011 5:23:24 AM org.apache.catalina.startup.HostConfig deployDirectory
INFO: Deploying web application directory default-site-templates-hook
29 Jul, 2011 5:23:25 AM org.apache.catalina.startup.HostConfig deployDirectory
INFO: Deploying web application directory google-maps-portlet
29 Jul, 2011 5:23:25 AM org.apache.catalina.startup.HostConfig deployDirectory
INFO: Deploying web application directory jedi-theme
29 Jul, 2011 5:23:26 AM org.apache.catalina.startup.HostConfig deployDirectory
INFO: Deploying web application directory kaleo-web
29 Jul, 2011 5:23:30 AM org.apache.catalina.startup.HostConfig deployDirectory
INFO: Deploying web application directory mail-portlet
29 Jul, 2011 5:23:32 AM org.apache.catalina.startup.HostConfig deployDirectory
INFO: Deploying web application directory my-layout
29 Jul, 2011 5:23:32 AM org.apache.catalina.startup.HostConfig deployDirectory
INFO: Deploying web application directory mytheme
29 Jul, 2011 5:23:33 AM org.apache.catalina.startup.HostConfig deployDirectory
INFO: Deploying web application directory New Template
29 Jul, 2011 5:23:33 AM org.apache.catalina.startup.HostConfig deployDirectory
INFO: Deploying web application directory new-theme
29 Jul, 2011 5:23:33 AM org.apache.catalina.startup.HostConfig deployDirectory
INFO: Deploying web application directory opensocial-portlet
29 Jul, 2011 5:23:48 AM org.apache.catalina.startup.HostConfig deployDirectory
INFO: Deploying web application directory past-issues-new-portlet
29 Jul, 2011 5:23:49 AM org.apache.catalina.startup.HostConfig deployDirectory
INFO: Deploying web application directory past-issues-portlet
29 Jul, 2011 5:23:49 AM org.apache.catalina.startup.HostConfig deployDirectory
INFO: Deploying web application directory sample-theme
29 Jul, 2011 5:23:51 AM org.apache.catalina.startup.HostConfig deployDirectory
INFO: Deploying web application directory sample-theme-envision
29 Jul, 2011 5:23:52 AM org.apache.catalina.startup.HostConfig deployDirectory
INFO: Deploying web application directory social-networking-portlet
29 Jul, 2011 5:23:54 AM org.apache.catalina.startup.HostConfig deployDirectory
INFO: Deploying web application directory titan-theme
29 Jul, 2011 5:23:55 AM org.apache.catalina.startup.HostConfig deployDirectory
INFO: Deploying web application directory tunnel-web
29 Jul, 2011 5:23:58 AM org.apache.catalina.startup.HostConfig deployDirectory
INFO: Deploying web application directory web-form-portlet
29 Jul, 2011 5:23:58 AM org.apache.catalina.startup.HostConfig deployDirectory
INFO: Deploying web application directory wordpress-twenty-ten-theme
29 Jul, 2011 5:23:59 AM org.apache.catalina.startup.HostConfig deployDirectory
INFO: Deploying web application directory wsrp-portlet
29 Jul, 2011 5:24:02 AM org.apache.catalina.startup.HostConfig deployDirectory
INFO: Deploying web application directory ymd-theme
29 Jul, 2011 5:24:03 AM org.apache.coyote.http11.Http11Protocol start
INFO: Starting Coyote HTTP/1.1 on http-8080
29 Jul, 2011 5:24:04 AM org.apache.jk.common.ChannelSocket init
INFO: JK: ajp13 listening on /0.0.0.0:8009
29 Jul, 2011 5:24:04 AM org.apache.jk.server.JkMain start
INFO: Jk running ID=0 time=0/67  config=null
29 Jul, 2011 5:24:04 AM org.apache.catalina.startup.Catalina start
INFO: Server startup in 86524 ms
29 Jul, 2011 5:29:59 AM org.apache.coyote.http11.Http11Protocol pause
INFO: Pausing Coyote HTTP/1.1 on http-8080
29 Jul, 2011 5:30:00 AM org.apache.catalina.core.StandardService stop
INFO: Stopping service Catalina
29 Jul, 2011 5:30:11 AM org.apache.catalina.loader.WebappClassLoader clearReferencesThreads
SEVERE: The web application [/opensocial-portlet] appears to have started a thread named [com.google.inject.internal.Finalizer] but has failed to stop it. This is very likely to create a memory leak.
29 Jul, 2011 5:30:11 AM org.apache.catalina.loader.WebappClassLoader clearThreadLocalMap
SEVERE: The web application [/opensocial-portlet] created a ThreadLocal with key of type [null] (value [com.google.inject.InjectorImpl$1@1037955]) and a value of type [java.lang.Object[]] (value [[Ljava.lang.Object;@112d07c]) but failed to remove it when the web application was stopped. This is very likely to create a memory leak.
29 Jul, 2011 5:30:11 AM org.apache.catalina.loader.WebappClassLoader clearThreadLocalMap
SEVERE: The web application [/opensocial-portlet] created a ThreadLocal with key of type [null] (value [org.apache.shindig.common.xml.XmlUtil$2@358ee1]) and a value of type [org.apache.xerces.jaxp.DocumentBuilderImpl] (value [org.apache.xerces.jaxp.DocumentBuilderImpl@376a66]) but failed to remove it when the web application was stopped. This is very likely to create a memory leak.
29 Jul, 2011 5:30:13 AM org.apache.catalina.loader.WebappClassLoader clearThreadLocalMap
SEVERE: The web application [/wsrp-portlet] created a ThreadLocal with key of type [org.apache.axis.utils.XMLUtils.ThreadLocalDocumentBuilder] (value [org.apache.axis.utils.XMLUtils$ThreadLocalDocumentBuilder@2103fb]) and a value of type [com.sun.org.apache.xerces.internal.jaxp.DocumentBuilderImpl] (value [com.sun.org.apache.xerces.internal.jaxp.DocumentBuilderImpl@18c7ddc]) but failed to remove it when the web application was stopped. This is very likely to create a memory leak.
29 Jul, 2011 5:30:14 AM org.apache.coyote.http11.Http11Protocol destroy
INFO: Stopping Coyote HTTP/1.1 on http-8080
29 Jul, 2011 5:33:17 AM org.apache.catalina.core.AprLifecycleListener init
INFO: The APR based Apache Tomcat Native library which allows optimal performance in production environments was not found on the java.library.path: E:\liferay-portal-6.0.6\tomcat-6.0.29\jre1.6.0_20\win\bin;.;C:\Windows\Sun\Java\bin;C:\Windows\system32;C:\Windows;C:\Program Files\Common Files\Microsoft Shared\Windows Live;C:\Windows\system32;C:\Windows;C:\Windows\System32\Wbem;C:\Windows\System32\WindowsPowerShell\v1.0\;C:\Program Files\WIDCOMM\Bluetooth Software\;C:\Program Files\WIDCOMM\Bluetooth Software\syswow64;\;C:\Program Files (x86)\Sony\VAIO Startup Setting Tool;C:\Program Files (x86)\Java\jdk1.6.0_26\bin;C:\Python27;C:\Python27\Lib\site-packages\django\bin;C:\Python27\Lib\site-packages\pyfacebook\bin;C:\apache-ant-1.7.1\bin;C:\opt\mysql\bin;C:\opt\apache-maven-2.2.1\bin;C:\opt\svn\bin\;E:\liferay-portal-6.0.6\tomcat-6.0.29\bin;C:\Program Files (x86)\PostgreSQL\8.3\bin;C:\Ruby187\bin;C:\Program Files (x86)\Mercurial
29 Jul, 2011 5:33:18 AM org.apache.coyote.http11.Http11Protocol init
INFO: Initializing Coyote HTTP/1.1 on http-8080
29 Jul, 2011 5:33:18 AM org.apache.catalina.startup.Catalina load
INFO: Initialization processed in 1055 ms
29 Jul, 2011 5:33:18 AM org.apache.catalina.core.StandardService start
INFO: Starting service Catalina
29 Jul, 2011 5:33:18 AM org.apache.catalina.core.StandardEngine start
INFO: Starting Servlet Engine: Apache Tomcat/6.0.29
29 Jul, 2011 5:33:18 AM org.apache.catalina.startup.HostConfig deployDescriptor
INFO: Deploying configuration descriptor ROOT.xml
29 Jul, 2011 5:34:06 AM org.apache.catalina.startup.HostConfig deployDirectory
INFO: Deploying web application directory bright-pixel
29 Jul, 2011 5:34:07 AM org.apache.catalina.startup.HostConfig deployDirectory
INFO: Deploying web application directory bright-pixel-theme
29 Jul, 2011 5:34:09 AM org.apache.catalina.startup.HostConfig deployDirectory
INFO: Deploying web application directory chat-portlet
29 Jul, 2011 5:34:10 AM org.apache.catalina.startup.HostConfig deployDirectory
INFO: Deploying web application directory default-site-templates-hook
29 Jul, 2011 5:34:11 AM org.apache.catalina.startup.HostConfig deployDirectory
INFO: Deploying web application directory google-maps-portlet
29 Jul, 2011 5:34:11 AM org.apache.catalina.startup.HostConfig deployDirectory
INFO: Deploying web application directory jedi-theme
29 Jul, 2011 5:34:13 AM org.apache.catalina.startup.HostConfig deployDirectory
INFO: Deploying web application directory kaleo-web
29 Jul, 2011 5:34:22 AM org.apache.catalina.startup.HostConfig deployDirectory
INFO: Deploying web application directory mail-portlet
29 Jul, 2011 5:34:25 AM org.apache.catalina.startup.HostConfig deployDirectory
INFO: Deploying web application directory my-layout
29 Jul, 2011 5:34:26 AM org.apache.catalina.startup.HostConfig deployDirectory
INFO: Deploying web application directory mytheme
29 Jul, 2011 5:34:27 AM org.apache.catalina.startup.HostConfig deployDirectory
INFO: Deploying web application directory New Template
29 Jul, 2011 5:34:27 AM org.apache.catalina.startup.HostConfig deployDirectory
INFO: Deploying web application directory new-theme
29 Jul, 2011 5:34:28 AM org.apache.catalina.startup.HostConfig deployDirectory
INFO: Deploying web application directory opensocial-portlet
29 Jul, 2011 5:34:37 AM org.apache.catalina.startup.HostConfig deployDirectory
INFO: Deploying web application directory past-issues-new-portlet
29 Jul, 2011 5:34:37 AM org.apache.catalina.startup.HostConfig deployDirectory
INFO: Deploying web application directory past-issues-portlet
29 Jul, 2011 5:34:38 AM org.apache.catalina.startup.HostConfig deployDirectory
INFO: Deploying web application directory sample-theme
29 Jul, 2011 5:34:39 AM org.apache.catalina.startup.HostConfig deployDirectory
INFO: Deploying web application directory sample-theme-envision
29 Jul, 2011 5:34:39 AM org.apache.catalina.startup.HostConfig deployDirectory
INFO: Deploying web application directory social-networking-portlet
29 Jul, 2011 5:34:42 AM org.apache.catalina.startup.HostConfig deployDirectory
INFO: Deploying web application directory titan-theme
29 Jul, 2011 5:34:43 AM org.apache.catalina.startup.HostConfig deployDirectory
INFO: Deploying web application directory tunnel-web
29 Jul, 2011 5:34:47 AM org.apache.catalina.startup.HostConfig deployDirectory
INFO: Deploying web application directory web-form-portlet
29 Jul, 2011 5:34:49 AM org.apache.catalina.startup.HostConfig deployDirectory
INFO: Deploying web application directory wordpress-twenty-ten-theme
29 Jul, 2011 5:34:51 AM org.apache.catalina.startup.HostConfig deployDirectory
INFO: Deploying web application directory wsrp-portlet
29 Jul, 2011 5:34:54 AM org.apache.catalina.startup.HostConfig deployDirectory
INFO: Deploying web application directory ymd-theme
29 Jul, 2011 5:34:55 AM org.apache.coyote.http11.Http11Protocol start
INFO: Starting Coyote HTTP/1.1 on http-8080
29 Jul, 2011 5:34:56 AM org.apache.jk.common.ChannelSocket init
INFO: JK: ajp13 listening on /0.0.0.0:8009
29 Jul, 2011 5:34:56 AM org.apache.jk.server.JkMain start
INFO: Jk running ID=0 time=0/21  config=null
29 Jul, 2011 5:34:56 AM org.apache.catalina.startup.Catalina start
INFO: Server startup in 98249 ms
29 Jul, 2011 5:46:13 AM org.apache.catalina.core.AprLifecycleListener init
INFO: The APR based Apache Tomcat Native library which allows optimal performance in production environments was not found on the java.library.path: E:\liferay-portal-6.0.6\tomcat-6.0.29\jre1.6.0_20\win\bin;.;C:\Windows\Sun\Java\bin;C:\Windows\system32;C:\Windows;C:\Program Files\Common Files\Microsoft Shared\Windows Live;C:\Windows\system32;C:\Windows;C:\Windows\System32\Wbem;C:\Windows\System32\WindowsPowerShell\v1.0\;C:\Program Files\WIDCOMM\Bluetooth Software\;C:\Program Files\WIDCOMM\Bluetooth Software\syswow64;\;C:\Program Files (x86)\Sony\VAIO Startup Setting Tool;C:\Program Files (x86)\Java\jdk1.6.0_26\bin;C:\Python27;C:\Python27\Lib\site-packages\django\bin;C:\Python27\Lib\site-packages\pyfacebook\bin;C:\apache-ant-1.7.1\bin;C:\opt\mysql\bin;C:\opt\apache-maven-2.2.1\bin;C:\opt\svn\bin\;E:\liferay-portal-6.0.6\tomcat-6.0.29\bin;C:\Program Files (x86)\PostgreSQL\8.3\bin;C:\Ruby187\bin;C:\Program Files (x86)\Mercurial
29 Jul, 2011 5:46:13 AM org.apache.coyote.http11.Http11Protocol init
INFO: Initializing Coyote HTTP/1.1 on http-8080
29 Jul, 2011 5:46:13 AM org.apache.catalina.startup.Catalina load
INFO: Initialization processed in 1123 ms
29 Jul, 2011 5:46:14 AM org.apache.catalina.core.StandardService start
INFO: Starting service Catalina
29 Jul, 2011 5:46:14 AM org.apache.catalina.core.StandardEngine start
INFO: Starting Servlet Engine: Apache Tomcat/6.0.29
29 Jul, 2011 5:46:14 AM org.apache.catalina.startup.HostConfig deployDescriptor
INFO: Deploying configuration descriptor ROOT.xml
29 Jul, 2011 5:46:57 AM org.apache.catalina.startup.HostConfig deployDirectory
INFO: Deploying web application directory bright-pixel
29 Jul, 2011 5:46:59 AM org.apache.catalina.startup.HostConfig deployDirectory
INFO: Deploying web application directory bright-pixel-theme
29 Jul, 2011 5:47:00 AM org.apache.catalina.startup.HostConfig deployDirectory
INFO: Deploying web application directory chat-portlet
29 Jul, 2011 5:47:02 AM org.apache.catalina.startup.HostConfig deployDirectory
INFO: Deploying web application directory default-site-templates-hook
29 Jul, 2011 5:47:02 AM org.apache.catalina.startup.HostConfig deployDirectory
INFO: Deploying web application directory google-maps-portlet
29 Jul, 2011 5:47:03 AM org.apache.catalina.startup.HostConfig deployDirectory
INFO: Deploying web application directory jedi-theme
29 Jul, 2011 5:47:04 AM org.apache.catalina.startup.HostConfig deployDirectory
INFO: Deploying web application directory kaleo-web
29 Jul, 2011 5:47:09 AM org.apache.catalina.startup.HostConfig deployDirectory
INFO: Deploying web application directory mail-portlet
29 Jul, 2011 5:47:17 AM org.apache.catalina.startup.HostConfig deployDirectory
INFO: Deploying web application directory my-layout
29 Jul, 2011 5:47:17 AM org.apache.catalina.startup.HostConfig deployDirectory
INFO: Deploying web application directory mytheme
29 Jul, 2011 5:47:18 AM org.apache.catalina.startup.HostConfig deployDirectory
INFO: Deploying web application directory New Template
29 Jul, 2011 5:47:18 AM org.apache.catalina.startup.HostConfig deployDirectory
INFO: Deploying web application directory new-theme
29 Jul, 2011 5:47:19 AM org.apache.catalina.startup.HostConfig deployDirectory
INFO: Deploying web application directory opensocial-portlet
29 Jul, 2011 5:47:28 AM org.apache.catalina.startup.HostConfig deployDirectory
INFO: Deploying web application directory past-issues-new-portlet
29 Jul, 2011 5:47:29 AM org.apache.catalina.startup.HostConfig deployDirectory
INFO: Deploying web application directory past-issues-portlet
29 Jul, 2011 5:47:29 AM org.apache.catalina.startup.HostConfig deployDirectory
INFO: Deploying web application directory sample-theme
29 Jul, 2011 5:47:30 AM org.apache.catalina.startup.HostConfig deployDirectory
INFO: Deploying web application directory sample-theme-envision
29 Jul, 2011 5:47:30 AM org.apache.catalina.startup.HostConfig deployDirectory
INFO: Deploying web application directory social-networking-portlet
29 Jul, 2011 5:47:33 AM org.apache.catalina.startup.HostConfig deployDirectory
INFO: Deploying web application directory titan-theme
29 Jul, 2011 5:47:33 AM org.apache.catalina.startup.HostConfig deployDirectory
INFO: Deploying web application directory tunnel-web
29 Jul, 2011 5:47:36 AM org.apache.catalina.startup.HostConfig deployDirectory
INFO: Deploying web application directory web-form-portlet
29 Jul, 2011 5:47:37 AM org.apache.catalina.startup.HostConfig deployDirectory
INFO: Deploying web application directory wordpress-twenty-ten-theme
29 Jul, 2011 5:47:38 AM org.apache.catalina.startup.HostConfig deployDirectory
INFO: Deploying web application directory wsrp-portlet
29 Jul, 2011 5:47:40 AM org.apache.catalina.startup.HostConfig deployDirectory
INFO: Deploying web application directory ymd-theme
29 Jul, 2011 5:47:41 AM org.apache.coyote.http11.Http11Protocol start
INFO: Starting Coyote HTTP/1.1 on http-8080
29 Jul, 2011 5:47:42 AM org.apache.jk.common.ChannelSocket init
INFO: JK: ajp13 listening on /0.0.0.0:8009
29 Jul, 2011 5:47:42 AM org.apache.jk.server.JkMain start
INFO: Jk running ID=0 time=0/711  config=null
29 Jul, 2011 5:47:42 AM org.apache.catalina.startup.Catalina start
INFO: Server startup in 88374 ms
