3 Aug, 2011 5:19:55 AM org.apache.catalina.core.AprLifecycleListener init
INFO: The APR based Apache Tomcat Native library which allows optimal performance in production environments was not found on the java.library.path: E:\liferay-portal-6.0.6\tomcat-6.0.29\jre1.6.0_20\win\bin;.;C:\Windows\Sun\Java\bin;C:\Windows\system32;C:\Windows;C:\Program Files\Common Files\Microsoft Shared\Windows Live;C:\Windows\system32;C:\Windows;C:\Windows\System32\Wbem;C:\Windows\System32\WindowsPowerShell\v1.0\;C:\Program Files\WIDCOMM\Bluetooth Software\;C:\Program Files\WIDCOMM\Bluetooth Software\syswow64;\;C:\Program Files (x86)\Sony\VAIO Startup Setting Tool;C:\Program Files (x86)\Java\jdk1.6.0_26\bin;C:\Python27;C:\Python27\Lib\site-packages\django\bin;C:\Python27\Lib\site-packages\pyfacebook\bin;C:\apache-ant-1.7.1\bin;C:\opt\mysql\bin;C:\opt\apache-maven-2.2.1\bin;C:\opt\svn\bin\;E:\liferay-portal-6.0.6\tomcat-6.0.29\bin;C:\Program Files (x86)\PostgreSQL\8.3\bin;C:\Ruby187\bin;C:\Program Files (x86)\Mercurial
3 Aug, 2011 5:19:56 AM org.apache.coyote.http11.Http11Protocol init
INFO: Initializing Coyote HTTP/1.1 on http-8080
3 Aug, 2011 5:19:56 AM org.apache.catalina.startup.Catalina load
INFO: Initialization processed in 1434 ms
3 Aug, 2011 5:19:56 AM org.apache.catalina.core.StandardService start
INFO: Starting service Catalina
3 Aug, 2011 5:19:56 AM org.apache.catalina.core.StandardEngine start
INFO: Starting Servlet Engine: Apache Tomcat/6.0.29
3 Aug, 2011 5:19:56 AM org.apache.catalina.startup.HostConfig deployDescriptor
INFO: Deploying configuration descriptor ROOT.xml
3 Aug, 2011 5:21:26 AM org.apache.catalina.startup.HostConfig deployDirectory
INFO: Deploying web application directory bright-pixel
3 Aug, 2011 5:21:28 AM org.apache.catalina.startup.HostConfig deployDirectory
INFO: Deploying web application directory bright-pixel-theme
3 Aug, 2011 5:21:31 AM org.apache.catalina.startup.HostConfig deployDirectory
INFO: Deploying web application directory chat-portlet
3 Aug, 2011 5:21:35 AM org.apache.catalina.startup.HostConfig deployDirectory
INFO: Deploying web application directory default-site-templates-hook
3 Aug, 2011 5:21:35 AM org.apache.catalina.startup.HostConfig deployDirectory
INFO: Deploying web application directory google-maps-portlet
3 Aug, 2011 5:21:36 AM org.apache.catalina.startup.HostConfig deployDirectory
INFO: Deploying web application directory jedi-theme
3 Aug, 2011 5:21:38 AM org.apache.catalina.startup.HostConfig deployDirectory
INFO: Deploying web application directory kaleo-web
3 Aug, 2011 5:21:50 AM org.apache.catalina.startup.HostConfig deployDirectory
INFO: Deploying web application directory mail-portlet
3 Aug, 2011 5:21:54 AM org.apache.catalina.startup.HostConfig deployDirectory
INFO: Deploying web application directory my-layout
3 Aug, 2011 5:21:55 AM org.apache.catalina.startup.HostConfig deployDirectory
INFO: Deploying web application directory mytheme
3 Aug, 2011 5:21:56 AM org.apache.catalina.startup.HostConfig deployDirectory
INFO: Deploying web application directory New Template
3 Aug, 2011 5:21:57 AM org.apache.catalina.startup.HostConfig deployDirectory
INFO: Deploying web application directory new-theme
3 Aug, 2011 5:21:58 AM org.apache.catalina.startup.HostConfig deployDirectory
INFO: Deploying web application directory opensocial-portlet
3 Aug, 2011 5:22:14 AM org.apache.catalina.startup.HostConfig deployDirectory
INFO: Deploying web application directory past-issues-new-portlet
3 Aug, 2011 5:22:15 AM org.apache.catalina.startup.HostConfig deployDirectory
INFO: Deploying web application directory past-issues-portlet
3 Aug, 2011 5:22:15 AM org.apache.catalina.startup.HostConfig deployDirectory
INFO: Deploying web application directory sample-theme
3 Aug, 2011 5:22:16 AM org.apache.catalina.startup.HostConfig deployDirectory
INFO: Deploying web application directory sample-theme-envision
3 Aug, 2011 5:22:17 AM org.apache.catalina.startup.HostConfig deployDirectory
INFO: Deploying web application directory social-networking-portlet
3 Aug, 2011 5:22:22 AM org.apache.catalina.startup.HostConfig deployDirectory
INFO: Deploying web application directory titan-theme
3 Aug, 2011 5:22:23 AM org.apache.catalina.startup.HostConfig deployDirectory
INFO: Deploying web application directory tunnel-web
3 Aug, 2011 5:22:27 AM org.apache.catalina.startup.HostConfig deployDirectory
INFO: Deploying web application directory web-form-portlet
3 Aug, 2011 5:22:29 AM org.apache.catalina.startup.HostConfig deployDirectory
INFO: Deploying web application directory wordpress-twenty-ten-theme
3 Aug, 2011 5:22:32 AM org.apache.catalina.startup.HostConfig deployDirectory
INFO: Deploying web application directory wsrp-portlet
3 Aug, 2011 5:22:35 AM org.apache.catalina.startup.HostConfig deployDirectory
INFO: Deploying web application directory ymd-theme
3 Aug, 2011 5:22:38 AM org.apache.coyote.http11.Http11Protocol start
INFO: Starting Coyote HTTP/1.1 on http-8080
3 Aug, 2011 5:22:39 AM org.apache.jk.common.ChannelSocket init
INFO: JK: ajp13 listening on /0.0.0.0:8009
3 Aug, 2011 5:22:39 AM org.apache.jk.server.JkMain start
INFO: Jk running ID=0 time=1/680  config=null
3 Aug, 2011 5:22:39 AM org.apache.catalina.startup.Catalina start
INFO: Server startup in 163600 ms
3 Aug, 2011 5:54:03 AM org.apache.coyote.http11.Http11Protocol pause
INFO: Pausing Coyote HTTP/1.1 on http-8080
3 Aug, 2011 5:54:04 AM org.apache.catalina.core.StandardService stop
INFO: Stopping service Catalina
3 Aug, 2011 5:54:21 AM org.apache.catalina.loader.WebappClassLoader clearReferencesThreads
SEVERE: The web application [] is still processing a request that has yet to finish. This is very likely to create a memory leak. You can control the time allowed for requests to finish by using the unloadDelay attribute of the standard Context implementation.
3 Aug, 2011 5:54:21 AM org.apache.catalina.loader.WebappClassLoader clearReferencesThreads
SEVERE: The web application [] appears to have started a thread named [HSQLDB Timer @37dde9] but has failed to stop it. This is very likely to create a memory leak.
3 Aug, 2011 5:54:43 AM org.apache.catalina.loader.WebappClassLoader clearReferencesThreads
SEVERE: The web application [/opensocial-portlet] appears to have started a thread named [com.google.inject.internal.Finalizer] but has failed to stop it. This is very likely to create a memory leak.
3 Aug, 2011 5:54:43 AM org.apache.catalina.loader.WebappClassLoader clearThreadLocalMap
SEVERE: The web application [/opensocial-portlet] created a ThreadLocal with key of type [null] (value [com.google.inject.InjectorImpl$1@a2aba4]) and a value of type [java.lang.Object[]] (value [[Ljava.lang.Object;@1b2b908]) but failed to remove it when the web application was stopped. This is very likely to create a memory leak.
3 Aug, 2011 5:54:43 AM org.apache.catalina.loader.WebappClassLoader clearThreadLocalMap
SEVERE: The web application [/opensocial-portlet] created a ThreadLocal with key of type [null] (value [org.apache.shindig.common.xml.XmlUtil$2@91dce3]) and a value of type [org.apache.xerces.jaxp.DocumentBuilderImpl] (value [org.apache.xerces.jaxp.DocumentBuilderImpl@3cf3cb]) but failed to remove it when the web application was stopped. This is very likely to create a memory leak.
3 Aug, 2011 5:54:44 AM org.apache.catalina.loader.WebappClassLoader clearThreadLocalMap
SEVERE: The web application [/wsrp-portlet] created a ThreadLocal with key of type [org.apache.axis.utils.XMLUtils.ThreadLocalDocumentBuilder] (value [org.apache.axis.utils.XMLUtils$ThreadLocalDocumentBuilder@ce0df0]) and a value of type [com.sun.org.apache.xerces.internal.jaxp.DocumentBuilderImpl] (value [com.sun.org.apache.xerces.internal.jaxp.DocumentBuilderImpl@1f53830]) but failed to remove it when the web application was stopped. This is very likely to create a memory leak.
3 Aug, 2011 5:54:45 AM org.apache.coyote.http11.Http11Protocol destroy
INFO: Stopping Coyote HTTP/1.1 on http-8080
3 Aug, 2011 5:55:22 AM org.apache.catalina.core.AprLifecycleListener init
INFO: The APR based Apache Tomcat Native library which allows optimal performance in production environments was not found on the java.library.path: E:\liferay-portal-6.0.6\tomcat-6.0.29\jre1.6.0_20\win\bin;.;C:\Windows\Sun\Java\bin;C:\Windows\system32;C:\Windows;C:\Program Files\Common Files\Microsoft Shared\Windows Live;C:\Windows\system32;C:\Windows;C:\Windows\System32\Wbem;C:\Windows\System32\WindowsPowerShell\v1.0\;C:\Program Files\WIDCOMM\Bluetooth Software\;C:\Program Files\WIDCOMM\Bluetooth Software\syswow64;\;C:\Program Files (x86)\Sony\VAIO Startup Setting Tool;C:\Program Files (x86)\Java\jdk1.6.0_26\bin;C:\Python27;C:\Python27\Lib\site-packages\django\bin;C:\Python27\Lib\site-packages\pyfacebook\bin;C:\apache-ant-1.7.1\bin;C:\opt\mysql\bin;C:\opt\apache-maven-2.2.1\bin;C:\opt\svn\bin\;E:\liferay-portal-6.0.6\tomcat-6.0.29\bin;C:\Program Files (x86)\PostgreSQL\8.3\bin;C:\Ruby187\bin;C:\Program Files (x86)\Mercurial
3 Aug, 2011 5:55:23 AM org.apache.coyote.http11.Http11Protocol init
INFO: Initializing Coyote HTTP/1.1 on http-8080
3 Aug, 2011 5:55:23 AM org.apache.catalina.startup.Catalina load
INFO: Initialization processed in 1822 ms
3 Aug, 2011 5:55:23 AM org.apache.catalina.core.StandardService start
INFO: Starting service Catalina
3 Aug, 2011 5:55:23 AM org.apache.catalina.core.StandardEngine start
INFO: Starting Servlet Engine: Apache Tomcat/6.0.29
3 Aug, 2011 5:55:23 AM org.apache.catalina.startup.HostConfig deployDescriptor
INFO: Deploying configuration descriptor ROOT.xml
3 Aug, 2011 5:56:58 AM org.apache.catalina.startup.HostConfig deployDirectory
INFO: Deploying web application directory bright-pixel
3 Aug, 2011 5:57:00 AM org.apache.catalina.startup.HostConfig deployDirectory
INFO: Deploying web application directory bright-pixel-theme
3 Aug, 2011 5:57:01 AM org.apache.catalina.startup.HostConfig deployDirectory
INFO: Deploying web application directory chat-portlet
3 Aug, 2011 5:57:03 AM org.apache.catalina.startup.HostConfig deployDirectory
INFO: Deploying web application directory default-site-templates-hook
3 Aug, 2011 5:57:03 AM org.apache.catalina.startup.HostConfig deployDirectory
INFO: Deploying web application directory google-maps-portlet
3 Aug, 2011 5:57:03 AM org.apache.catalina.startup.HostConfig deployDirectory
INFO: Deploying web application directory jedi-theme
3 Aug, 2011 5:57:04 AM org.apache.catalina.startup.HostConfig deployDirectory
INFO: Deploying web application directory kaleo-web
3 Aug, 2011 5:57:11 AM org.apache.catalina.startup.HostConfig deployDirectory
INFO: Deploying web application directory mail-portlet
3 Aug, 2011 5:57:14 AM org.apache.catalina.startup.HostConfig deployDirectory
INFO: Deploying web application directory my-layout
3 Aug, 2011 5:57:15 AM org.apache.catalina.startup.HostConfig deployDirectory
INFO: Deploying web application directory mytheme
3 Aug, 2011 5:57:16 AM org.apache.catalina.startup.HostConfig deployDirectory
INFO: Deploying web application directory New Template
3 Aug, 2011 5:57:16 AM org.apache.catalina.startup.HostConfig deployDirectory
INFO: Deploying web application directory new-theme
3 Aug, 2011 5:57:17 AM org.apache.catalina.startup.HostConfig deployDirectory
INFO: Deploying web application directory opensocial-portlet
3 Aug, 2011 5:57:33 AM org.apache.catalina.startup.HostConfig deployDirectory
INFO: Deploying web application directory past-issues-new-portlet
3 Aug, 2011 5:57:34 AM org.apache.catalina.startup.HostConfig deployDirectory
INFO: Deploying web application directory past-issues-portlet
3 Aug, 2011 5:57:34 AM org.apache.catalina.startup.HostConfig deployDirectory
INFO: Deploying web application directory sample-theme
3 Aug, 2011 5:57:35 AM org.apache.catalina.startup.HostConfig deployDirectory
INFO: Deploying web application directory sample-theme-envision
3 Aug, 2011 5:57:36 AM org.apache.catalina.startup.HostConfig deployDirectory
INFO: Deploying web application directory social-networking-portlet
3 Aug, 2011 5:57:38 AM org.apache.catalina.startup.HostConfig deployDirectory
INFO: Deploying web application directory titan-theme
3 Aug, 2011 5:57:39 AM org.apache.catalina.startup.HostConfig deployDirectory
INFO: Deploying web application directory tunnel-web
3 Aug, 2011 5:57:45 AM org.apache.catalina.startup.HostConfig deployDirectory
INFO: Deploying web application directory web-form-portlet
3 Aug, 2011 5:57:46 AM org.apache.catalina.startup.HostConfig deployDirectory
INFO: Deploying web application directory wordpress-twenty-ten-theme
3 Aug, 2011 5:57:47 AM org.apache.catalina.startup.HostConfig deployDirectory
INFO: Deploying web application directory wsrp-portlet
3 Aug, 2011 5:57:50 AM org.apache.catalina.startup.HostConfig deployDirectory
INFO: Deploying web application directory ymd-theme
3 Aug, 2011 5:57:52 AM org.apache.coyote.http11.Http11Protocol start
INFO: Starting Coyote HTTP/1.1 on http-8080
3 Aug, 2011 5:57:55 AM org.apache.jk.common.ChannelSocket init
INFO: JK: ajp13 listening on /0.0.0.0:8009
3 Aug, 2011 5:57:55 AM org.apache.jk.server.JkMain start
INFO: Jk running ID=0 time=0/1857  config=null
3 Aug, 2011 5:57:55 AM org.apache.catalina.startup.Catalina start
INFO: Server startup in 151967 ms
3 Aug, 2011 6:03:29 AM org.apache.coyote.http11.Http11Protocol pause
INFO: Pausing Coyote HTTP/1.1 on http-8080
3 Aug, 2011 6:03:30 AM org.apache.catalina.core.StandardService stop
INFO: Stopping service Catalina
3 Aug, 2011 6:03:35 AM org.apache.catalina.loader.WebappClassLoader clearReferencesThreads
SEVERE: The web application [] is still processing a request that has yet to finish. This is very likely to create a memory leak. You can control the time allowed for requests to finish by using the unloadDelay attribute of the standard Context implementation.
3 Aug, 2011 6:03:40 AM org.apache.catalina.loader.WebappClassLoader clearReferencesThreads
SEVERE: The web application [/opensocial-portlet] appears to have started a thread named [com.google.inject.internal.Finalizer] but has failed to stop it. This is very likely to create a memory leak.
3 Aug, 2011 6:03:40 AM org.apache.catalina.loader.WebappClassLoader clearThreadLocalMap
SEVERE: The web application [/opensocial-portlet] created a ThreadLocal with key of type [null] (value [org.apache.shindig.common.xml.XmlUtil$2@d7e6f5]) and a value of type [org.apache.xerces.jaxp.DocumentBuilderImpl] (value [org.apache.xerces.jaxp.DocumentBuilderImpl@7be569]) but failed to remove it when the web application was stopped. This is very likely to create a memory leak.
3 Aug, 2011 6:03:40 AM org.apache.catalina.loader.WebappClassLoader clearThreadLocalMap
SEVERE: The web application [/opensocial-portlet] created a ThreadLocal with key of type [null] (value [com.google.inject.InjectorImpl$1@126a63]) and a value of type [java.lang.Object[]] (value [[Ljava.lang.Object;@106bce8]) but failed to remove it when the web application was stopped. This is very likely to create a memory leak.
3 Aug, 2011 6:03:41 AM org.apache.catalina.loader.WebappClassLoader clearThreadLocalMap
SEVERE: The web application [/wsrp-portlet] created a ThreadLocal with key of type [org.apache.axis.utils.XMLUtils.ThreadLocalDocumentBuilder] (value [org.apache.axis.utils.XMLUtils$ThreadLocalDocumentBuilder@a450c2]) and a value of type [com.sun.org.apache.xerces.internal.jaxp.DocumentBuilderImpl] (value [com.sun.org.apache.xerces.internal.jaxp.DocumentBuilderImpl@1b1f4fc]) but failed to remove it when the web application was stopped. This is very likely to create a memory leak.
3 Aug, 2011 6:03:41 AM org.apache.coyote.http11.Http11Protocol destroy
INFO: Stopping Coyote HTTP/1.1 on http-8080
3 Aug, 2011 6:04:33 AM org.apache.catalina.core.AprLifecycleListener init
INFO: The APR based Apache Tomcat Native library which allows optimal performance in production environments was not found on the java.library.path: E:\liferay-portal-6.0.6\tomcat-6.0.29\jre1.6.0_20\win\bin;.;C:\Windows\Sun\Java\bin;C:\Windows\system32;C:\Windows;C:\Program Files\Common Files\Microsoft Shared\Windows Live;C:\Windows\system32;C:\Windows;C:\Windows\System32\Wbem;C:\Windows\System32\WindowsPowerShell\v1.0\;C:\Program Files\WIDCOMM\Bluetooth Software\;C:\Program Files\WIDCOMM\Bluetooth Software\syswow64;\;C:\Program Files (x86)\Sony\VAIO Startup Setting Tool;C:\Program Files (x86)\Java\jdk1.6.0_26\bin;C:\Python27;C:\Python27\Lib\site-packages\django\bin;C:\Python27\Lib\site-packages\pyfacebook\bin;C:\apache-ant-1.7.1\bin;C:\opt\mysql\bin;C:\opt\apache-maven-2.2.1\bin;C:\opt\svn\bin\;E:\liferay-portal-6.0.6\tomcat-6.0.29\bin;C:\Program Files (x86)\PostgreSQL\8.3\bin;C:\Ruby187\bin;C:\Program Files (x86)\Mercurial
3 Aug, 2011 6:04:34 AM org.apache.coyote.http11.Http11Protocol init
INFO: Initializing Coyote HTTP/1.1 on http-8080
3 Aug, 2011 6:04:34 AM org.apache.catalina.startup.Catalina load
INFO: Initialization processed in 467 ms
3 Aug, 2011 6:04:34 AM org.apache.catalina.core.StandardService start
INFO: Starting service Catalina
3 Aug, 2011 6:04:34 AM org.apache.catalina.core.StandardEngine start
INFO: Starting Servlet Engine: Apache Tomcat/6.0.29
3 Aug, 2011 6:04:34 AM org.apache.catalina.startup.HostConfig deployDescriptor
INFO: Deploying configuration descriptor ROOT.xml
3 Aug, 2011 6:05:12 AM org.apache.catalina.startup.HostConfig deployDirectory
INFO: Deploying web application directory bright-pixel
3 Aug, 2011 6:05:13 AM org.apache.catalina.startup.HostConfig deployDirectory
INFO: Deploying web application directory bright-pixel-theme
3 Aug, 2011 6:05:13 AM org.apache.catalina.startup.HostConfig deployDirectory
INFO: Deploying web application directory chat-portlet
3 Aug, 2011 6:05:14 AM org.apache.catalina.startup.HostConfig deployDirectory
INFO: Deploying web application directory default-site-templates-hook
3 Aug, 2011 6:05:15 AM org.apache.catalina.startup.HostConfig deployDirectory
INFO: Deploying web application directory google-maps-portlet
3 Aug, 2011 6:05:15 AM org.apache.catalina.startup.HostConfig deployDirectory
INFO: Deploying web application directory jedi-theme
3 Aug, 2011 6:05:15 AM org.apache.catalina.startup.HostConfig deployDirectory
INFO: Deploying web application directory kaleo-web
3 Aug, 2011 6:05:18 AM org.apache.catalina.startup.HostConfig deployDirectory
INFO: Deploying web application directory mail-portlet
3 Aug, 2011 6:05:20 AM org.apache.catalina.startup.HostConfig deployDirectory
INFO: Deploying web application directory my-layout
3 Aug, 2011 6:05:20 AM org.apache.catalina.startup.HostConfig deployDirectory
INFO: Deploying web application directory mytheme
3 Aug, 2011 6:05:21 AM org.apache.catalina.startup.HostConfig deployDirectory
INFO: Deploying web application directory New Template
3 Aug, 2011 6:05:21 AM org.apache.catalina.startup.HostConfig deployDirectory
INFO: Deploying web application directory new-theme
3 Aug, 2011 6:05:21 AM org.apache.catalina.startup.HostConfig deployDirectory
INFO: Deploying web application directory opensocial-portlet
3 Aug, 2011 6:05:27 AM org.apache.catalina.startup.HostConfig deployDirectory
INFO: Deploying web application directory past-issues-new-portlet
3 Aug, 2011 6:05:27 AM org.apache.catalina.startup.HostConfig deployDirectory
INFO: Deploying web application directory past-issues-portlet
3 Aug, 2011 6:05:27 AM org.apache.catalina.startup.HostConfig deployDirectory
INFO: Deploying web application directory sample-theme
3 Aug, 2011 6:05:28 AM org.apache.catalina.startup.HostConfig deployDirectory
INFO: Deploying web application directory sample-theme-envision
3 Aug, 2011 6:05:28 AM org.apache.catalina.startup.HostConfig deployDirectory
INFO: Deploying web application directory social-networking-portlet
3 Aug, 2011 6:05:30 AM org.apache.catalina.startup.HostConfig deployDirectory
INFO: Deploying web application directory titan-theme
3 Aug, 2011 6:05:30 AM org.apache.catalina.startup.HostConfig deployDirectory
INFO: Deploying web application directory tunnel-web
3 Aug, 2011 6:05:31 AM org.apache.catalina.startup.HostConfig deployDirectory
INFO: Deploying web application directory web-form-portlet
3 Aug, 2011 6:05:32 AM org.apache.catalina.startup.HostConfig deployDirectory
INFO: Deploying web application directory wordpress-twenty-ten-theme
3 Aug, 2011 6:05:35 AM org.apache.catalina.startup.HostConfig deployDirectory
INFO: Deploying web application directory wsrp-portlet
3 Aug, 2011 6:05:37 AM org.apache.catalina.startup.HostConfig deployDirectory
INFO: Deploying web application directory ymd-theme
3 Aug, 2011 6:05:37 AM org.apache.coyote.http11.Http11Protocol start
INFO: Starting Coyote HTTP/1.1 on http-8080
3 Aug, 2011 6:05:38 AM org.apache.jk.common.ChannelSocket init
INFO: JK: ajp13 listening on /0.0.0.0:8009
3 Aug, 2011 6:05:38 AM org.apache.jk.server.JkMain start
INFO: Jk running ID=0 time=0/21  config=null
3 Aug, 2011 6:05:38 AM org.apache.catalina.startup.Catalina start
INFO: Server startup in 64268 ms
3 Aug, 2011 6:32:51 AM org.apache.coyote.http11.Http11Protocol pause
INFO: Pausing Coyote HTTP/1.1 on http-8080
3 Aug, 2011 6:32:52 AM org.apache.catalina.core.StandardService stop
INFO: Stopping service Catalina
3 Aug, 2011 6:32:56 AM org.apache.catalina.loader.WebappClassLoader clearReferencesThreads
SEVERE: The web application [] is still processing a request that has yet to finish. This is very likely to create a memory leak. You can control the time allowed for requests to finish by using the unloadDelay attribute of the standard Context implementation.
3 Aug, 2011 6:33:00 AM org.apache.catalina.loader.WebappClassLoader clearReferencesThreads
SEVERE: The web application [/opensocial-portlet] appears to have started a thread named [com.google.inject.internal.Finalizer] but has failed to stop it. This is very likely to create a memory leak.
3 Aug, 2011 6:33:00 AM org.apache.catalina.loader.WebappClassLoader clearThreadLocalMap
SEVERE: The web application [/opensocial-portlet] created a ThreadLocal with key of type [null] (value [com.google.inject.InjectorImpl$1@1bd53f]) and a value of type [java.lang.Object[]] (value [[Ljava.lang.Object;@14d38e6]) but failed to remove it when the web application was stopped. This is very likely to create a memory leak.
3 Aug, 2011 6:33:00 AM org.apache.catalina.loader.WebappClassLoader clearThreadLocalMap
SEVERE: The web application [/opensocial-portlet] created a ThreadLocal with key of type [null] (value [org.apache.shindig.common.xml.XmlUtil$2@d2c241]) and a value of type [org.apache.xerces.jaxp.DocumentBuilderImpl] (value [org.apache.xerces.jaxp.DocumentBuilderImpl@cf5899]) but failed to remove it when the web application was stopped. This is very likely to create a memory leak.
3 Aug, 2011 6:33:01 AM org.apache.catalina.loader.WebappClassLoader clearThreadLocalMap
SEVERE: The web application [/wsrp-portlet] created a ThreadLocal with key of type [org.apache.axis.utils.XMLUtils.ThreadLocalDocumentBuilder] (value [org.apache.axis.utils.XMLUtils$ThreadLocalDocumentBuilder@193358c]) and a value of type [com.sun.org.apache.xerces.internal.jaxp.DocumentBuilderImpl] (value [com.sun.org.apache.xerces.internal.jaxp.DocumentBuilderImpl@1a0b59b]) but failed to remove it when the web application was stopped. This is very likely to create a memory leak.
3 Aug, 2011 6:33:01 AM org.apache.coyote.http11.Http11Protocol destroy
INFO: Stopping Coyote HTTP/1.1 on http-8080
3 Aug, 2011 6:34:03 AM org.apache.catalina.core.AprLifecycleListener init
INFO: The APR based Apache Tomcat Native library which allows optimal performance in production environments was not found on the java.library.path: E:\liferay-portal-6.0.6\tomcat-6.0.29\jre1.6.0_20\win\bin;.;C:\Windows\Sun\Java\bin;C:\Windows\system32;C:\Windows;C:\Program Files\Common Files\Microsoft Shared\Windows Live;C:\Windows\system32;C:\Windows;C:\Windows\System32\Wbem;C:\Windows\System32\WindowsPowerShell\v1.0\;C:\Program Files\WIDCOMM\Bluetooth Software\;C:\Program Files\WIDCOMM\Bluetooth Software\syswow64;\;C:\Program Files (x86)\Sony\VAIO Startup Setting Tool;C:\Program Files (x86)\Java\jdk1.6.0_26\bin;C:\Python27;C:\Python27\Lib\site-packages\django\bin;C:\Python27\Lib\site-packages\pyfacebook\bin;C:\apache-ant-1.7.1\bin;C:\opt\mysql\bin;C:\opt\apache-maven-2.2.1\bin;C:\opt\svn\bin\;E:\liferay-portal-6.0.6\tomcat-6.0.29\bin;C:\Program Files (x86)\PostgreSQL\8.3\bin;C:\Ruby187\bin;C:\Program Files (x86)\Mercurial
3 Aug, 2011 6:34:04 AM org.apache.coyote.http11.Http11Protocol init
INFO: Initializing Coyote HTTP/1.1 on http-8080
3 Aug, 2011 6:34:04 AM org.apache.catalina.startup.Catalina load
INFO: Initialization processed in 473 ms
3 Aug, 2011 6:34:04 AM org.apache.catalina.core.StandardService start
INFO: Starting service Catalina
3 Aug, 2011 6:34:04 AM org.apache.catalina.core.StandardEngine start
INFO: Starting Servlet Engine: Apache Tomcat/6.0.29
3 Aug, 2011 6:34:04 AM org.apache.catalina.startup.HostConfig deployDescriptor
INFO: Deploying configuration descriptor ROOT.xml
3 Aug, 2011 6:34:40 AM org.apache.catalina.startup.HostConfig deployDirectory
INFO: Deploying web application directory bright-pixel
3 Aug, 2011 6:34:40 AM org.apache.catalina.startup.HostConfig deployDirectory
INFO: Deploying web application directory bright-pixel-theme
3 Aug, 2011 6:34:41 AM org.apache.catalina.startup.HostConfig deployDirectory
INFO: Deploying web application directory chat-portlet
3 Aug, 2011 6:34:42 AM org.apache.catalina.startup.HostConfig deployDirectory
INFO: Deploying web application directory default-site-templates-hook
3 Aug, 2011 6:34:43 AM org.apache.catalina.startup.HostConfig deployDirectory
INFO: Deploying web application directory google-maps-portlet
3 Aug, 2011 6:34:43 AM org.apache.catalina.startup.HostConfig deployDirectory
INFO: Deploying web application directory jedi-theme
3 Aug, 2011 6:34:43 AM org.apache.catalina.startup.HostConfig deployDirectory
INFO: Deploying web application directory kaleo-web
3 Aug, 2011 6:34:47 AM org.apache.catalina.startup.HostConfig deployDirectory
INFO: Deploying web application directory mail-portlet
3 Aug, 2011 6:34:48 AM org.apache.catalina.startup.HostConfig deployDirectory
INFO: Deploying web application directory my-layout
3 Aug, 2011 6:34:48 AM org.apache.catalina.startup.HostConfig deployDirectory
INFO: Deploying web application directory mytheme
3 Aug, 2011 6:34:49 AM org.apache.catalina.startup.HostConfig deployDirectory
INFO: Deploying web application directory New Template
3 Aug, 2011 6:34:49 AM org.apache.catalina.startup.HostConfig deployDirectory
INFO: Deploying web application directory new-theme
3 Aug, 2011 6:34:49 AM org.apache.catalina.startup.HostConfig deployDirectory
INFO: Deploying web application directory opensocial-portlet
3 Aug, 2011 6:34:55 AM org.apache.catalina.startup.HostConfig deployDirectory
INFO: Deploying web application directory past-issues-new-portlet
3 Aug, 2011 6:34:55 AM org.apache.catalina.startup.HostConfig deployDirectory
INFO: Deploying web application directory past-issues-portlet
3 Aug, 2011 6:34:55 AM org.apache.catalina.startup.HostConfig deployDirectory
INFO: Deploying web application directory sample-theme
3 Aug, 2011 6:34:56 AM org.apache.catalina.startup.HostConfig deployDirectory
INFO: Deploying web application directory sample-theme-envision
3 Aug, 2011 6:34:56 AM org.apache.catalina.startup.HostConfig deployDirectory
INFO: Deploying web application directory social-networking-portlet
3 Aug, 2011 6:34:58 AM org.apache.catalina.startup.HostConfig deployDirectory
INFO: Deploying web application directory titan-theme
3 Aug, 2011 6:35:00 AM org.apache.catalina.startup.HostConfig deployDirectory
INFO: Deploying web application directory tunnel-web
3 Aug, 2011 6:35:02 AM org.apache.catalina.startup.HostConfig deployDirectory
INFO: Deploying web application directory web-form-portlet
3 Aug, 2011 6:35:03 AM org.apache.catalina.startup.HostConfig deployDirectory
INFO: Deploying web application directory wordpress-twenty-ten-theme
3 Aug, 2011 6:35:05 AM org.apache.catalina.startup.HostConfig deployDirectory
INFO: Deploying web application directory wsrp-portlet
3 Aug, 2011 6:35:07 AM org.apache.catalina.startup.HostConfig deployDirectory
INFO: Deploying web application directory ymd-theme
3 Aug, 2011 6:35:07 AM org.apache.coyote.http11.Http11Protocol start
INFO: Starting Coyote HTTP/1.1 on http-8080
3 Aug, 2011 6:35:08 AM org.apache.jk.common.ChannelSocket init
INFO: JK: ajp13 listening on /0.0.0.0:8009
3 Aug, 2011 6:35:08 AM org.apache.jk.server.JkMain start
INFO: Jk running ID=0 time=0/22  config=null
3 Aug, 2011 6:35:08 AM org.apache.catalina.startup.Catalina start
INFO: Server startup in 64492 ms
3 Aug, 2011 6:37:03 AM org.apache.coyote.http11.Http11Protocol pause
INFO: Pausing Coyote HTTP/1.1 on http-8080
3 Aug, 2011 6:37:04 AM org.apache.catalina.core.StandardService stop
INFO: Stopping service Catalina
3 Aug, 2011 6:37:16 AM org.apache.catalina.loader.WebappClassLoader clearReferencesThreads
SEVERE: The web application [/opensocial-portlet] appears to have started a thread named [com.google.inject.internal.Finalizer] but has failed to stop it. This is very likely to create a memory leak.
3 Aug, 2011 6:37:16 AM org.apache.catalina.loader.WebappClassLoader clearThreadLocalMap
SEVERE: The web application [/opensocial-portlet] created a ThreadLocal with key of type [null] (value [org.apache.shindig.common.xml.XmlUtil$2@14094d0]) and a value of type [org.apache.xerces.jaxp.DocumentBuilderImpl] (value [org.apache.xerces.jaxp.DocumentBuilderImpl@ea18a5]) but failed to remove it when the web application was stopped. This is very likely to create a memory leak.
3 Aug, 2011 6:37:16 AM org.apache.catalina.loader.WebappClassLoader clearThreadLocalMap
SEVERE: The web application [/opensocial-portlet] created a ThreadLocal with key of type [null] (value [com.google.inject.InjectorImpl$1@f819ee]) and a value of type [java.lang.Object[]] (value [[Ljava.lang.Object;@6e7daf]) but failed to remove it when the web application was stopped. This is very likely to create a memory leak.
3 Aug, 2011 6:37:18 AM org.apache.catalina.loader.WebappClassLoader clearThreadLocalMap
SEVERE: The web application [/wsrp-portlet] created a ThreadLocal with key of type [org.apache.axis.utils.XMLUtils.ThreadLocalDocumentBuilder] (value [org.apache.axis.utils.XMLUtils$ThreadLocalDocumentBuilder@10f682f]) and a value of type [com.sun.org.apache.xerces.internal.jaxp.DocumentBuilderImpl] (value [com.sun.org.apache.xerces.internal.jaxp.DocumentBuilderImpl@8122ba]) but failed to remove it when the web application was stopped. This is very likely to create a memory leak.
3 Aug, 2011 6:37:18 AM org.apache.coyote.http11.Http11Protocol destroy
INFO: Stopping Coyote HTTP/1.1 on http-8080
3 Aug, 2011 6:39:18 AM org.apache.catalina.core.AprLifecycleListener init
INFO: The APR based Apache Tomcat Native library which allows optimal performance in production environments was not found on the java.library.path: E:\liferay-portal-6.0.6\tomcat-6.0.29\jre1.6.0_20\win\bin;.;C:\Windows\Sun\Java\bin;C:\Windows\system32;C:\Windows;C:\Program Files\Common Files\Microsoft Shared\Windows Live;C:\Windows\system32;C:\Windows;C:\Windows\System32\Wbem;C:\Windows\System32\WindowsPowerShell\v1.0\;C:\Program Files\WIDCOMM\Bluetooth Software\;C:\Program Files\WIDCOMM\Bluetooth Software\syswow64;\;C:\Program Files (x86)\Sony\VAIO Startup Setting Tool;C:\Program Files (x86)\Java\jdk1.6.0_26\bin;C:\Python27;C:\Python27\Lib\site-packages\django\bin;C:\Python27\Lib\site-packages\pyfacebook\bin;C:\apache-ant-1.7.1\bin;C:\opt\mysql\bin;C:\opt\apache-maven-2.2.1\bin;C:\opt\svn\bin\;E:\liferay-portal-6.0.6\tomcat-6.0.29\bin;C:\Program Files (x86)\PostgreSQL\8.3\bin;C:\Ruby187\bin;C:\Program Files (x86)\Mercurial
3 Aug, 2011 6:39:18 AM org.apache.coyote.http11.Http11Protocol init
INFO: Initializing Coyote HTTP/1.1 on http-8080
3 Aug, 2011 6:39:18 AM org.apache.catalina.startup.Catalina load
INFO: Initialization processed in 1047 ms
3 Aug, 2011 6:39:18 AM org.apache.catalina.core.StandardService start
INFO: Starting service Catalina
3 Aug, 2011 6:39:18 AM org.apache.catalina.core.StandardEngine start
INFO: Starting Servlet Engine: Apache Tomcat/6.0.29
3 Aug, 2011 6:39:18 AM org.apache.catalina.startup.HostConfig deployDescriptor
INFO: Deploying configuration descriptor ROOT.xml
3 Aug, 2011 6:40:35 AM org.apache.catalina.startup.HostConfig deployDirectory
INFO: Deploying web application directory bright-pixel
3 Aug, 2011 6:40:36 AM org.apache.catalina.startup.HostConfig deployDirectory
INFO: Deploying web application directory bright-pixel-theme
3 Aug, 2011 6:40:37 AM org.apache.catalina.startup.HostConfig deployDirectory
INFO: Deploying web application directory chat-portlet
3 Aug, 2011 6:40:39 AM org.apache.catalina.startup.HostConfig deployDirectory
INFO: Deploying web application directory default-site-templates-hook
3 Aug, 2011 6:40:39 AM org.apache.catalina.startup.HostConfig deployDirectory
INFO: Deploying web application directory google-maps-portlet
3 Aug, 2011 6:40:40 AM org.apache.catalina.startup.HostConfig deployDirectory
INFO: Deploying web application directory jedi-theme
3 Aug, 2011 6:40:41 AM org.apache.catalina.startup.HostConfig deployDirectory
INFO: Deploying web application directory kaleo-web
3 Aug, 2011 6:40:47 AM org.apache.catalina.startup.HostConfig deployDirectory
INFO: Deploying web application directory mail-portlet
3 Aug, 2011 6:40:50 AM org.apache.catalina.startup.HostConfig deployDirectory
INFO: Deploying web application directory my-layout
3 Aug, 2011 6:40:50 AM org.apache.catalina.startup.HostConfig deployDirectory
INFO: Deploying web application directory mytheme
3 Aug, 2011 6:40:51 AM org.apache.catalina.startup.HostConfig deployDirectory
INFO: Deploying web application directory New Template
3 Aug, 2011 6:40:51 AM org.apache.catalina.startup.HostConfig deployDirectory
INFO: Deploying web application directory new-theme
3 Aug, 2011 6:40:52 AM org.apache.catalina.startup.HostConfig deployDirectory
INFO: Deploying web application directory opensocial-portlet
3 Aug, 2011 6:41:03 AM org.apache.catalina.startup.HostConfig deployDirectory
INFO: Deploying web application directory past-issues-new-portlet
3 Aug, 2011 6:41:04 AM org.apache.catalina.startup.HostConfig deployDirectory
INFO: Deploying web application directory past-issues-portlet
3 Aug, 2011 6:41:04 AM org.apache.catalina.startup.HostConfig deployDirectory
INFO: Deploying web application directory sample-theme
3 Aug, 2011 6:41:04 AM org.apache.catalina.startup.HostConfig deployDirectory
INFO: Deploying web application directory sample-theme-envision
3 Aug, 2011 6:41:05 AM org.apache.catalina.startup.HostConfig deployDirectory
INFO: Deploying web application directory social-networking-portlet
3 Aug, 2011 6:41:07 AM org.apache.catalina.startup.HostConfig deployDirectory
INFO: Deploying web application directory titan-theme
3 Aug, 2011 6:41:07 AM org.apache.catalina.startup.HostConfig deployDirectory
INFO: Deploying web application directory tunnel-web
3 Aug, 2011 6:41:10 AM org.apache.catalina.startup.HostConfig deployDirectory
INFO: Deploying web application directory web-form-portlet
3 Aug, 2011 6:41:12 AM org.apache.catalina.startup.HostConfig deployDirectory
INFO: Deploying web application directory wordpress-twenty-ten-theme
3 Aug, 2011 6:41:13 AM org.apache.catalina.startup.HostConfig deployDirectory
INFO: Deploying web application directory wsrp-portlet
3 Aug, 2011 6:41:16 AM org.apache.catalina.startup.HostConfig deployDirectory
INFO: Deploying web application directory ymd-theme
3 Aug, 2011 6:41:18 AM org.apache.coyote.http11.Http11Protocol start
INFO: Starting Coyote HTTP/1.1 on http-8080
3 Aug, 2011 6:41:18 AM org.apache.jk.common.ChannelSocket init
INFO: JK: ajp13 listening on /0.0.0.0:8009
3 Aug, 2011 6:41:19 AM org.apache.jk.server.JkMain start
INFO: Jk running ID=0 time=0/23  config=null
3 Aug, 2011 6:41:19 AM org.apache.catalina.startup.Catalina start
INFO: Server startup in 120384 ms
3 Aug, 2011 8:16:02 AM org.apache.coyote.http11.Http11Protocol pause
INFO: Pausing Coyote HTTP/1.1 on http-8080
3 Aug, 2011 8:16:03 AM org.apache.catalina.core.StandardService stop
INFO: Stopping service Catalina
3 Aug, 2011 8:16:27 AM org.apache.catalina.loader.WebappClassLoader clearReferencesThreads
SEVERE: The web application [/opensocial-portlet] appears to have started a thread named [com.google.inject.internal.Finalizer] but has failed to stop it. This is very likely to create a memory leak.
3 Aug, 2011 8:16:27 AM org.apache.catalina.loader.WebappClassLoader clearThreadLocalMap
SEVERE: The web application [/opensocial-portlet] created a ThreadLocal with key of type [null] (value [com.google.inject.InjectorImpl$1@1ca80f2]) and a value of type [java.lang.Object[]] (value [[Ljava.lang.Object;@1d791cf]) but failed to remove it when the web application was stopped. This is very likely to create a memory leak.
3 Aug, 2011 8:16:27 AM org.apache.catalina.loader.WebappClassLoader clearThreadLocalMap
SEVERE: The web application [/opensocial-portlet] created a ThreadLocal with key of type [null] (value [org.apache.shindig.common.xml.XmlUtil$2@1a5e03e]) and a value of type [org.apache.xerces.jaxp.DocumentBuilderImpl] (value [org.apache.xerces.jaxp.DocumentBuilderImpl@125367a]) but failed to remove it when the web application was stopped. This is very likely to create a memory leak.
3 Aug, 2011 8:16:31 AM org.apache.catalina.loader.WebappClassLoader clearThreadLocalMap
SEVERE: The web application [/wsrp-portlet] created a ThreadLocal with key of type [org.apache.axis.utils.XMLUtils.ThreadLocalDocumentBuilder] (value [org.apache.axis.utils.XMLUtils$ThreadLocalDocumentBuilder@16294f0]) and a value of type [com.sun.org.apache.xerces.internal.jaxp.DocumentBuilderImpl] (value [com.sun.org.apache.xerces.internal.jaxp.DocumentBuilderImpl@12034f8]) but failed to remove it when the web application was stopped. This is very likely to create a memory leak.
3 Aug, 2011 8:16:32 AM org.apache.coyote.http11.Http11Protocol destroy
INFO: Stopping Coyote HTTP/1.1 on http-8080
3 Aug, 2011 8:16:43 AM org.apache.catalina.core.AprLifecycleListener init
INFO: The APR based Apache Tomcat Native library which allows optimal performance in production environments was not found on the java.library.path: E:\liferay-portal-6.0.6\tomcat-6.0.29\jre1.6.0_20\win\bin;.;C:\Windows\Sun\Java\bin;C:\Windows\system32;C:\Windows;C:\Program Files\Common Files\Microsoft Shared\Windows Live;C:\Windows\system32;C:\Windows;C:\Windows\System32\Wbem;C:\Windows\System32\WindowsPowerShell\v1.0\;C:\Program Files\WIDCOMM\Bluetooth Software\;C:\Program Files\WIDCOMM\Bluetooth Software\syswow64;\;C:\Program Files (x86)\Sony\VAIO Startup Setting Tool;C:\Program Files (x86)\Java\jdk1.6.0_26\bin;C:\Python27;C:\Python27\Lib\site-packages\django\bin;C:\Python27\Lib\site-packages\pyfacebook\bin;C:\apache-ant-1.7.1\bin;C:\opt\mysql\bin;C:\opt\apache-maven-2.2.1\bin;C:\opt\svn\bin\;E:\liferay-portal-6.0.6\tomcat-6.0.29\bin;C:\Program Files (x86)\PostgreSQL\8.3\bin;C:\Ruby187\bin;C:\Program Files (x86)\Mercurial
3 Aug, 2011 8:16:44 AM org.apache.coyote.http11.Http11Protocol init
INFO: Initializing Coyote HTTP/1.1 on http-8080
3 Aug, 2011 8:16:44 AM org.apache.catalina.startup.Catalina load
INFO: Initialization processed in 1868 ms
3 Aug, 2011 8:16:44 AM org.apache.catalina.core.StandardService start
INFO: Starting service Catalina
3 Aug, 2011 8:16:44 AM org.apache.catalina.core.StandardEngine start
INFO: Starting Servlet Engine: Apache Tomcat/6.0.29
3 Aug, 2011 8:16:44 AM org.apache.catalina.startup.HostConfig deployDescriptor
INFO: Deploying configuration descriptor ROOT.xml
3 Aug, 2011 8:18:16 AM org.apache.catalina.startup.HostConfig deployDirectory
INFO: Deploying web application directory bright-pixel
3 Aug, 2011 8:18:17 AM org.apache.catalina.startup.HostConfig deployDirectory
INFO: Deploying web application directory bright-pixel-theme
3 Aug, 2011 8:18:18 AM org.apache.catalina.startup.HostConfig deployDirectory
INFO: Deploying web application directory chat-portlet
3 Aug, 2011 8:18:21 AM org.apache.catalina.startup.HostConfig deployDirectory
INFO: Deploying web application directory default-site-templates-hook
3 Aug, 2011 8:18:21 AM org.apache.catalina.startup.HostConfig deployDirectory
INFO: Deploying web application directory google-maps-portlet
3 Aug, 2011 8:18:22 AM org.apache.catalina.startup.HostConfig deployDirectory
INFO: Deploying web application directory jedi-theme
3 Aug, 2011 8:18:23 AM org.apache.catalina.startup.HostConfig deployDirectory
INFO: Deploying web application directory kaleo-web
3 Aug, 2011 8:18:40 AM org.apache.catalina.startup.HostConfig deployDirectory
INFO: Deploying web application directory mail-portlet
3 Aug, 2011 8:18:45 AM org.apache.catalina.startup.HostConfig deployDirectory
INFO: Deploying web application directory my-layout
3 Aug, 2011 8:18:46 AM org.apache.catalina.startup.HostConfig deployDirectory
INFO: Deploying web application directory mytheme
3 Aug, 2011 8:18:47 AM org.apache.catalina.startup.HostConfig deployDirectory
INFO: Deploying web application directory New Template
3 Aug, 2011 8:18:47 AM org.apache.catalina.startup.HostConfig deployDirectory
INFO: Deploying web application directory new-theme
3 Aug, 2011 8:18:49 AM org.apache.catalina.startup.HostConfig deployDirectory
INFO: Deploying web application directory opensocial-portlet
3 Aug, 2011 8:19:02 AM org.apache.catalina.startup.HostConfig deployDirectory
INFO: Deploying web application directory past-issues-new-portlet
3 Aug, 2011 8:19:03 AM org.apache.catalina.startup.HostConfig deployDirectory
INFO: Deploying web application directory past-issues-portlet
3 Aug, 2011 8:19:04 AM org.apache.catalina.startup.HostConfig deployDirectory
INFO: Deploying web application directory sample-theme
3 Aug, 2011 8:19:05 AM org.apache.catalina.startup.HostConfig deployDirectory
INFO: Deploying web application directory sample-theme-envision
3 Aug, 2011 8:19:06 AM org.apache.catalina.startup.HostConfig deployDirectory
INFO: Deploying web application directory social-networking-portlet
3 Aug, 2011 8:19:11 AM org.apache.catalina.startup.HostConfig deployDirectory
INFO: Deploying web application directory titan-theme
3 Aug, 2011 8:19:12 AM org.apache.catalina.startup.HostConfig deployDirectory
INFO: Deploying web application directory tunnel-web
3 Aug, 2011 8:19:18 AM org.apache.catalina.startup.HostConfig deployDirectory
INFO: Deploying web application directory web-form-portlet
3 Aug, 2011 8:19:20 AM org.apache.catalina.startup.HostConfig deployDirectory
INFO: Deploying web application directory wordpress-twenty-ten-theme
3 Aug, 2011 8:19:21 AM org.apache.catalina.startup.HostConfig deployDirectory
INFO: Deploying web application directory wsrp-portlet
3 Aug, 2011 8:19:24 AM org.apache.catalina.startup.HostConfig deployDirectory
INFO: Deploying web application directory ymd-theme
3 Aug, 2011 8:19:26 AM org.apache.coyote.http11.Http11Protocol start
INFO: Starting Coyote HTTP/1.1 on http-8080
3 Aug, 2011 8:19:29 AM org.apache.jk.common.ChannelSocket init
INFO: JK: ajp13 listening on /0.0.0.0:8009
3 Aug, 2011 8:19:29 AM org.apache.jk.server.JkMain start
INFO: Jk running ID=0 time=0/2418  config=null
3 Aug, 2011 8:19:29 AM org.apache.catalina.startup.Catalina start
INFO: Server startup in 164808 ms
