27 Jul, 2011 5:34:38 AM org.apache.catalina.core.AprLifecycleListener init
INFO: The APR based Apache Tomcat Native library which allows optimal performance in production environments was not found on the java.library.path: E:\liferay-portal-6.0.6\tomcat-6.0.29\jre1.6.0_20\win\bin;.;C:\Windows\Sun\Java\bin;C:\Windows\system32;C:\Windows;%CommonProgramFiles%\Microsoft Shared\Windows Live;C:\Windows\system32;C:\Windows;C:\Windows\System32\Wbem;C:\Windows\System32\WindowsPowerShell\v1.0\;C:\Program Files\WIDCOMM\Bluetooth Software\;C:\Program Files\WIDCOMM\Bluetooth Software\syswow64;\;C:\Program Files (x86)\Sony\VAIO Startup Setting Tool;C:\Program Files (x86)\Java\jdk1.6.0_26\bin;C:\Python27;C:\Python27\Lib\site-packages\django\bin;C:\Python27\Lib\site-packages\pyfacebook\bin;C:\apache-ant-1.7.1\bin;C:\opt\mysql\bin;C:\opt\apache-maven-2.2.1\bin;C:\opt\svn\bin\;E:\liferay-portal-6.0.6\tomcat-6.0.29\bin;C:\Program Files (x86)\PostgreSQL\8.3\bin;C:\Ruby187\bin;C:\Program Files (x86)\Mercurial
27 Jul, 2011 5:34:39 AM org.apache.coyote.http11.Http11Protocol init
INFO: Initializing Coyote HTTP/1.1 on http-8080
27 Jul, 2011 5:34:39 AM org.apache.catalina.startup.Catalina load
INFO: Initialization processed in 1331 ms
27 Jul, 2011 5:34:39 AM org.apache.catalina.core.StandardService start
INFO: Starting service Catalina
27 Jul, 2011 5:34:39 AM org.apache.catalina.core.StandardEngine start
INFO: Starting Servlet Engine: Apache Tomcat/6.0.29
27 Jul, 2011 5:34:39 AM org.apache.catalina.startup.HostConfig deployDescriptor
INFO: Deploying configuration descriptor ROOT.xml
27 Jul, 2011 5:35:41 AM org.apache.catalina.startup.HostConfig deployDirectory
INFO: Deploying web application directory bright-pixel
27 Jul, 2011 5:35:43 AM org.apache.catalina.startup.HostConfig deployDirectory
INFO: Deploying web application directory bright-pixel-theme
27 Jul, 2011 5:35:45 AM org.apache.catalina.startup.HostConfig deployDirectory
INFO: Deploying web application directory chat-portlet
27 Jul, 2011 5:35:48 AM org.apache.catalina.startup.HostConfig deployDirectory
INFO: Deploying web application directory default-site-templates-hook
27 Jul, 2011 5:35:48 AM org.apache.catalina.startup.HostConfig deployDirectory
INFO: Deploying web application directory google-maps-portlet
27 Jul, 2011 5:35:49 AM org.apache.catalina.startup.HostConfig deployDirectory
INFO: Deploying web application directory jedi-theme
27 Jul, 2011 5:35:51 AM org.apache.catalina.startup.HostConfig deployDirectory
INFO: Deploying web application directory kaleo-web
27 Jul, 2011 5:35:58 AM org.apache.catalina.startup.HostConfig deployDirectory
INFO: Deploying web application directory mail-portlet
27 Jul, 2011 5:36:02 AM org.apache.catalina.startup.HostConfig deployDirectory
INFO: Deploying web application directory my-layout
27 Jul, 2011 5:36:03 AM org.apache.catalina.startup.HostConfig deployDirectory
INFO: Deploying web application directory mytheme
27 Jul, 2011 5:36:04 AM org.apache.catalina.startup.HostConfig deployDirectory
INFO: Deploying web application directory New Template
27 Jul, 2011 5:36:04 AM org.apache.catalina.startup.HostConfig deployDirectory
INFO: Deploying web application directory new-theme
27 Jul, 2011 5:36:05 AM org.apache.catalina.startup.HostConfig deployDirectory
INFO: Deploying web application directory opensocial-portlet
27 Jul, 2011 5:36:53 AM org.apache.catalina.startup.HostConfig deployDirectory
INFO: Deploying web application directory past-issues-new-portlet
27 Jul, 2011 5:36:54 AM org.apache.catalina.startup.HostConfig deployDirectory
INFO: Deploying web application directory past-issues-portlet
27 Jul, 2011 5:36:55 AM org.apache.catalina.startup.HostConfig deployDirectory
INFO: Deploying web application directory sample-theme
27 Jul, 2011 5:36:56 AM org.apache.catalina.startup.HostConfig deployDirectory
INFO: Deploying web application directory sample-theme-envision
27 Jul, 2011 5:36:57 AM org.apache.catalina.startup.HostConfig deployDirectory
INFO: Deploying web application directory social-networking-portlet
27 Jul, 2011 5:37:00 AM org.apache.catalina.startup.HostConfig deployDirectory
INFO: Deploying web application directory titan-theme
27 Jul, 2011 5:37:01 AM org.apache.catalina.startup.HostConfig deployDirectory
INFO: Deploying web application directory tunnel-web
27 Jul, 2011 5:37:04 AM org.apache.catalina.startup.HostConfig deployDirectory
INFO: Deploying web application directory web-form-portlet
27 Jul, 2011 5:37:05 AM org.apache.catalina.startup.HostConfig deployDirectory
INFO: Deploying web application directory wordpress-twenty-ten-theme
27 Jul, 2011 5:37:06 AM org.apache.catalina.startup.HostConfig deployDirectory
INFO: Deploying web application directory wsrp-portlet
27 Jul, 2011 5:37:11 AM org.apache.catalina.startup.HostConfig deployDirectory
INFO: Deploying web application directory ymd-theme
27 Jul, 2011 5:37:12 AM org.apache.coyote.http11.Http11Protocol start
INFO: Starting Coyote HTTP/1.1 on http-8080
27 Jul, 2011 5:37:12 AM org.apache.jk.common.ChannelSocket init
INFO: JK: ajp13 listening on /0.0.0.0:8009
27 Jul, 2011 5:37:12 AM org.apache.jk.server.JkMain start
INFO: Jk running ID=0 time=0/59  config=null
27 Jul, 2011 5:37:13 AM org.apache.catalina.startup.Catalina start
INFO: Server startup in 154260 ms
27 Jul, 2011 6:48:51 AM org.apache.coyote.http11.Http11Protocol pause
INFO: Pausing Coyote HTTP/1.1 on http-8080
27 Jul, 2011 6:48:52 AM org.apache.catalina.core.StandardService stop
INFO: Stopping service Catalina
27 Jul, 2011 6:54:20 AM org.apache.catalina.core.AprLifecycleListener init
INFO: The APR based Apache Tomcat Native library which allows optimal performance in production environments was not found on the java.library.path: E:\liferay-portal-6.0.6\tomcat-6.0.29\jre1.6.0_20\win\bin;.;C:\Windows\Sun\Java\bin;C:\Windows\system32;C:\Windows;%CommonProgramFiles%\Microsoft Shared\Windows Live;C:\Windows\system32;C:\Windows;C:\Windows\System32\Wbem;C:\Windows\System32\WindowsPowerShell\v1.0\;C:\Program Files\WIDCOMM\Bluetooth Software\;C:\Program Files\WIDCOMM\Bluetooth Software\syswow64;\;C:\Program Files (x86)\Sony\VAIO Startup Setting Tool;C:\Program Files (x86)\Java\jdk1.6.0_26\bin;C:\Python27;C:\Python27\Lib\site-packages\django\bin;C:\Python27\Lib\site-packages\pyfacebook\bin;C:\apache-ant-1.7.1\bin;C:\opt\mysql\bin;C:\opt\apache-maven-2.2.1\bin;C:\opt\svn\bin\;E:\liferay-portal-6.0.6\tomcat-6.0.29\bin;C:\Program Files (x86)\PostgreSQL\8.3\bin;C:\Ruby187\bin;C:\Program Files (x86)\Mercurial
27 Jul, 2011 6:54:21 AM org.apache.coyote.http11.Http11Protocol init
INFO: Initializing Coyote HTTP/1.1 on http-8080
27 Jul, 2011 6:54:21 AM org.apache.catalina.startup.Catalina load
INFO: Initialization processed in 1789 ms
27 Jul, 2011 6:54:21 AM org.apache.catalina.core.StandardService start
INFO: Starting service Catalina
27 Jul, 2011 6:54:21 AM org.apache.catalina.core.StandardEngine start
INFO: Starting Servlet Engine: Apache Tomcat/6.0.29
27 Jul, 2011 6:54:21 AM org.apache.catalina.startup.HostConfig deployDescriptor
INFO: Deploying configuration descriptor ROOT.xml
27 Jul, 2011 6:55:14 AM org.apache.catalina.startup.HostConfig deployDirectory
INFO: Deploying web application directory bright-pixel
27 Jul, 2011 6:55:15 AM org.apache.catalina.startup.HostConfig deployDirectory
INFO: Deploying web application directory bright-pixel-theme
27 Jul, 2011 6:55:16 AM org.apache.catalina.startup.HostConfig deployDirectory
INFO: Deploying web application directory chat-portlet
27 Jul, 2011 6:55:18 AM org.apache.catalina.startup.HostConfig deployDirectory
INFO: Deploying web application directory default-site-templates-hook
27 Jul, 2011 6:55:18 AM org.apache.catalina.startup.HostConfig deployDirectory
INFO: Deploying web application directory google-maps-portlet
27 Jul, 2011 6:55:19 AM org.apache.catalina.startup.HostConfig deployDirectory
INFO: Deploying web application directory jedi-theme
27 Jul, 2011 6:55:20 AM org.apache.catalina.startup.HostConfig deployDirectory
INFO: Deploying web application directory kaleo-web
27 Jul, 2011 6:55:25 AM org.apache.catalina.startup.HostConfig deployDirectory
INFO: Deploying web application directory mail-portlet
27 Jul, 2011 6:55:27 AM org.apache.catalina.startup.HostConfig deployDirectory
INFO: Deploying web application directory my-layout
27 Jul, 2011 6:55:28 AM org.apache.catalina.startup.HostConfig deployDirectory
INFO: Deploying web application directory mytheme
27 Jul, 2011 6:55:28 AM org.apache.catalina.startup.HostConfig deployDirectory
INFO: Deploying web application directory New Template
27 Jul, 2011 6:55:29 AM org.apache.catalina.startup.HostConfig deployDirectory
INFO: Deploying web application directory new-theme
27 Jul, 2011 6:55:30 AM org.apache.catalina.startup.HostConfig deployDirectory
INFO: Deploying web application directory opensocial-portlet
27 Jul, 2011 6:56:03 AM org.apache.catalina.startup.HostConfig deployDirectory
INFO: Deploying web application directory past-issues-new-portlet
27 Jul, 2011 6:56:03 AM org.apache.catalina.startup.HostConfig deployDirectory
INFO: Deploying web application directory past-issues-portlet
27 Jul, 2011 6:56:04 AM org.apache.catalina.startup.HostConfig deployDirectory
INFO: Deploying web application directory sample-theme
27 Jul, 2011 6:56:05 AM org.apache.catalina.startup.HostConfig deployDirectory
INFO: Deploying web application directory sample-theme-envision
27 Jul, 2011 6:56:06 AM org.apache.catalina.startup.HostConfig deployDirectory
INFO: Deploying web application directory social-networking-portlet
27 Jul, 2011 6:56:08 AM org.apache.catalina.startup.HostConfig deployDirectory
INFO: Deploying web application directory titan-theme
27 Jul, 2011 6:56:09 AM org.apache.catalina.startup.HostConfig deployDirectory
INFO: Deploying web application directory tunnel-web
27 Jul, 2011 6:56:12 AM org.apache.catalina.startup.HostConfig deployDirectory
INFO: Deploying web application directory web-form-portlet
27 Jul, 2011 6:56:13 AM org.apache.catalina.startup.HostConfig deployDirectory
INFO: Deploying web application directory wordpress-twenty-ten-theme
27 Jul, 2011 6:56:14 AM org.apache.catalina.startup.HostConfig deployDirectory
INFO: Deploying web application directory wsrp-portlet
27 Jul, 2011 6:56:18 AM org.apache.catalina.startup.HostConfig deployDirectory
INFO: Deploying web application directory ymd-theme
27 Jul, 2011 6:56:19 AM org.apache.coyote.http11.Http11Protocol start
INFO: Starting Coyote HTTP/1.1 on http-8080
27 Jul, 2011 6:56:19 AM org.apache.jk.common.ChannelSocket init
INFO: JK: ajp13 listening on /0.0.0.0:8009
27 Jul, 2011 6:56:19 AM org.apache.jk.server.JkMain start
INFO: Jk running ID=0 time=0/59  config=null
27 Jul, 2011 6:56:19 AM org.apache.catalina.startup.Catalina start
INFO: Server startup in 118238 ms
27 Jul, 2011 6:58:51 AM org.apache.coyote.http11.Http11Protocol pause
INFO: Pausing Coyote HTTP/1.1 on http-8080
27 Jul, 2011 6:58:52 AM org.apache.catalina.core.StandardService stop
INFO: Stopping service Catalina
27 Jul, 2011 7:03:14 AM org.apache.catalina.core.AprLifecycleListener init
INFO: The APR based Apache Tomcat Native library which allows optimal performance in production environments was not found on the java.library.path: E:\liferay-portal-6.0.6\tomcat-6.0.29\jre1.6.0_20\win\bin;.;C:\Windows\Sun\Java\bin;C:\Windows\system32;C:\Windows;%CommonProgramFiles%\Microsoft Shared\Windows Live;C:\Windows\system32;C:\Windows;C:\Windows\System32\Wbem;C:\Windows\System32\WindowsPowerShell\v1.0\;C:\Program Files\WIDCOMM\Bluetooth Software\;C:\Program Files\WIDCOMM\Bluetooth Software\syswow64;\;C:\Program Files (x86)\Sony\VAIO Startup Setting Tool;C:\Program Files (x86)\Java\jdk1.6.0_26\bin;C:\Python27;C:\Python27\Lib\site-packages\django\bin;C:\Python27\Lib\site-packages\pyfacebook\bin;C:\apache-ant-1.7.1\bin;C:\opt\mysql\bin;C:\opt\apache-maven-2.2.1\bin;C:\opt\svn\bin\;E:\liferay-portal-6.0.6\tomcat-6.0.29\bin;C:\Program Files (x86)\PostgreSQL\8.3\bin;C:\Ruby187\bin;C:\Program Files (x86)\Mercurial
27 Jul, 2011 7:03:15 AM org.apache.coyote.http11.Http11Protocol init
INFO: Initializing Coyote HTTP/1.1 on http-8080
27 Jul, 2011 7:03:15 AM org.apache.catalina.startup.Catalina load
INFO: Initialization processed in 597 ms
27 Jul, 2011 7:03:15 AM org.apache.catalina.core.StandardService start
INFO: Starting service Catalina
27 Jul, 2011 7:03:15 AM org.apache.catalina.core.StandardEngine start
INFO: Starting Servlet Engine: Apache Tomcat/6.0.29
27 Jul, 2011 7:03:15 AM org.apache.catalina.startup.HostConfig deployDescriptor
INFO: Deploying configuration descriptor ROOT.xml
27 Jul, 2011 7:03:51 AM org.apache.catalina.startup.HostConfig deployDirectory
INFO: Deploying web application directory bright-pixel
27 Jul, 2011 7:03:51 AM org.apache.catalina.startup.HostConfig deployDirectory
INFO: Deploying web application directory bright-pixel-theme
27 Jul, 2011 7:03:52 AM org.apache.catalina.startup.HostConfig deployDirectory
INFO: Deploying web application directory chat-portlet
27 Jul, 2011 7:03:53 AM org.apache.catalina.startup.HostConfig deployDirectory
INFO: Deploying web application directory default-site-templates-hook
27 Jul, 2011 7:03:53 AM org.apache.catalina.startup.HostConfig deployDirectory
INFO: Deploying web application directory google-maps-portlet
27 Jul, 2011 7:03:54 AM org.apache.catalina.startup.HostConfig deployDirectory
INFO: Deploying web application directory jedi-theme
27 Jul, 2011 7:03:54 AM org.apache.catalina.startup.HostConfig deployDirectory
INFO: Deploying web application directory kaleo-web
27 Jul, 2011 7:03:57 AM org.apache.catalina.startup.HostConfig deployDirectory
INFO: Deploying web application directory mail-portlet
27 Jul, 2011 7:03:59 AM org.apache.catalina.startup.HostConfig deployDirectory
INFO: Deploying web application directory my-layout
27 Jul, 2011 7:04:00 AM org.apache.catalina.startup.HostConfig deployDirectory
INFO: Deploying web application directory mytheme
27 Jul, 2011 7:04:00 AM org.apache.catalina.startup.HostConfig deployDirectory
INFO: Deploying web application directory New Template
27 Jul, 2011 7:04:00 AM org.apache.catalina.startup.HostConfig deployDirectory
INFO: Deploying web application directory new-theme
27 Jul, 2011 7:04:00 AM org.apache.catalina.startup.HostConfig deployDirectory
INFO: Deploying web application directory opensocial-portlet
27 Jul, 2011 7:04:47 AM org.apache.catalina.startup.HostConfig deployDirectory
INFO: Deploying web application directory past-issues-new-portlet
27 Jul, 2011 7:04:48 AM org.apache.catalina.startup.HostConfig deployDirectory
INFO: Deploying web application directory past-issues-portlet
27 Jul, 2011 7:04:48 AM org.apache.catalina.startup.HostConfig deployDirectory
INFO: Deploying web application directory sample-theme
27 Jul, 2011 7:04:48 AM org.apache.catalina.startup.HostConfig deployDirectory
INFO: Deploying web application directory sample-theme-envision
27 Jul, 2011 7:04:49 AM org.apache.catalina.startup.HostConfig deployDirectory
INFO: Deploying web application directory social-networking-portlet
27 Jul, 2011 7:04:50 AM org.apache.catalina.startup.HostConfig deployDirectory
INFO: Deploying web application directory titan-theme
27 Jul, 2011 7:04:50 AM org.apache.catalina.startup.HostConfig deployDirectory
INFO: Deploying web application directory tunnel-web
27 Jul, 2011 7:04:53 AM org.apache.catalina.startup.HostConfig deployDirectory
INFO: Deploying web application directory web-form-portlet
27 Jul, 2011 7:04:53 AM org.apache.catalina.startup.HostConfig deployDirectory
INFO: Deploying web application directory wordpress-twenty-ten-theme
27 Jul, 2011 7:04:53 AM org.apache.catalina.startup.HostConfig deployDirectory
INFO: Deploying web application directory wsrp-portlet
27 Jul, 2011 7:04:57 AM org.apache.catalina.startup.HostConfig deployDirectory
INFO: Deploying web application directory ymd-theme
27 Jul, 2011 7:04:58 AM org.apache.coyote.http11.Http11Protocol start
INFO: Starting Coyote HTTP/1.1 on http-8080
27 Jul, 2011 7:04:58 AM org.apache.jk.common.ChannelSocket init
INFO: JK: ajp13 listening on /0.0.0.0:8009
27 Jul, 2011 7:04:58 AM org.apache.jk.server.JkMain start
INFO: Jk running ID=0 time=0/31  config=null
27 Jul, 2011 7:04:58 AM org.apache.catalina.startup.Catalina start
INFO: Server startup in 103389 ms
27 Jul, 2011 7:10:23 AM org.apache.coyote.http11.Http11Protocol pause
INFO: Pausing Coyote HTTP/1.1 on http-8080
27 Jul, 2011 7:10:24 AM org.apache.catalina.core.StandardService stop
INFO: Stopping service Catalina
27 Jul, 2011 7:10:28 AM org.apache.catalina.loader.WebappClassLoader clearReferencesThreads
SEVERE: The web application [] is still processing a request that has yet to finish. This is very likely to create a memory leak. You can control the time allowed for requests to finish by using the unloadDelay attribute of the standard Context implementation.
27 Jul, 2011 7:10:35 AM org.apache.catalina.loader.WebappClassLoader clearReferencesThreads
SEVERE: The web application [/opensocial-portlet] appears to have started a thread named [com.google.inject.internal.Finalizer] but has failed to stop it. This is very likely to create a memory leak.
27 Jul, 2011 7:10:35 AM org.apache.catalina.loader.WebappClassLoader clearThreadLocalMap
SEVERE: The web application [/opensocial-portlet] created a ThreadLocal with key of type [null] (value [com.google.inject.InjectorImpl$1@17712ec]) and a value of type [java.lang.Object[]] (value [[Ljava.lang.Object;@7b6fc9]) but failed to remove it when the web application was stopped. This is very likely to create a memory leak.
27 Jul, 2011 7:10:35 AM org.apache.catalina.loader.WebappClassLoader clearThreadLocalMap
SEVERE: The web application [/opensocial-portlet] created a ThreadLocal with key of type [null] (value [org.apache.shindig.common.xml.XmlUtil$2@1e834f8]) and a value of type [org.apache.xerces.jaxp.DocumentBuilderImpl] (value [org.apache.xerces.jaxp.DocumentBuilderImpl@1ed8be3]) but failed to remove it when the web application was stopped. This is very likely to create a memory leak.
27 Jul, 2011 7:10:36 AM org.apache.catalina.loader.WebappClassLoader clearThreadLocalMap
SEVERE: The web application [/wsrp-portlet] created a ThreadLocal with key of type [org.apache.axis.utils.XMLUtils.ThreadLocalDocumentBuilder] (value [org.apache.axis.utils.XMLUtils$ThreadLocalDocumentBuilder@c42399]) and a value of type [com.sun.org.apache.xerces.internal.jaxp.DocumentBuilderImpl] (value [com.sun.org.apache.xerces.internal.jaxp.DocumentBuilderImpl@fd4eb9]) but failed to remove it when the web application was stopped. This is very likely to create a memory leak.
27 Jul, 2011 7:10:36 AM org.apache.coyote.http11.Http11Protocol destroy
INFO: Stopping Coyote HTTP/1.1 on http-8080
27 Jul, 2011 7:11:04 AM org.apache.catalina.core.AprLifecycleListener init
INFO: The APR based Apache Tomcat Native library which allows optimal performance in production environments was not found on the java.library.path: E:\liferay-portal-6.0.6\tomcat-6.0.29\jre1.6.0_20\win\bin;.;C:\Windows\Sun\Java\bin;C:\Windows\system32;C:\Windows;%CommonProgramFiles%\Microsoft Shared\Windows Live;C:\Windows\system32;C:\Windows;C:\Windows\System32\Wbem;C:\Windows\System32\WindowsPowerShell\v1.0\;C:\Program Files\WIDCOMM\Bluetooth Software\;C:\Program Files\WIDCOMM\Bluetooth Software\syswow64;\;C:\Program Files (x86)\Sony\VAIO Startup Setting Tool;C:\Program Files (x86)\Java\jdk1.6.0_26\bin;C:\Python27;C:\Python27\Lib\site-packages\django\bin;C:\Python27\Lib\site-packages\pyfacebook\bin;C:\apache-ant-1.7.1\bin;C:\opt\mysql\bin;C:\opt\apache-maven-2.2.1\bin;C:\opt\svn\bin\;E:\liferay-portal-6.0.6\tomcat-6.0.29\bin;C:\Program Files (x86)\PostgreSQL\8.3\bin;C:\Ruby187\bin;C:\Program Files (x86)\Mercurial
27 Jul, 2011 7:11:04 AM org.apache.coyote.http11.Http11Protocol init
INFO: Initializing Coyote HTTP/1.1 on http-8080
27 Jul, 2011 7:11:04 AM org.apache.catalina.startup.Catalina load
INFO: Initialization processed in 1157 ms
27 Jul, 2011 7:11:05 AM org.apache.catalina.core.StandardService start
INFO: Starting service Catalina
27 Jul, 2011 7:11:05 AM org.apache.catalina.core.StandardEngine start
INFO: Starting Servlet Engine: Apache Tomcat/6.0.29
27 Jul, 2011 7:11:05 AM org.apache.catalina.startup.HostConfig deployDescriptor
INFO: Deploying configuration descriptor ROOT.xml
27 Jul, 2011 7:11:45 AM org.apache.catalina.startup.HostConfig deployDirectory
INFO: Deploying web application directory bright-pixel
27 Jul, 2011 7:11:46 AM org.apache.catalina.startup.HostConfig deployDirectory
INFO: Deploying web application directory bright-pixel-theme
27 Jul, 2011 7:11:46 AM org.apache.catalina.startup.HostConfig deployDirectory
INFO: Deploying web application directory chat-portlet
27 Jul, 2011 7:11:47 AM org.apache.catalina.startup.HostConfig deployDirectory
INFO: Deploying web application directory default-site-templates-hook
27 Jul, 2011 7:11:48 AM org.apache.catalina.startup.HostConfig deployDirectory
INFO: Deploying web application directory google-maps-portlet
27 Jul, 2011 7:11:48 AM org.apache.catalina.startup.HostConfig deployDirectory
INFO: Deploying web application directory jedi-theme
27 Jul, 2011 7:11:49 AM org.apache.catalina.startup.HostConfig deployDirectory
INFO: Deploying web application directory kaleo-web
27 Jul, 2011 7:11:52 AM org.apache.catalina.startup.HostConfig deployDirectory
INFO: Deploying web application directory mail-portlet
27 Jul, 2011 7:11:53 AM org.apache.catalina.startup.HostConfig deployDirectory
INFO: Deploying web application directory my-layout
27 Jul, 2011 7:11:54 AM org.apache.catalina.startup.HostConfig deployDirectory
INFO: Deploying web application directory mytheme
27 Jul, 2011 7:11:54 AM org.apache.catalina.startup.HostConfig deployDirectory
INFO: Deploying web application directory New Template
27 Jul, 2011 7:11:54 AM org.apache.catalina.startup.HostConfig deployDirectory
INFO: Deploying web application directory new-theme
27 Jul, 2011 7:11:55 AM org.apache.catalina.startup.HostConfig deployDirectory
INFO: Deploying web application directory opensocial-portlet
27 Jul, 2011 7:12:25 AM org.apache.catalina.startup.HostConfig deployDirectory
INFO: Deploying web application directory past-issues-new-portlet
27 Jul, 2011 7:12:25 AM org.apache.catalina.startup.HostConfig deployDirectory
INFO: Deploying web application directory past-issues-portlet
27 Jul, 2011 7:12:25 AM org.apache.catalina.startup.HostConfig deployDirectory
INFO: Deploying web application directory sample-theme
27 Jul, 2011 7:12:26 AM org.apache.catalina.startup.HostConfig deployDirectory
INFO: Deploying web application directory sample-theme-envision
27 Jul, 2011 7:12:26 AM org.apache.catalina.startup.HostConfig deployDirectory
INFO: Deploying web application directory social-networking-portlet
27 Jul, 2011 7:12:27 AM org.apache.catalina.startup.HostConfig deployDirectory
INFO: Deploying web application directory titan-theme
27 Jul, 2011 7:12:27 AM org.apache.catalina.startup.HostConfig deployDirectory
INFO: Deploying web application directory tunnel-web
27 Jul, 2011 7:12:29 AM org.apache.catalina.startup.HostConfig deployDirectory
INFO: Deploying web application directory web-form-portlet
27 Jul, 2011 7:12:30 AM org.apache.catalina.startup.HostConfig deployDirectory
INFO: Deploying web application directory wordpress-twenty-ten-theme
27 Jul, 2011 7:12:30 AM org.apache.catalina.startup.HostConfig deployDirectory
INFO: Deploying web application directory wsrp-portlet
27 Jul, 2011 7:12:33 AM org.apache.catalina.startup.HostConfig deployDirectory
INFO: Deploying web application directory ymd-theme
27 Jul, 2011 7:12:33 AM org.apache.coyote.http11.Http11Protocol start
INFO: Starting Coyote HTTP/1.1 on http-8080
27 Jul, 2011 7:12:33 AM org.apache.jk.common.ChannelSocket init
INFO: JK: ajp13 listening on /0.0.0.0:8009
27 Jul, 2011 7:12:33 AM org.apache.jk.server.JkMain start
INFO: Jk running ID=0 time=0/24  config=null
27 Jul, 2011 7:12:34 AM org.apache.catalina.startup.Catalina start
INFO: Server startup in 89451 ms
27 Jul, 2011 7:19:13 AM org.apache.coyote.http11.Http11Protocol pause
INFO: Pausing Coyote HTTP/1.1 on http-8080
27 Jul, 2011 7:19:14 AM org.apache.catalina.core.StandardService stop
INFO: Stopping service Catalina
27 Jul, 2011 7:19:27 AM org.apache.catalina.core.AprLifecycleListener init
INFO: The APR based Apache Tomcat Native library which allows optimal performance in production environments was not found on the java.library.path: E:\liferay-portal-6.0.6\tomcat-6.0.29\jre1.6.0_20\win\bin;.;C:\Windows\Sun\Java\bin;C:\Windows\system32;C:\Windows;%CommonProgramFiles%\Microsoft Shared\Windows Live;C:\Windows\system32;C:\Windows;C:\Windows\System32\Wbem;C:\Windows\System32\WindowsPowerShell\v1.0\;C:\Program Files\WIDCOMM\Bluetooth Software\;C:\Program Files\WIDCOMM\Bluetooth Software\syswow64;\;C:\Program Files (x86)\Sony\VAIO Startup Setting Tool;C:\Program Files (x86)\Java\jdk1.6.0_26\bin;C:\Python27;C:\Python27\Lib\site-packages\django\bin;C:\Python27\Lib\site-packages\pyfacebook\bin;C:\apache-ant-1.7.1\bin;C:\opt\mysql\bin;C:\opt\apache-maven-2.2.1\bin;C:\opt\svn\bin\;E:\liferay-portal-6.0.6\tomcat-6.0.29\bin;C:\Program Files (x86)\PostgreSQL\8.3\bin;C:\Ruby187\bin;C:\Program Files (x86)\Mercurial
27 Jul, 2011 7:19:27 AM org.apache.coyote.http11.Http11Protocol init
INFO: Initializing Coyote HTTP/1.1 on http-8080
27 Jul, 2011 7:19:27 AM org.apache.catalina.startup.Catalina load
INFO: Initialization processed in 453 ms
27 Jul, 2011 7:19:27 AM org.apache.catalina.core.StandardService start
INFO: Starting service Catalina
27 Jul, 2011 7:19:27 AM org.apache.catalina.core.StandardEngine start
INFO: Starting Servlet Engine: Apache Tomcat/6.0.29
27 Jul, 2011 7:19:27 AM org.apache.catalina.startup.HostConfig deployDescriptor
INFO: Deploying configuration descriptor ROOT.xml
27 Jul, 2011 7:20:01 AM org.apache.catalina.startup.HostConfig deployDirectory
INFO: Deploying web application directory bright-pixel
27 Jul, 2011 7:20:02 AM org.apache.catalina.startup.HostConfig deployDirectory
INFO: Deploying web application directory bright-pixel-theme
27 Jul, 2011 7:20:02 AM org.apache.catalina.startup.HostConfig deployDirectory
INFO: Deploying web application directory chat-portlet
27 Jul, 2011 7:20:03 AM org.apache.catalina.startup.HostConfig deployDirectory
INFO: Deploying web application directory default-site-templates-hook
27 Jul, 2011 7:20:03 AM org.apache.catalina.startup.HostConfig deployDirectory
INFO: Deploying web application directory google-maps-portlet
27 Jul, 2011 7:20:04 AM org.apache.catalina.startup.HostConfig deployDirectory
INFO: Deploying web application directory jedi-theme
27 Jul, 2011 7:20:04 AM org.apache.catalina.startup.HostConfig deployDirectory
INFO: Deploying web application directory kaleo-web
27 Jul, 2011 7:20:07 AM org.apache.catalina.startup.HostConfig deployDirectory
INFO: Deploying web application directory mail-portlet
27 Jul, 2011 7:20:08 AM org.apache.catalina.startup.HostConfig deployDirectory
INFO: Deploying web application directory my-layout
27 Jul, 2011 7:20:08 AM org.apache.catalina.startup.HostConfig deployDirectory
INFO: Deploying web application directory mytheme
27 Jul, 2011 7:20:09 AM org.apache.catalina.startup.HostConfig deployDirectory
INFO: Deploying web application directory New Template
27 Jul, 2011 7:20:09 AM org.apache.catalina.startup.HostConfig deployDirectory
INFO: Deploying web application directory new-theme
27 Jul, 2011 7:20:09 AM org.apache.catalina.startup.HostConfig deployDirectory
INFO: Deploying web application directory opensocial-portlet
27 Jul, 2011 7:20:47 AM org.apache.catalina.startup.HostConfig deployDirectory
INFO: Deploying web application directory past-issues-new-portlet
27 Jul, 2011 7:20:48 AM org.apache.catalina.startup.HostConfig deployDirectory
INFO: Deploying web application directory past-issues-portlet
27 Jul, 2011 7:20:48 AM org.apache.catalina.startup.HostConfig deployDirectory
INFO: Deploying web application directory sample-theme
27 Jul, 2011 7:20:48 AM org.apache.catalina.startup.HostConfig deployDirectory
INFO: Deploying web application directory sample-theme-envision
27 Jul, 2011 7:20:49 AM org.apache.catalina.startup.HostConfig deployDirectory
INFO: Deploying web application directory social-networking-portlet
27 Jul, 2011 7:20:50 AM org.apache.catalina.startup.HostConfig deployDirectory
INFO: Deploying web application directory titan-theme
27 Jul, 2011 7:20:50 AM org.apache.catalina.startup.HostConfig deployDirectory
INFO: Deploying web application directory tunnel-web
27 Jul, 2011 7:20:52 AM org.apache.catalina.startup.HostConfig deployDirectory
INFO: Deploying web application directory web-form-portlet
27 Jul, 2011 7:20:52 AM org.apache.catalina.startup.HostConfig deployDirectory
INFO: Deploying web application directory wordpress-twenty-ten-theme
27 Jul, 2011 7:20:53 AM org.apache.catalina.startup.HostConfig deployDirectory
INFO: Deploying web application directory wsrp-portlet
27 Jul, 2011 7:20:55 AM org.apache.catalina.startup.HostConfig deployDirectory
INFO: Deploying web application directory ymd-theme
27 Jul, 2011 7:20:56 AM org.apache.coyote.http11.Http11Protocol start
INFO: Starting Coyote HTTP/1.1 on http-8080
27 Jul, 2011 7:20:56 AM org.apache.jk.common.ChannelSocket init
INFO: JK: ajp13 listening on /0.0.0.0:8009
27 Jul, 2011 7:20:56 AM org.apache.jk.server.JkMain start
INFO: Jk running ID=0 time=0/19  config=null
27 Jul, 2011 7:20:56 AM org.apache.catalina.startup.Catalina start
INFO: Server startup in 88642 ms
27 Jul, 2011 7:23:08 AM org.apache.catalina.core.AprLifecycleListener init
INFO: The APR based Apache Tomcat Native library which allows optimal performance in production environments was not found on the java.library.path: E:\liferay-portal-6.0.6\tomcat-6.0.29\jre1.6.0_20\win\bin;.;C:\Windows\Sun\Java\bin;C:\Windows\system32;C:\Windows;%CommonProgramFiles%\Microsoft Shared\Windows Live;C:\Windows\system32;C:\Windows;C:\Windows\System32\Wbem;C:\Windows\System32\WindowsPowerShell\v1.0\;C:\Program Files\WIDCOMM\Bluetooth Software\;C:\Program Files\WIDCOMM\Bluetooth Software\syswow64;\;C:\Program Files (x86)\Sony\VAIO Startup Setting Tool;C:\Program Files (x86)\Java\jdk1.6.0_26\bin;C:\Python27;C:\Python27\Lib\site-packages\django\bin;C:\Python27\Lib\site-packages\pyfacebook\bin;C:\apache-ant-1.7.1\bin;C:\opt\mysql\bin;C:\opt\apache-maven-2.2.1\bin;C:\opt\svn\bin\;E:\liferay-portal-6.0.6\tomcat-6.0.29\bin;C:\Program Files (x86)\PostgreSQL\8.3\bin;C:\Ruby187\bin;C:\Program Files (x86)\Mercurial
27 Jul, 2011 7:23:08 AM org.apache.coyote.http11.Http11Protocol init
INFO: Initializing Coyote HTTP/1.1 on http-8080
27 Jul, 2011 7:23:08 AM org.apache.catalina.startup.Catalina load
INFO: Initialization processed in 454 ms
27 Jul, 2011 7:23:08 AM org.apache.catalina.core.StandardService start
INFO: Starting service Catalina
27 Jul, 2011 7:23:08 AM org.apache.catalina.core.StandardEngine start
INFO: Starting Servlet Engine: Apache Tomcat/6.0.29
27 Jul, 2011 7:23:08 AM org.apache.catalina.startup.HostConfig deployDescriptor
INFO: Deploying configuration descriptor ROOT.xml
27 Jul, 2011 7:23:42 AM org.apache.catalina.startup.HostConfig deployDirectory
INFO: Deploying web application directory bright-pixel
27 Jul, 2011 7:23:43 AM org.apache.catalina.startup.HostConfig deployDirectory
INFO: Deploying web application directory bright-pixel-theme
27 Jul, 2011 7:23:43 AM org.apache.catalina.startup.HostConfig deployDirectory
INFO: Deploying web application directory chat-portlet
27 Jul, 2011 7:23:44 AM org.apache.catalina.startup.HostConfig deployDirectory
INFO: Deploying web application directory default-site-templates-hook
27 Jul, 2011 7:23:45 AM org.apache.catalina.startup.HostConfig deployDirectory
INFO: Deploying web application directory google-maps-portlet
27 Jul, 2011 7:23:45 AM org.apache.catalina.startup.HostConfig deployDirectory
INFO: Deploying web application directory jedi-theme
27 Jul, 2011 7:23:45 AM org.apache.catalina.startup.HostConfig deployDirectory
INFO: Deploying web application directory kaleo-web
27 Jul, 2011 7:23:48 AM org.apache.catalina.startup.HostConfig deployDirectory
INFO: Deploying web application directory mail-portlet
27 Jul, 2011 7:23:49 AM org.apache.catalina.startup.HostConfig deployDirectory
INFO: Deploying web application directory my-layout
27 Jul, 2011 7:23:49 AM org.apache.catalina.startup.HostConfig deployDirectory
INFO: Deploying web application directory mytheme
27 Jul, 2011 7:23:50 AM org.apache.catalina.startup.HostConfig deployDirectory
INFO: Deploying web application directory New Template
27 Jul, 2011 7:23:50 AM org.apache.catalina.startup.HostConfig deployDirectory
INFO: Deploying web application directory new-theme
27 Jul, 2011 7:23:50 AM org.apache.catalina.startup.HostConfig deployDirectory
INFO: Deploying web application directory opensocial-portlet
27 Jul, 2011 7:24:17 AM org.apache.catalina.startup.HostConfig deployDirectory
INFO: Deploying web application directory past-issues-new-portlet
27 Jul, 2011 7:24:17 AM org.apache.catalina.startup.HostConfig deployDirectory
INFO: Deploying web application directory past-issues-portlet
27 Jul, 2011 7:24:17 AM org.apache.catalina.startup.HostConfig deployDirectory
INFO: Deploying web application directory sample-theme
27 Jul, 2011 7:24:17 AM org.apache.catalina.startup.HostConfig deployDirectory
INFO: Deploying web application directory sample-theme-envision
27 Jul, 2011 7:24:18 AM org.apache.catalina.startup.HostConfig deployDirectory
INFO: Deploying web application directory social-networking-portlet
27 Jul, 2011 7:24:19 AM org.apache.catalina.startup.HostConfig deployDirectory
INFO: Deploying web application directory titan-theme
27 Jul, 2011 7:24:19 AM org.apache.catalina.startup.HostConfig deployDirectory
INFO: Deploying web application directory tunnel-web
27 Jul, 2011 7:24:21 AM org.apache.catalina.startup.HostConfig deployDirectory
INFO: Deploying web application directory web-form-portlet
27 Jul, 2011 7:24:22 AM org.apache.catalina.startup.HostConfig deployDirectory
INFO: Deploying web application directory wordpress-twenty-ten-theme
27 Jul, 2011 7:24:22 AM org.apache.catalina.startup.HostConfig deployDirectory
INFO: Deploying web application directory wsrp-portlet
27 Jul, 2011 7:24:24 AM org.apache.catalina.startup.HostConfig deployDirectory
INFO: Deploying web application directory ymd-theme
27 Jul, 2011 7:24:25 AM org.apache.coyote.http11.Http11Protocol start
INFO: Starting Coyote HTTP/1.1 on http-8080
27 Jul, 2011 7:24:25 AM org.apache.jk.common.ChannelSocket init
INFO: JK: ajp13 listening on /0.0.0.0:8009
27 Jul, 2011 7:24:25 AM org.apache.jk.server.JkMain start
INFO: Jk running ID=0 time=0/23  config=null
27 Jul, 2011 7:24:25 AM org.apache.catalina.startup.Catalina start
INFO: Server startup in 76549 ms
27 Jul, 2011 7:25:19 AM org.apache.catalina.core.AprLifecycleListener init
INFO: The APR based Apache Tomcat Native library which allows optimal performance in production environments was not found on the java.library.path: E:\liferay-portal-6.0.6\tomcat-6.0.29\jre1.6.0_20\win\bin;.;C:\Windows\Sun\Java\bin;C:\Windows\system32;C:\Windows;%CommonProgramFiles%\Microsoft Shared\Windows Live;C:\Windows\system32;C:\Windows;C:\Windows\System32\Wbem;C:\Windows\System32\WindowsPowerShell\v1.0\;C:\Program Files\WIDCOMM\Bluetooth Software\;C:\Program Files\WIDCOMM\Bluetooth Software\syswow64;\;C:\Program Files (x86)\Sony\VAIO Startup Setting Tool;C:\Program Files (x86)\Java\jdk1.6.0_26\bin;C:\Python27;C:\Python27\Lib\site-packages\django\bin;C:\Python27\Lib\site-packages\pyfacebook\bin;C:\apache-ant-1.7.1\bin;C:\opt\mysql\bin;C:\opt\apache-maven-2.2.1\bin;C:\opt\svn\bin\;E:\liferay-portal-6.0.6\tomcat-6.0.29\bin;C:\Program Files (x86)\PostgreSQL\8.3\bin;C:\Ruby187\bin;C:\Program Files (x86)\Mercurial
27 Jul, 2011 7:25:19 AM org.apache.coyote.http11.Http11Protocol init
INFO: Initializing Coyote HTTP/1.1 on http-8080
27 Jul, 2011 7:25:19 AM org.apache.catalina.startup.Catalina load
INFO: Initialization processed in 523 ms
27 Jul, 2011 7:25:19 AM org.apache.catalina.core.StandardService start
INFO: Starting service Catalina
27 Jul, 2011 7:25:19 AM org.apache.catalina.core.StandardEngine start
INFO: Starting Servlet Engine: Apache Tomcat/6.0.29
27 Jul, 2011 7:25:20 AM org.apache.catalina.startup.HostConfig deployDescriptor
INFO: Deploying configuration descriptor ROOT.xml
27 Jul, 2011 7:25:54 AM org.apache.catalina.startup.HostConfig deployDirectory
INFO: Deploying web application directory bright-pixel
27 Jul, 2011 7:25:55 AM org.apache.catalina.startup.HostConfig deployDirectory
INFO: Deploying web application directory bright-pixel-theme
27 Jul, 2011 7:25:55 AM org.apache.catalina.startup.HostConfig deployDirectory
INFO: Deploying web application directory chat-portlet
27 Jul, 2011 7:25:56 AM org.apache.catalina.startup.HostConfig deployDirectory
INFO: Deploying web application directory default-site-templates-hook
27 Jul, 2011 7:25:57 AM org.apache.catalina.startup.HostConfig deployDirectory
INFO: Deploying web application directory google-maps-portlet
27 Jul, 2011 7:25:57 AM org.apache.catalina.startup.HostConfig deployDirectory
INFO: Deploying web application directory jedi-theme
27 Jul, 2011 7:25:57 AM org.apache.catalina.startup.HostConfig deployDirectory
INFO: Deploying web application directory kaleo-web
27 Jul, 2011 7:26:00 AM org.apache.catalina.startup.HostConfig deployDirectory
INFO: Deploying web application directory mail-portlet
27 Jul, 2011 7:26:01 AM org.apache.catalina.startup.HostConfig deployDirectory
INFO: Deploying web application directory my-layout
27 Jul, 2011 7:26:02 AM org.apache.catalina.startup.HostConfig deployDirectory
INFO: Deploying web application directory mytheme
27 Jul, 2011 7:26:02 AM org.apache.catalina.startup.HostConfig deployDirectory
INFO: Deploying web application directory New Template
27 Jul, 2011 7:26:02 AM org.apache.catalina.startup.HostConfig deployDirectory
INFO: Deploying web application directory new-theme
27 Jul, 2011 7:26:02 AM org.apache.catalina.startup.HostConfig deployDirectory
INFO: Deploying web application directory opensocial-portlet
27 Jul, 2011 7:26:34 AM org.apache.catalina.startup.HostConfig deployDirectory
INFO: Deploying web application directory past-issues-new-portlet
27 Jul, 2011 7:26:35 AM org.apache.catalina.startup.HostConfig deployDirectory
INFO: Deploying web application directory past-issues-portlet
27 Jul, 2011 7:26:35 AM org.apache.catalina.startup.HostConfig deployDirectory
INFO: Deploying web application directory sample-theme
27 Jul, 2011 7:26:36 AM org.apache.catalina.startup.HostConfig deployDirectory
INFO: Deploying web application directory sample-theme-envision
27 Jul, 2011 7:26:36 AM org.apache.catalina.startup.HostConfig deployDirectory
INFO: Deploying web application directory social-networking-portlet
27 Jul, 2011 7:26:37 AM org.apache.catalina.startup.HostConfig deployDirectory
INFO: Deploying web application directory titan-theme
27 Jul, 2011 7:26:38 AM org.apache.catalina.startup.HostConfig deployDirectory
INFO: Deploying web application directory tunnel-web
27 Jul, 2011 7:26:40 AM org.apache.catalina.startup.HostConfig deployDirectory
INFO: Deploying web application directory web-form-portlet
27 Jul, 2011 7:26:40 AM org.apache.catalina.startup.HostConfig deployDirectory
INFO: Deploying web application directory wordpress-twenty-ten-theme
27 Jul, 2011 7:26:41 AM org.apache.catalina.startup.HostConfig deployDirectory
INFO: Deploying web application directory wsrp-portlet
27 Jul, 2011 7:26:44 AM org.apache.catalina.startup.HostConfig deployDirectory
INFO: Deploying web application directory ymd-theme
27 Jul, 2011 7:26:44 AM org.apache.coyote.http11.Http11Protocol start
INFO: Starting Coyote HTTP/1.1 on http-8080
27 Jul, 2011 7:26:44 AM org.apache.jk.common.ChannelSocket init
INFO: JK: ajp13 listening on /0.0.0.0:8009
27 Jul, 2011 7:26:44 AM org.apache.jk.server.JkMain start
INFO: Jk running ID=0 time=0/26  config=null
27 Jul, 2011 7:26:44 AM org.apache.catalina.startup.Catalina start
INFO: Server startup in 84854 ms
27 Jul, 2011 7:28:17 AM org.apache.catalina.core.AprLifecycleListener init
INFO: The APR based Apache Tomcat Native library which allows optimal performance in production environments was not found on the java.library.path: E:\liferay-portal-6.0.6\tomcat-6.0.29\jre1.6.0_20\win\bin;.;C:\Windows\Sun\Java\bin;C:\Windows\system32;C:\Windows;%CommonProgramFiles%\Microsoft Shared\Windows Live;C:\Windows\system32;C:\Windows;C:\Windows\System32\Wbem;C:\Windows\System32\WindowsPowerShell\v1.0\;C:\Program Files\WIDCOMM\Bluetooth Software\;C:\Program Files\WIDCOMM\Bluetooth Software\syswow64;\;C:\Program Files (x86)\Sony\VAIO Startup Setting Tool;C:\Program Files (x86)\Java\jdk1.6.0_26\bin;C:\Python27;C:\Python27\Lib\site-packages\django\bin;C:\Python27\Lib\site-packages\pyfacebook\bin;C:\apache-ant-1.7.1\bin;C:\opt\mysql\bin;C:\opt\apache-maven-2.2.1\bin;C:\opt\svn\bin\;E:\liferay-portal-6.0.6\tomcat-6.0.29\bin;C:\Program Files (x86)\PostgreSQL\8.3\bin;C:\Ruby187\bin;C:\Program Files (x86)\Mercurial
27 Jul, 2011 7:28:17 AM org.apache.coyote.http11.Http11Protocol init
INFO: Initializing Coyote HTTP/1.1 on http-8080
27 Jul, 2011 7:28:17 AM org.apache.catalina.startup.Catalina load
INFO: Initialization processed in 978 ms
27 Jul, 2011 7:28:17 AM org.apache.catalina.core.StandardService start
INFO: Starting service Catalina
27 Jul, 2011 7:28:17 AM org.apache.catalina.core.StandardEngine start
INFO: Starting Servlet Engine: Apache Tomcat/6.0.29
27 Jul, 2011 7:28:17 AM org.apache.catalina.startup.HostConfig deployDescriptor
INFO: Deploying configuration descriptor ROOT.xml
27 Jul, 2011 7:28:56 AM org.apache.catalina.startup.HostConfig deployDirectory
INFO: Deploying web application directory bright-pixel
27 Jul, 2011 7:28:56 AM org.apache.catalina.startup.HostConfig deployDirectory
INFO: Deploying web application directory bright-pixel-theme
27 Jul, 2011 7:28:57 AM org.apache.catalina.startup.HostConfig deployDirectory
INFO: Deploying web application directory chat-portlet
27 Jul, 2011 7:28:58 AM org.apache.catalina.startup.HostConfig deployDirectory
INFO: Deploying web application directory default-site-templates-hook
27 Jul, 2011 7:28:58 AM org.apache.catalina.startup.HostConfig deployDirectory
INFO: Deploying web application directory google-maps-portlet
27 Jul, 2011 7:28:58 AM org.apache.catalina.startup.HostConfig deployDirectory
INFO: Deploying web application directory jedi-theme
27 Jul, 2011 7:28:59 AM org.apache.catalina.startup.HostConfig deployDirectory
INFO: Deploying web application directory kaleo-web
27 Jul, 2011 7:29:01 AM org.apache.catalina.startup.HostConfig deployDirectory
INFO: Deploying web application directory mail-portlet
27 Jul, 2011 7:29:03 AM org.apache.catalina.startup.HostConfig deployDirectory
INFO: Deploying web application directory my-layout
27 Jul, 2011 7:29:03 AM org.apache.catalina.startup.HostConfig deployDirectory
INFO: Deploying web application directory mytheme
27 Jul, 2011 7:29:03 AM org.apache.catalina.startup.HostConfig deployDirectory
INFO: Deploying web application directory New Template
27 Jul, 2011 7:29:03 AM org.apache.catalina.startup.HostConfig deployDirectory
INFO: Deploying web application directory new-theme
27 Jul, 2011 7:29:04 AM org.apache.catalina.startup.HostConfig deployDirectory
INFO: Deploying web application directory opensocial-portlet
27 Jul, 2011 7:29:32 AM org.apache.catalina.startup.HostConfig deployDirectory
INFO: Deploying web application directory past-issues-new-portlet
27 Jul, 2011 7:29:32 AM org.apache.catalina.startup.HostConfig deployDirectory
INFO: Deploying web application directory past-issues-portlet
27 Jul, 2011 7:29:32 AM org.apache.catalina.startup.HostConfig deployDirectory
INFO: Deploying web application directory sample-theme
27 Jul, 2011 7:29:32 AM org.apache.catalina.startup.HostConfig deployDirectory
INFO: Deploying web application directory sample-theme-envision
27 Jul, 2011 7:29:33 AM org.apache.catalina.startup.HostConfig deployDirectory
INFO: Deploying web application directory social-networking-portlet
27 Jul, 2011 7:29:34 AM org.apache.catalina.startup.HostConfig deployDirectory
INFO: Deploying web application directory titan-theme
27 Jul, 2011 7:29:34 AM org.apache.catalina.startup.HostConfig deployDirectory
INFO: Deploying web application directory tunnel-web
27 Jul, 2011 7:29:36 AM org.apache.catalina.startup.HostConfig deployDirectory
INFO: Deploying web application directory web-form-portlet
27 Jul, 2011 7:29:37 AM org.apache.catalina.startup.HostConfig deployDirectory
INFO: Deploying web application directory wordpress-twenty-ten-theme
27 Jul, 2011 7:29:37 AM org.apache.catalina.startup.HostConfig deployDirectory
INFO: Deploying web application directory wsrp-portlet
27 Jul, 2011 7:29:40 AM org.apache.catalina.startup.HostConfig deployDirectory
INFO: Deploying web application directory ymd-theme
27 Jul, 2011 7:29:40 AM org.apache.coyote.http11.Http11Protocol start
INFO: Starting Coyote HTTP/1.1 on http-8080
27 Jul, 2011 7:29:40 AM org.apache.jk.common.ChannelSocket init
INFO: JK: ajp13 listening on /0.0.0.0:8009
27 Jul, 2011 7:29:40 AM org.apache.jk.server.JkMain start
INFO: Jk running ID=0 time=1/33  config=null
27 Jul, 2011 7:29:41 AM org.apache.catalina.startup.Catalina start
INFO: Server startup in 83399 ms
27 Jul, 2011 7:30:31 AM org.apache.catalina.core.AprLifecycleListener init
INFO: The APR based Apache Tomcat Native library which allows optimal performance in production environments was not found on the java.library.path: E:\liferay-portal-6.0.6\tomcat-6.0.29\jre1.6.0_20\win\bin;.;C:\Windows\Sun\Java\bin;C:\Windows\system32;C:\Windows;%CommonProgramFiles%\Microsoft Shared\Windows Live;C:\Windows\system32;C:\Windows;C:\Windows\System32\Wbem;C:\Windows\System32\WindowsPowerShell\v1.0\;C:\Program Files\WIDCOMM\Bluetooth Software\;C:\Program Files\WIDCOMM\Bluetooth Software\syswow64;\;C:\Program Files (x86)\Sony\VAIO Startup Setting Tool;C:\Program Files (x86)\Java\jdk1.6.0_26\bin;C:\Python27;C:\Python27\Lib\site-packages\django\bin;C:\Python27\Lib\site-packages\pyfacebook\bin;C:\apache-ant-1.7.1\bin;C:\opt\mysql\bin;C:\opt\apache-maven-2.2.1\bin;C:\opt\svn\bin\;E:\liferay-portal-6.0.6\tomcat-6.0.29\bin;C:\Program Files (x86)\PostgreSQL\8.3\bin;C:\Ruby187\bin;C:\Program Files (x86)\Mercurial
27 Jul, 2011 7:30:31 AM org.apache.coyote.http11.Http11Protocol init
INFO: Initializing Coyote HTTP/1.1 on http-8080
27 Jul, 2011 7:30:31 AM org.apache.catalina.startup.Catalina load
INFO: Initialization processed in 977 ms
27 Jul, 2011 7:30:31 AM org.apache.catalina.core.StandardService start
INFO: Starting service Catalina
27 Jul, 2011 7:30:31 AM org.apache.catalina.core.StandardEngine start
INFO: Starting Servlet Engine: Apache Tomcat/6.0.29
27 Jul, 2011 7:30:31 AM org.apache.catalina.startup.HostConfig deployDescriptor
INFO: Deploying configuration descriptor ROOT.xml
27 Jul, 2011 7:31:12 AM org.apache.catalina.startup.HostConfig deployDirectory
INFO: Deploying web application directory bright-pixel
27 Jul, 2011 7:31:13 AM org.apache.catalina.startup.HostConfig deployDirectory
INFO: Deploying web application directory bright-pixel-theme
27 Jul, 2011 7:31:14 AM org.apache.catalina.startup.HostConfig deployDirectory
INFO: Deploying web application directory chat-portlet
27 Jul, 2011 7:31:15 AM org.apache.catalina.startup.HostConfig deployDirectory
INFO: Deploying web application directory default-site-templates-hook
27 Jul, 2011 7:31:15 AM org.apache.catalina.startup.HostConfig deployDirectory
INFO: Deploying web application directory google-maps-portlet
27 Jul, 2011 7:31:16 AM org.apache.catalina.startup.HostConfig deployDirectory
INFO: Deploying web application directory jedi-theme
27 Jul, 2011 7:31:16 AM org.apache.catalina.startup.HostConfig deployDirectory
INFO: Deploying web application directory kaleo-web
27 Jul, 2011 7:31:20 AM org.apache.catalina.startup.HostConfig deployDirectory
INFO: Deploying web application directory mail-portlet
27 Jul, 2011 7:31:22 AM org.apache.catalina.startup.HostConfig deployDirectory
INFO: Deploying web application directory my-layout
27 Jul, 2011 7:31:22 AM org.apache.catalina.startup.HostConfig deployDirectory
INFO: Deploying web application directory mytheme
27 Jul, 2011 7:31:23 AM org.apache.catalina.startup.HostConfig deployDirectory
INFO: Deploying web application directory New Template
27 Jul, 2011 7:31:23 AM org.apache.catalina.startup.HostConfig deployDirectory
INFO: Deploying web application directory new-theme
27 Jul, 2011 7:31:23 AM org.apache.catalina.startup.HostConfig deployDirectory
INFO: Deploying web application directory opensocial-portlet
27 Jul, 2011 7:32:04 AM org.apache.catalina.startup.HostConfig deployDirectory
INFO: Deploying web application directory past-issues-new-portlet
27 Jul, 2011 7:32:04 AM org.apache.catalina.startup.HostConfig deployDirectory
INFO: Deploying web application directory past-issues-portlet
27 Jul, 2011 7:32:04 AM org.apache.catalina.startup.HostConfig deployDirectory
INFO: Deploying web application directory sample-theme
27 Jul, 2011 7:32:05 AM org.apache.catalina.startup.HostConfig deployDirectory
INFO: Deploying web application directory sample-theme-envision
27 Jul, 2011 7:32:05 AM org.apache.catalina.startup.HostConfig deployDirectory
INFO: Deploying web application directory social-networking-portlet
27 Jul, 2011 7:32:06 AM org.apache.catalina.startup.HostConfig deployDirectory
INFO: Deploying web application directory titan-theme
27 Jul, 2011 7:32:07 AM org.apache.catalina.startup.HostConfig deployDirectory
INFO: Deploying web application directory tunnel-web
27 Jul, 2011 7:32:09 AM org.apache.catalina.startup.HostConfig deployDirectory
INFO: Deploying web application directory web-form-portlet
27 Jul, 2011 7:32:10 AM org.apache.catalina.startup.HostConfig deployDirectory
INFO: Deploying web application directory wordpress-twenty-ten-theme
27 Jul, 2011 7:32:10 AM org.apache.catalina.startup.HostConfig deployDirectory
INFO: Deploying web application directory wsrp-portlet
27 Jul, 2011 7:32:14 AM org.apache.catalina.startup.HostConfig deployDirectory
INFO: Deploying web application directory ymd-theme
27 Jul, 2011 7:32:14 AM org.apache.coyote.http11.Http11Protocol start
INFO: Starting Coyote HTTP/1.1 on http-8080
27 Jul, 2011 7:32:14 AM org.apache.jk.common.ChannelSocket init
INFO: JK: ajp13 listening on /0.0.0.0:8009
27 Jul, 2011 7:32:14 AM org.apache.jk.server.JkMain start
INFO: Jk running ID=0 time=0/25  config=null
27 Jul, 2011 7:32:15 AM org.apache.catalina.startup.Catalina start
INFO: Server startup in 103870 ms
