May 20, 2011 6:31:10 AM org.apache.catalina.core.AprLifecycleListener init
INFO: The APR based Apache Tomcat Native library which allows optimal performance in production environments was not found on the java.library.path: /usr/lib/jvm/java-6-sun-1.6.0.21/jre/lib/amd64/server:/usr/lib/jvm/java-6-sun-1.6.0.21/jre/lib/amd64:/usr/lib/jvm/java-6-sun-1.6.0.21/jre/../lib/amd64:/usr/java/packages/lib/amd64:/usr/lib64:/lib64:/lib:/usr/lib
May 20, 2011 6:31:10 AM org.apache.coyote.http11.Http11Protocol init
INFO: Initializing Coyote HTTP/1.1 on http-8080
May 20, 2011 6:31:10 AM org.apache.catalina.startup.Catalina load
INFO: Initialization processed in 798 ms
May 20, 2011 6:31:10 AM org.apache.catalina.core.StandardService start
INFO: Starting service Catalina
May 20, 2011 6:31:10 AM org.apache.catalina.core.StandardEngine start
INFO: Starting Servlet Engine: Apache Tomcat/6.0.29
May 20, 2011 6:31:10 AM org.apache.catalina.startup.HostConfig deployDescriptor
INFO: Deploying configuration descriptor ROOT.xml
May 20, 2011 6:31:45 AM org.apache.catalina.startup.HostConfig deployDirectory
INFO: Deploying web application directory social-networking-portlet
May 20, 2011 6:31:47 AM org.apache.catalina.startup.HostConfig deployDirectory
INFO: Deploying web application directory mail-portlet
May 20, 2011 6:31:49 AM org.apache.catalina.startup.HostConfig deployDirectory
INFO: Deploying web application directory opensocial-portlet
May 20, 2011 6:32:05 AM org.apache.catalina.startup.HostConfig deployDirectory
INFO: Deploying web application directory new-theme
May 20, 2011 6:32:06 AM org.apache.catalina.startup.HostConfig deployDirectory
INFO: Deploying web application directory New Template
May 20, 2011 6:32:06 AM org.apache.catalina.startup.HostConfig deployDirectory
INFO: Deploying web application directory chat-portlet
May 20, 2011 6:32:07 AM org.apache.catalina.startup.HostConfig deployDirectory
INFO: Deploying web application directory ymd-theme
May 20, 2011 6:32:07 AM org.apache.catalina.startup.HostConfig deployDirectory
INFO: Deploying web application directory web-form-portlet
May 20, 2011 6:32:08 AM org.apache.catalina.startup.HostConfig deployDirectory
INFO: Deploying web application directory bright-pixel
May 20, 2011 6:32:08 AM org.apache.catalina.startup.HostConfig deployDirectory
INFO: Deploying web application directory mytheme
May 20, 2011 6:32:08 AM org.apache.catalina.startup.HostConfig deployDirectory
INFO: Deploying web application directory sample-theme
May 20, 2011 6:32:09 AM org.apache.catalina.startup.HostConfig deployDirectory
INFO: Deploying web application directory sample-theme-envision
May 20, 2011 6:32:09 AM org.apache.catalina.startup.HostConfig deployDirectory
INFO: Deploying web application directory kaleo-web
May 20, 2011 6:32:11 AM org.apache.catalina.startup.HostConfig deployDirectory
INFO: Deploying web application directory wordpress-twenty-ten-theme
May 20, 2011 6:32:12 AM org.apache.catalina.startup.HostConfig deployDirectory
INFO: Deploying web application directory wsrp-portlet
May 20, 2011 6:32:14 AM org.apache.catalina.startup.HostConfig deployDirectory
INFO: Deploying web application directory bright-pixel-theme
May 20, 2011 6:32:14 AM org.apache.catalina.startup.HostConfig deployDirectory
INFO: Deploying web application directory jedi-theme
May 20, 2011 6:32:14 AM org.apache.catalina.startup.HostConfig deployDirectory
INFO: Deploying web application directory titan-theme
May 20, 2011 6:32:15 AM org.apache.catalina.startup.HostConfig deployDirectory
INFO: Deploying web application directory google-maps-portlet
May 20, 2011 6:32:15 AM org.apache.catalina.startup.HostConfig deployDirectory
INFO: Deploying web application directory default-site-templates-hook
May 20, 2011 6:32:15 AM org.apache.catalina.startup.HostConfig deployDirectory
INFO: Deploying web application directory tunnel-web
May 20, 2011 6:32:17 AM org.apache.catalina.startup.HostConfig deployDirectory
INFO: Deploying web application directory my-layout
May 20, 2011 6:32:17 AM org.apache.coyote.http11.Http11Protocol start
INFO: Starting Coyote HTTP/1.1 on http-8080
May 20, 2011 6:32:17 AM org.apache.jk.common.ChannelSocket init
INFO: JK: ajp13 listening on /0.0.0.0:8009
May 20, 2011 6:32:18 AM org.apache.jk.server.JkMain start
INFO: Jk running ID=0 time=0/80  config=null
May 20, 2011 6:32:18 AM org.apache.catalina.startup.Catalina start
INFO: Server startup in 67438 ms
May 20, 2011 6:54:54 AM org.apache.coyote.http11.Http11Protocol pause
INFO: Pausing Coyote HTTP/1.1 on http-8080
May 20, 2011 6:54:55 AM org.apache.catalina.core.StandardService stop
INFO: Stopping service Catalina
May 20, 2011 6:54:58 AM org.apache.catalina.loader.WebappClassLoader clearThreadLocalMap
SEVERE: The web application [] created a ThreadLocal with key of type [org.apache.axis.utils.XMLUtils.ThreadLocalDocumentBuilder] (value [org.apache.axis.utils.XMLUtils$ThreadLocalDocumentBuilder@4b75e66f]) and a value of type [org.apache.xerces.jaxp.DocumentBuilderImpl] (value [org.apache.xerces.jaxp.DocumentBuilderImpl@296ba81d]) but failed to remove it when the web application was stopped. This is very likely to create a memory leak.
May 20, 2011 6:55:01 AM org.apache.catalina.loader.WebappClassLoader clearThreadLocalMap
SEVERE: The web application [/wsrp-portlet] created a ThreadLocal with key of type [org.apache.axis.utils.XMLUtils.ThreadLocalDocumentBuilder] (value [org.apache.axis.utils.XMLUtils$ThreadLocalDocumentBuilder@47b77e9b]) and a value of type [com.sun.org.apache.xerces.internal.jaxp.DocumentBuilderImpl] (value [com.sun.org.apache.xerces.internal.jaxp.DocumentBuilderImpl@5fd916e5]) but failed to remove it when the web application was stopped. This is very likely to create a memory leak.
May 20, 2011 6:55:03 AM org.apache.catalina.loader.WebappClassLoader clearReferencesThreads
SEVERE: The web application [/opensocial-portlet] appears to have started a thread named [com.google.inject.internal.Finalizer] but has failed to stop it. This is very likely to create a memory leak.
May 20, 2011 6:55:03 AM org.apache.catalina.loader.WebappClassLoader clearThreadLocalMap
SEVERE: The web application [/opensocial-portlet] created a ThreadLocal with key of type [null] (value [org.apache.shindig.common.xml.XmlUtil$2@1638e3d8]) and a value of type [org.apache.xerces.jaxp.DocumentBuilderImpl] (value [org.apache.xerces.jaxp.DocumentBuilderImpl@70f6854d]) but failed to remove it when the web application was stopped. This is very likely to create a memory leak.
May 20, 2011 6:55:03 AM org.apache.catalina.loader.WebappClassLoader clearThreadLocalMap
SEVERE: The web application [/opensocial-portlet] created a ThreadLocal with key of type [null] (value [com.google.inject.InjectorImpl$1@48a9bc2b]) and a value of type [java.lang.Object[]] (value [[Ljava.lang.Object;@7f80d051]) but failed to remove it when the web application was stopped. This is very likely to create a memory leak.
May 20, 2011 6:55:02 AM org.apache.catalina.core.AprLifecycleListener init
INFO: The APR based Apache Tomcat Native library which allows optimal performance in production environments was not found on the java.library.path: /usr/lib/jvm/java-6-sun-1.6.0.21/jre/lib/amd64/server:/usr/lib/jvm/java-6-sun-1.6.0.21/jre/lib/amd64:/usr/lib/jvm/java-6-sun-1.6.0.21/jre/../lib/amd64:/usr/java/packages/lib/amd64:/usr/lib64:/lib64:/lib:/usr/lib
May 20, 2011 6:55:03 AM org.apache.coyote.http11.Http11Protocol init
SEVERE: Error initializing endpoint
java.net.BindException: Address already in use <null>:8080
	at org.apache.tomcat.util.net.JIoEndpoint.init(JIoEndpoint.java:549)
	at org.apache.coyote.http11.Http11Protocol.init(Http11Protocol.java:176)
	at org.apache.catalina.connector.Connector.initialize(Connector.java:1014)
	at org.apache.catalina.core.StandardService.initialize(StandardService.java:680)
	at org.apache.catalina.core.StandardServer.initialize(StandardServer.java:795)
	at org.apache.catalina.startup.Catalina.load(Catalina.java:524)
	at org.apache.catalina.startup.Catalina.load(Catalina.java:548)
	at sun.reflect.NativeMethodAccessorImpl.invoke0(Native Method)
	at sun.reflect.NativeMethodAccessorImpl.invoke(NativeMethodAccessorImpl.java:39)
	at sun.reflect.DelegatingMethodAccessorImpl.invoke(DelegatingMethodAccessorImpl.java:25)
	at java.lang.reflect.Method.invoke(Method.java:597)
	at org.apache.catalina.startup.Bootstrap.load(Bootstrap.java:261)
	at org.apache.catalina.startup.Bootstrap.main(Bootstrap.java:413)
Caused by: java.net.BindException: Address already in use
	at java.net.PlainSocketImpl.socketBind(Native Method)
	at java.net.PlainSocketImpl.bind(PlainSocketImpl.java:365)
	at java.net.ServerSocket.bind(ServerSocket.java:319)
	at java.net.ServerSocket.<init>(ServerSocket.java:185)
	at java.net.ServerSocket.<init>(ServerSocket.java:141)
	at org.apache.tomcat.util.net.DefaultServerSocketFactory.createSocket(DefaultServerSocketFactory.java:50)
	at org.apache.tomcat.util.net.JIoEndpoint.init(JIoEndpoint.java:538)
	... 12 more
May 20, 2011 6:55:03 AM org.apache.catalina.startup.Catalina load
SEVERE: Catalina.start
LifecycleException:  Protocol handler initialization failed: java.net.BindException: Address already in use <null>:8080
	at org.apache.catalina.connector.Connector.initialize(Connector.java:1016)
	at org.apache.catalina.core.StandardService.initialize(StandardService.java:680)
	at org.apache.catalina.core.StandardServer.initialize(StandardServer.java:795)
	at org.apache.catalina.startup.Catalina.load(Catalina.java:524)
	at org.apache.catalina.startup.Catalina.load(Catalina.java:548)
	at sun.reflect.NativeMethodAccessorImpl.invoke0(Native Method)
	at sun.reflect.NativeMethodAccessorImpl.invoke(NativeMethodAccessorImpl.java:39)
	at sun.reflect.DelegatingMethodAccessorImpl.invoke(DelegatingMethodAccessorImpl.java:25)
	at java.lang.reflect.Method.invoke(Method.java:597)
	at org.apache.catalina.startup.Bootstrap.load(Bootstrap.java:261)
	at org.apache.catalina.startup.Bootstrap.main(Bootstrap.java:413)
May 20, 2011 6:55:03 AM org.apache.catalina.startup.Catalina load
INFO: Initialization processed in 1408 ms
May 20, 2011 6:55:03 AM org.apache.catalina.core.StandardService start
INFO: Starting service Catalina
May 20, 2011 6:55:03 AM org.apache.catalina.core.StandardEngine start
INFO: Starting Servlet Engine: Apache Tomcat/6.0.29
May 20, 2011 6:55:03 AM org.apache.catalina.startup.HostConfig deployDescriptor
INFO: Deploying configuration descriptor ROOT.xml
May 20, 2011 6:55:04 AM org.apache.coyote.http11.Http11Protocol destroy
INFO: Stopping Coyote HTTP/1.1 on http-8080
May 20, 2011 6:55:38 AM org.apache.catalina.startup.HostConfig deployDirectory
INFO: Deploying web application directory social-networking-portlet
May 20, 2011 6:55:40 AM org.apache.catalina.startup.HostConfig deployDirectory
INFO: Deploying web application directory mail-portlet
May 20, 2011 6:55:41 AM org.apache.catalina.startup.HostConfig deployDirectory
INFO: Deploying web application directory opensocial-portlet
May 20, 2011 6:55:57 AM org.apache.catalina.startup.HostConfig deployDirectory
INFO: Deploying web application directory new-theme
May 20, 2011 6:55:57 AM org.apache.catalina.startup.HostConfig deployDirectory
INFO: Deploying web application directory New Template
May 20, 2011 6:55:57 AM org.apache.catalina.startup.HostConfig deployDirectory
INFO: Deploying web application directory chat-portlet
May 20, 2011 6:55:58 AM org.apache.catalina.startup.HostConfig deployDirectory
INFO: Deploying web application directory ymd-theme
May 20, 2011 6:55:59 AM org.apache.catalina.startup.HostConfig deployDirectory
INFO: Deploying web application directory web-form-portlet
May 20, 2011 6:55:59 AM org.apache.catalina.startup.HostConfig deployDirectory
INFO: Deploying web application directory bright-pixel
May 20, 2011 6:55:59 AM org.apache.catalina.startup.HostConfig deployDirectory
INFO: Deploying web application directory mytheme
May 20, 2011 6:56:00 AM org.apache.catalina.startup.HostConfig deployDirectory
INFO: Deploying web application directory sample-theme
May 20, 2011 6:56:00 AM org.apache.catalina.startup.HostConfig deployDirectory
INFO: Deploying web application directory sample-theme-envision
May 20, 2011 6:56:00 AM org.apache.catalina.startup.HostConfig deployDirectory
INFO: Deploying web application directory kaleo-web
May 20, 2011 6:56:02 AM org.apache.catalina.startup.HostConfig deployDirectory
INFO: Deploying web application directory wordpress-twenty-ten-theme
May 20, 2011 6:56:03 AM org.apache.catalina.startup.HostConfig deployDirectory
INFO: Deploying web application directory wsrp-portlet
May 20, 2011 6:56:05 AM org.apache.catalina.startup.HostConfig deployDirectory
INFO: Deploying web application directory bright-pixel-theme
May 20, 2011 6:56:05 AM org.apache.catalina.startup.HostConfig deployDirectory
INFO: Deploying web application directory jedi-theme
May 20, 2011 6:56:05 AM org.apache.catalina.startup.HostConfig deployDirectory
INFO: Deploying web application directory titan-theme
May 20, 2011 6:56:05 AM org.apache.catalina.startup.HostConfig deployDirectory
INFO: Deploying web application directory google-maps-portlet
May 20, 2011 6:56:06 AM org.apache.catalina.startup.HostConfig deployDirectory
INFO: Deploying web application directory default-site-templates-hook
May 20, 2011 6:56:06 AM org.apache.catalina.startup.HostConfig deployDirectory
INFO: Deploying web application directory tunnel-web
May 20, 2011 6:56:08 AM org.apache.catalina.startup.HostConfig deployDirectory
INFO: Deploying web application directory my-layout
May 20, 2011 6:56:08 AM org.apache.coyote.http11.Http11Protocol start
INFO: Starting Coyote HTTP/1.1 on http-8080
May 20, 2011 6:56:08 AM org.apache.jk.common.ChannelSocket init
INFO: JK: ajp13 listening on /0.0.0.0:8009
May 20, 2011 6:56:08 AM org.apache.jk.server.JkMain start
INFO: Jk running ID=0 time=0/49  config=null
May 20, 2011 6:56:09 AM org.apache.catalina.startup.Catalina start
INFO: Server startup in 65353 ms
May 20, 2011 7:36:26 AM org.apache.coyote.http11.Http11Protocol pause
INFO: Pausing Coyote HTTP/1.1 on http-8080
May 20, 2011 7:36:27 AM org.apache.catalina.core.StandardService stop
INFO: Stopping service Catalina
May 20, 2011 7:36:32 AM org.apache.catalina.loader.WebappClassLoader clearThreadLocalMap
SEVERE: The web application [/wsrp-portlet] created a ThreadLocal with key of type [org.apache.axis.utils.XMLUtils.ThreadLocalDocumentBuilder] (value [org.apache.axis.utils.XMLUtils$ThreadLocalDocumentBuilder@11c4317c]) and a value of type [com.sun.org.apache.xerces.internal.jaxp.DocumentBuilderImpl] (value [com.sun.org.apache.xerces.internal.jaxp.DocumentBuilderImpl@678ccd00]) but failed to remove it when the web application was stopped. This is very likely to create a memory leak.
May 20, 2011 7:36:33 AM org.apache.catalina.loader.WebappClassLoader clearReferencesThreads
SEVERE: The web application [/opensocial-portlet] appears to have started a thread named [com.google.inject.internal.Finalizer] but has failed to stop it. This is very likely to create a memory leak.
May 20, 2011 7:36:33 AM org.apache.catalina.loader.WebappClassLoader clearThreadLocalMap
SEVERE: The web application [/opensocial-portlet] created a ThreadLocal with key of type [null] (value [com.google.inject.InjectorImpl$1@15440eaa]) and a value of type [java.lang.Object[]] (value [[Ljava.lang.Object;@271ec5ce]) but failed to remove it when the web application was stopped. This is very likely to create a memory leak.
May 20, 2011 7:36:33 AM org.apache.catalina.loader.WebappClassLoader clearThreadLocalMap
SEVERE: The web application [/opensocial-portlet] created a ThreadLocal with key of type [null] (value [org.apache.shindig.common.xml.XmlUtil$2@554c6b72]) and a value of type [org.apache.xerces.jaxp.DocumentBuilderImpl] (value [org.apache.xerces.jaxp.DocumentBuilderImpl@c22351e]) but failed to remove it when the web application was stopped. This is very likely to create a memory leak.
May 20, 2011 7:36:33 AM org.apache.coyote.http11.Http11Protocol destroy
INFO: Stopping Coyote HTTP/1.1 on http-8080
May 20, 2011 12:07:26 PM org.apache.catalina.core.AprLifecycleListener init
INFO: The APR based Apache Tomcat Native library which allows optimal performance in production environments was not found on the java.library.path: /usr/lib/jvm/java-6-sun-1.6.0.21/jre/lib/amd64/server:/usr/lib/jvm/java-6-sun-1.6.0.21/jre/lib/amd64:/usr/lib/jvm/java-6-sun-1.6.0.21/jre/../lib/amd64:/usr/java/packages/lib/amd64:/usr/lib64:/lib64:/lib:/usr/lib
May 20, 2011 12:07:26 PM org.apache.coyote.http11.Http11Protocol init
INFO: Initializing Coyote HTTP/1.1 on http-8080
May 20, 2011 12:07:26 PM org.apache.catalina.startup.Catalina load
INFO: Initialization processed in 809 ms
May 20, 2011 12:07:26 PM org.apache.catalina.core.StandardService start
INFO: Starting service Catalina
May 20, 2011 12:07:26 PM org.apache.catalina.core.StandardEngine start
INFO: Starting Servlet Engine: Apache Tomcat/6.0.29
May 20, 2011 12:07:26 PM org.apache.catalina.startup.HostConfig deployDescriptor
INFO: Deploying configuration descriptor ROOT.xml
May 20, 2011 12:08:01 PM org.apache.catalina.startup.HostConfig deployDirectory
INFO: Deploying web application directory social-networking-portlet
May 20, 2011 12:08:03 PM org.apache.catalina.startup.HostConfig deployDirectory
INFO: Deploying web application directory mail-portlet
May 20, 2011 12:08:05 PM org.apache.catalina.startup.HostConfig deployDirectory
INFO: Deploying web application directory opensocial-portlet
May 20, 2011 12:09:11 PM org.apache.catalina.startup.HostConfig deployDirectory
INFO: Deploying web application directory new-theme
May 20, 2011 12:09:12 PM org.apache.catalina.startup.HostConfig deployDirectory
INFO: Deploying web application directory New Template
May 20, 2011 12:09:12 PM org.apache.catalina.startup.HostConfig deployDirectory
INFO: Deploying web application directory chat-portlet
May 20, 2011 12:09:13 PM org.apache.catalina.startup.HostConfig deployDirectory
INFO: Deploying web application directory ymd-theme
May 20, 2011 12:09:13 PM org.apache.catalina.startup.HostConfig deployDirectory
INFO: Deploying web application directory web-form-portlet
May 20, 2011 12:09:13 PM org.apache.catalina.startup.HostConfig deployDirectory
INFO: Deploying web application directory bright-pixel
May 20, 2011 12:09:14 PM org.apache.catalina.startup.HostConfig deployDirectory
INFO: Deploying web application directory mytheme
May 20, 2011 12:09:14 PM org.apache.catalina.startup.HostConfig deployDirectory
INFO: Deploying web application directory sample-theme
May 20, 2011 12:09:14 PM org.apache.catalina.startup.HostConfig deployDirectory
INFO: Deploying web application directory sample-theme-envision
May 20, 2011 12:09:15 PM org.apache.catalina.startup.HostConfig deployDirectory
INFO: Deploying web application directory kaleo-web
May 20, 2011 12:09:17 PM org.apache.catalina.startup.HostConfig deployDirectory
INFO: Deploying web application directory wordpress-twenty-ten-theme
May 20, 2011 12:09:17 PM org.apache.catalina.startup.HostConfig deployDirectory
INFO: Deploying web application directory wsrp-portlet
May 20, 2011 12:09:19 PM org.apache.catalina.startup.HostConfig deployDirectory
INFO: Deploying web application directory bright-pixel-theme
May 20, 2011 12:09:20 PM org.apache.catalina.startup.HostConfig deployDirectory
INFO: Deploying web application directory jedi-theme
May 20, 2011 12:09:20 PM org.apache.catalina.startup.HostConfig deployDirectory
INFO: Deploying web application directory titan-theme
May 20, 2011 12:09:20 PM org.apache.catalina.startup.HostConfig deployDirectory
INFO: Deploying web application directory google-maps-portlet
May 20, 2011 12:09:21 PM org.apache.catalina.startup.HostConfig deployDirectory
INFO: Deploying web application directory default-site-templates-hook
May 20, 2011 12:09:21 PM org.apache.catalina.startup.HostConfig deployDirectory
INFO: Deploying web application directory tunnel-web
May 20, 2011 12:09:23 PM org.apache.catalina.startup.HostConfig deployDirectory
INFO: Deploying web application directory my-layout
May 20, 2011 12:09:23 PM org.apache.coyote.http11.Http11Protocol start
INFO: Starting Coyote HTTP/1.1 on http-8080
May 20, 2011 12:09:23 PM org.apache.jk.common.ChannelSocket init
INFO: JK: ajp13 listening on /0.0.0.0:8009
May 20, 2011 12:09:23 PM org.apache.jk.server.JkMain start
INFO: Jk running ID=0 time=0/116  config=null
May 20, 2011 12:09:23 PM org.apache.catalina.startup.Catalina start
INFO: Server startup in 116832 ms
May 20, 2011 12:14:20 PM org.apache.coyote.http11.Http11Protocol pause
INFO: Pausing Coyote HTTP/1.1 on http-8080
May 20, 2011 12:14:21 PM org.apache.catalina.core.StandardService stop
INFO: Stopping service Catalina
May 20, 2011 12:14:26 PM org.apache.catalina.loader.WebappClassLoader clearThreadLocalMap
SEVERE: The web application [/wsrp-portlet] created a ThreadLocal with key of type [org.apache.axis.utils.XMLUtils.ThreadLocalDocumentBuilder] (value [org.apache.axis.utils.XMLUtils$ThreadLocalDocumentBuilder@1219e079]) and a value of type [com.sun.org.apache.xerces.internal.jaxp.DocumentBuilderImpl] (value [com.sun.org.apache.xerces.internal.jaxp.DocumentBuilderImpl@60e03137]) but failed to remove it when the web application was stopped. This is very likely to create a memory leak.
May 20, 2011 12:14:26 PM org.apache.catalina.loader.WebappClassLoader clearReferencesThreads
SEVERE: The web application [/opensocial-portlet] appears to have started a thread named [com.google.inject.internal.Finalizer] but has failed to stop it. This is very likely to create a memory leak.
May 20, 2011 12:14:26 PM org.apache.catalina.loader.WebappClassLoader clearThreadLocalMap
SEVERE: The web application [/opensocial-portlet] created a ThreadLocal with key of type [null] (value [com.google.inject.InjectorImpl$1@78d59bc7]) and a value of type [java.lang.Object[]] (value [[Ljava.lang.Object;@fe663cb]) but failed to remove it when the web application was stopped. This is very likely to create a memory leak.
May 20, 2011 12:14:26 PM org.apache.catalina.loader.WebappClassLoader clearThreadLocalMap
SEVERE: The web application [/opensocial-portlet] created a ThreadLocal with key of type [null] (value [org.apache.shindig.common.xml.XmlUtil$2@5ea1ac94]) and a value of type [org.apache.xerces.jaxp.DocumentBuilderImpl] (value [org.apache.xerces.jaxp.DocumentBuilderImpl@48495915]) but failed to remove it when the web application was stopped. This is very likely to create a memory leak.
May 20, 2011 12:14:27 PM org.apache.coyote.http11.Http11Protocol destroy
INFO: Stopping Coyote HTTP/1.1 on http-8080
