18 Jul, 2011 9:24:51 AM org.apache.catalina.core.AprLifecycleListener init
INFO: The APR based Apache Tomcat Native library which allows optimal performance in production environments was not found on the java.library.path: E:\liferay-portal-6.0.6\tomcat-6.0.29\jre1.6.0_20\win\bin;.;C:\Windows\Sun\Java\bin;C:\Windows\system32;C:\Windows;C:\Program Files\Common Files\Microsoft Shared\Windows Live;C:\Windows\system32;C:\Windows;C:\Windows\System32\Wbem;C:\Windows\System32\WindowsPowerShell\v1.0\;C:\Program Files\WIDCOMM\Bluetooth Software\;C:\Program Files\WIDCOMM\Bluetooth Software\syswow64;\;C:\Program Files (x86)\Sony\VAIO Startup Setting Tool;C:\opt\java\jdk1.5.0_22\bin;C:\Python27;C:\Python27\Lib\site-packages\django\bin;C:\Python27\Lib\site-packages\pyfacebook\bin;C:\apache-ant-1.8.2\bin;C:\opt\mysql\bin;C:\opt\apache-maven-2.2.1\bin;C:\opt\svn\bin\;E:\liferay-portal-6.0.6\tomcat-6.0.29\bin;C:\Ruby187\bin
18 Jul, 2011 9:24:52 AM org.apache.coyote.http11.Http11Protocol init
INFO: Initializing Coyote HTTP/1.1 on http-8080
18 Jul, 2011 9:24:52 AM org.apache.catalina.startup.Catalina load
INFO: Initialization processed in 700 ms
18 Jul, 2011 9:24:52 AM org.apache.catalina.core.StandardService start
INFO: Starting service Catalina
18 Jul, 2011 9:24:52 AM org.apache.catalina.core.StandardEngine start
INFO: Starting Servlet Engine: Apache Tomcat/6.0.29
18 Jul, 2011 9:24:52 AM org.apache.catalina.startup.HostConfig deployDescriptor
INFO: Deploying configuration descriptor ROOT.xml
18 Jul, 2011 9:26:43 AM org.apache.catalina.startup.HostConfig deployDirectory
INFO: Deploying web application directory bright-pixel
18 Jul, 2011 9:26:45 AM org.apache.catalina.startup.HostConfig deployDirectory
INFO: Deploying web application directory bright-pixel-theme
18 Jul, 2011 9:26:49 AM org.apache.catalina.startup.HostConfig deployDirectory
INFO: Deploying web application directory chat-portlet
18 Jul, 2011 9:26:54 AM org.apache.catalina.startup.HostConfig deployDirectory
INFO: Deploying web application directory default-site-templates-hook
18 Jul, 2011 9:26:55 AM org.apache.catalina.startup.HostConfig deployDirectory
INFO: Deploying web application directory google-maps-portlet
18 Jul, 2011 9:26:56 AM org.apache.catalina.startup.HostConfig deployDirectory
INFO: Deploying web application directory jedi-theme
18 Jul, 2011 9:26:59 AM org.apache.catalina.startup.HostConfig deployDirectory
INFO: Deploying web application directory kaleo-web
18 Jul, 2011 9:27:08 AM org.apache.catalina.startup.HostConfig deployDirectory
INFO: Deploying web application directory mail-portlet
18 Jul, 2011 9:27:13 AM org.apache.catalina.startup.HostConfig deployDirectory
INFO: Deploying web application directory my-layout
18 Jul, 2011 9:27:14 AM org.apache.catalina.startup.HostConfig deployDirectory
INFO: Deploying web application directory mytheme
18 Jul, 2011 9:27:15 AM org.apache.catalina.startup.HostConfig deployDirectory
INFO: Deploying web application directory New Template
18 Jul, 2011 9:27:16 AM org.apache.catalina.startup.HostConfig deployDirectory
INFO: Deploying web application directory new-theme
18 Jul, 2011 9:27:18 AM org.apache.catalina.startup.HostConfig deployDirectory
INFO: Deploying web application directory opensocial-portlet
18 Jul, 2011 9:27:31 AM org.apache.catalina.startup.HostConfig deployDirectory
INFO: Deploying web application directory past-issues-new-portlet
18 Jul, 2011 9:27:32 AM org.apache.catalina.startup.HostConfig deployDirectory
INFO: Deploying web application directory past-issues-portlet
18 Jul, 2011 9:27:34 AM org.apache.catalina.startup.HostConfig deployDirectory
INFO: Deploying web application directory sample-theme
18 Jul, 2011 9:27:35 AM org.apache.catalina.startup.HostConfig deployDirectory
INFO: Deploying web application directory sample-theme-envision
18 Jul, 2011 9:27:36 AM org.apache.catalina.startup.HostConfig deployDirectory
INFO: Deploying web application directory social-networking-portlet
18 Jul, 2011 9:27:39 AM org.apache.catalina.startup.HostConfig deployDirectory
INFO: Deploying web application directory titan-theme
18 Jul, 2011 9:27:41 AM org.apache.catalina.startup.HostConfig deployDirectory
INFO: Deploying web application directory tunnel-web
18 Jul, 2011 9:27:44 AM org.apache.catalina.startup.HostConfig deployDirectory
INFO: Deploying web application directory web-form-portlet
18 Jul, 2011 9:27:46 AM org.apache.catalina.startup.HostConfig deployDirectory
INFO: Deploying web application directory wordpress-twenty-ten-theme
18 Jul, 2011 9:27:47 AM org.apache.catalina.startup.HostConfig deployDirectory
INFO: Deploying web application directory wsrp-portlet
18 Jul, 2011 9:27:54 AM org.apache.catalina.startup.HostConfig deployDirectory
INFO: Deploying web application directory ymd-theme
18 Jul, 2011 9:27:57 AM org.apache.coyote.http11.Http11Protocol start
INFO: Starting Coyote HTTP/1.1 on http-8080
18 Jul, 2011 9:27:57 AM org.apache.jk.common.ChannelSocket init
INFO: JK: ajp13 listening on /0.0.0.0:8009
18 Jul, 2011 9:27:57 AM org.apache.jk.server.JkMain start
INFO: Jk running ID=0 time=0/57  config=null
18 Jul, 2011 9:27:57 AM org.apache.catalina.startup.Catalina start
INFO: Server startup in 185408 ms
18 Jul, 2011 9:38:16 AM org.apache.coyote.http11.Http11Protocol pause
INFO: Pausing Coyote HTTP/1.1 on http-8080
18 Jul, 2011 9:38:17 AM org.apache.catalina.core.StandardService stop
INFO: Stopping service Catalina
18 Jul, 2011 9:38:25 AM org.apache.catalina.loader.WebappClassLoader clearReferencesThreads
SEVERE: The web application [] is still processing a request that has yet to finish. This is very likely to create a memory leak. You can control the time allowed for requests to finish by using the unloadDelay attribute of the standard Context implementation.
18 Jul, 2011 9:38:34 AM org.apache.catalina.loader.WebappClassLoader clearReferencesThreads
SEVERE: The web application [/opensocial-portlet] appears to have started a thread named [com.google.inject.internal.Finalizer] but has failed to stop it. This is very likely to create a memory leak.
18 Jul, 2011 9:38:34 AM org.apache.catalina.loader.WebappClassLoader clearThreadLocalMap
SEVERE: The web application [/opensocial-portlet] created a ThreadLocal with key of type [null] (value [com.google.inject.InjectorImpl$1@32ee13]) and a value of type [java.lang.Object[]] (value [[Ljava.lang.Object;@1ac4773]) but failed to remove it when the web application was stopped. This is very likely to create a memory leak.
18 Jul, 2011 9:38:34 AM org.apache.catalina.loader.WebappClassLoader clearThreadLocalMap
SEVERE: The web application [/opensocial-portlet] created a ThreadLocal with key of type [null] (value [org.apache.shindig.common.xml.XmlUtil$2@186faf6]) and a value of type [org.apache.xerces.jaxp.DocumentBuilderImpl] (value [org.apache.xerces.jaxp.DocumentBuilderImpl@c63dac]) but failed to remove it when the web application was stopped. This is very likely to create a memory leak.
18 Jul, 2011 9:38:36 AM org.apache.catalina.loader.WebappClassLoader clearThreadLocalMap
SEVERE: The web application [/wsrp-portlet] created a ThreadLocal with key of type [org.apache.axis.utils.XMLUtils.ThreadLocalDocumentBuilder] (value [org.apache.axis.utils.XMLUtils$ThreadLocalDocumentBuilder@12966b1]) and a value of type [com.sun.org.apache.xerces.internal.jaxp.DocumentBuilderImpl] (value [com.sun.org.apache.xerces.internal.jaxp.DocumentBuilderImpl@114fe72]) but failed to remove it when the web application was stopped. This is very likely to create a memory leak.
18 Jul, 2011 9:38:36 AM org.apache.coyote.http11.Http11Protocol destroy
INFO: Stopping Coyote HTTP/1.1 on http-8080
18 Jul, 2011 9:38:53 AM org.apache.catalina.core.AprLifecycleListener init
INFO: The APR based Apache Tomcat Native library which allows optimal performance in production environments was not found on the java.library.path: E:\liferay-portal-6.0.6\tomcat-6.0.29\jre1.6.0_20\win\bin;.;C:\Windows\Sun\Java\bin;C:\Windows\system32;C:\Windows;C:\Program Files\Common Files\Microsoft Shared\Windows Live;C:\Windows\system32;C:\Windows;C:\Windows\System32\Wbem;C:\Windows\System32\WindowsPowerShell\v1.0\;C:\Program Files\WIDCOMM\Bluetooth Software\;C:\Program Files\WIDCOMM\Bluetooth Software\syswow64;\;C:\Program Files (x86)\Sony\VAIO Startup Setting Tool;C:\opt\java\jdk1.5.0_22\bin;C:\Python27;C:\Python27\Lib\site-packages\django\bin;C:\Python27\Lib\site-packages\pyfacebook\bin;C:\apache-ant-1.8.2\bin;C:\opt\mysql\bin;C:\opt\apache-maven-2.2.1\bin;C:\opt\svn\bin\;E:\liferay-portal-6.0.6\tomcat-6.0.29\bin;C:\Ruby187\bin
18 Jul, 2011 9:38:53 AM org.apache.coyote.http11.Http11Protocol init
INFO: Initializing Coyote HTTP/1.1 on http-8080
18 Jul, 2011 9:38:53 AM org.apache.catalina.startup.Catalina load
INFO: Initialization processed in 510 ms
18 Jul, 2011 9:38:53 AM org.apache.catalina.core.StandardService start
INFO: Starting service Catalina
18 Jul, 2011 9:38:53 AM org.apache.catalina.core.StandardEngine start
INFO: Starting Servlet Engine: Apache Tomcat/6.0.29
18 Jul, 2011 9:38:53 AM org.apache.catalina.startup.HostConfig deployDescriptor
INFO: Deploying configuration descriptor ROOT.xml
18 Jul, 2011 9:39:38 AM org.apache.catalina.startup.HostConfig deployDirectory
INFO: Deploying web application directory bright-pixel
18 Jul, 2011 9:39:39 AM org.apache.catalina.startup.HostConfig deployDirectory
INFO: Deploying web application directory bright-pixel-theme
18 Jul, 2011 9:39:40 AM org.apache.catalina.startup.HostConfig deployDirectory
INFO: Deploying web application directory chat-portlet
18 Jul, 2011 9:39:42 AM org.apache.catalina.startup.HostConfig deployDirectory
INFO: Deploying web application directory default-site-templates-hook
18 Jul, 2011 9:39:43 AM org.apache.catalina.startup.HostConfig deployDirectory
INFO: Deploying web application directory google-maps-portlet
18 Jul, 2011 9:39:44 AM org.apache.catalina.startup.HostConfig deployDirectory
INFO: Deploying web application directory jedi-theme
18 Jul, 2011 9:39:46 AM org.apache.catalina.startup.HostConfig deployDirectory
INFO: Deploying web application directory kaleo-web
18 Jul, 2011 9:39:50 AM org.apache.catalina.startup.HostConfig deployDirectory
INFO: Deploying web application directory mail-portlet
18 Jul, 2011 9:39:55 AM org.apache.catalina.startup.HostConfig deployDirectory
INFO: Deploying web application directory my-layout
18 Jul, 2011 9:39:56 AM org.apache.catalina.startup.HostConfig deployDirectory
INFO: Deploying web application directory mytheme
18 Jul, 2011 9:39:58 AM org.apache.catalina.startup.HostConfig deployDirectory
INFO: Deploying web application directory New Template
18 Jul, 2011 9:39:58 AM org.apache.catalina.startup.HostConfig deployDirectory
INFO: Deploying web application directory new-theme
18 Jul, 2011 9:39:59 AM org.apache.catalina.startup.HostConfig deployDirectory
INFO: Deploying web application directory opensocial-portlet
18 Jul, 2011 9:40:10 AM org.apache.catalina.startup.HostConfig deployDirectory
INFO: Deploying web application directory past-issues-new-portlet
18 Jul, 2011 9:40:11 AM org.apache.catalina.startup.HostConfig deployDirectory
INFO: Deploying web application directory past-issues-portlet
18 Jul, 2011 9:40:11 AM org.apache.catalina.startup.HostConfig deployDirectory
INFO: Deploying web application directory sample-theme
18 Jul, 2011 9:40:13 AM org.apache.catalina.startup.HostConfig deployDirectory
INFO: Deploying web application directory sample-theme-envision
18 Jul, 2011 9:40:14 AM org.apache.catalina.startup.HostConfig deployDirectory
INFO: Deploying web application directory social-networking-portlet
18 Jul, 2011 9:40:16 AM org.apache.catalina.startup.HostConfig deployDirectory
INFO: Deploying web application directory titan-theme
18 Jul, 2011 9:40:17 AM org.apache.catalina.startup.HostConfig deployDirectory
INFO: Deploying web application directory tunnel-web
18 Jul, 2011 9:40:20 AM org.apache.catalina.startup.HostConfig deployDirectory
INFO: Deploying web application directory web-form-portlet
18 Jul, 2011 9:40:21 AM org.apache.catalina.startup.HostConfig deployDirectory
INFO: Deploying web application directory wordpress-twenty-ten-theme
18 Jul, 2011 9:40:22 AM org.apache.catalina.startup.HostConfig deployDirectory
INFO: Deploying web application directory wsrp-portlet
18 Jul, 2011 9:40:26 AM org.apache.catalina.startup.HostConfig deployDirectory
INFO: Deploying web application directory ymd-theme
18 Jul, 2011 9:40:27 AM org.apache.coyote.http11.Http11Protocol start
INFO: Starting Coyote HTTP/1.1 on http-8080
18 Jul, 2011 9:40:27 AM org.apache.jk.common.ChannelSocket init
INFO: JK: ajp13 listening on /0.0.0.0:8009
18 Jul, 2011 9:40:27 AM org.apache.jk.server.JkMain start
INFO: Jk running ID=0 time=0/22  config=null
18 Jul, 2011 9:40:27 AM org.apache.catalina.startup.Catalina start
INFO: Server startup in 94236 ms
18 Jul, 2011 9:43:20 AM org.apache.coyote.http11.Http11Protocol pause
INFO: Pausing Coyote HTTP/1.1 on http-8080
18 Jul, 2011 9:43:21 AM org.apache.catalina.core.StandardService stop
INFO: Stopping service Catalina
18 Jul, 2011 9:43:27 AM org.apache.catalina.loader.WebappClassLoader clearReferencesThreads
SEVERE: The web application [] is still processing a request that has yet to finish. This is very likely to create a memory leak. You can control the time allowed for requests to finish by using the unloadDelay attribute of the standard Context implementation.
18 Jul, 2011 9:43:36 AM org.apache.catalina.loader.WebappClassLoader clearReferencesThreads
SEVERE: The web application [/opensocial-portlet] appears to have started a thread named [com.google.inject.internal.Finalizer] but has failed to stop it. This is very likely to create a memory leak.
18 Jul, 2011 9:43:36 AM org.apache.catalina.loader.WebappClassLoader clearThreadLocalMap
SEVERE: The web application [/opensocial-portlet] created a ThreadLocal with key of type [null] (value [org.apache.shindig.common.xml.XmlUtil$2@1cebe2a]) and a value of type [org.apache.xerces.jaxp.DocumentBuilderImpl] (value [org.apache.xerces.jaxp.DocumentBuilderImpl@26efb8]) but failed to remove it when the web application was stopped. This is very likely to create a memory leak.
18 Jul, 2011 9:43:36 AM org.apache.catalina.loader.WebappClassLoader clearThreadLocalMap
SEVERE: The web application [/opensocial-portlet] created a ThreadLocal with key of type [null] (value [com.google.inject.InjectorImpl$1@442985]) and a value of type [java.lang.Object[]] (value [[Ljava.lang.Object;@1020a15]) but failed to remove it when the web application was stopped. This is very likely to create a memory leak.
18 Jul, 2011 9:43:38 AM org.apache.catalina.loader.WebappClassLoader clearThreadLocalMap
SEVERE: The web application [/wsrp-portlet] created a ThreadLocal with key of type [org.apache.axis.utils.XMLUtils.ThreadLocalDocumentBuilder] (value [org.apache.axis.utils.XMLUtils$ThreadLocalDocumentBuilder@19a7420]) and a value of type [com.sun.org.apache.xerces.internal.jaxp.DocumentBuilderImpl] (value [com.sun.org.apache.xerces.internal.jaxp.DocumentBuilderImpl@13e1603]) but failed to remove it when the web application was stopped. This is very likely to create a memory leak.
18 Jul, 2011 9:43:38 AM org.apache.coyote.http11.Http11Protocol destroy
INFO: Stopping Coyote HTTP/1.1 on http-8080
18 Jul, 2011 9:43:47 AM org.apache.catalina.core.AprLifecycleListener init
INFO: The APR based Apache Tomcat Native library which allows optimal performance in production environments was not found on the java.library.path: E:\liferay-portal-6.0.6\tomcat-6.0.29\jre1.6.0_20\win\bin;.;C:\Windows\Sun\Java\bin;C:\Windows\system32;C:\Windows;C:\Program Files\Common Files\Microsoft Shared\Windows Live;C:\Windows\system32;C:\Windows;C:\Windows\System32\Wbem;C:\Windows\System32\WindowsPowerShell\v1.0\;C:\Program Files\WIDCOMM\Bluetooth Software\;C:\Program Files\WIDCOMM\Bluetooth Software\syswow64;\;C:\Program Files (x86)\Sony\VAIO Startup Setting Tool;C:\opt\java\jdk1.5.0_22\bin;C:\Python27;C:\Python27\Lib\site-packages\django\bin;C:\Python27\Lib\site-packages\pyfacebook\bin;C:\apache-ant-1.8.2\bin;C:\opt\mysql\bin;C:\opt\apache-maven-2.2.1\bin;C:\opt\svn\bin\;E:\liferay-portal-6.0.6\tomcat-6.0.29\bin;C:\Ruby187\bin
18 Jul, 2011 9:43:47 AM org.apache.coyote.http11.Http11Protocol init
INFO: Initializing Coyote HTTP/1.1 on http-8080
18 Jul, 2011 9:43:47 AM org.apache.catalina.startup.Catalina load
INFO: Initialization processed in 337 ms
18 Jul, 2011 9:43:47 AM org.apache.catalina.core.StandardService start
INFO: Starting service Catalina
18 Jul, 2011 9:43:47 AM org.apache.catalina.core.StandardEngine start
INFO: Starting Servlet Engine: Apache Tomcat/6.0.29
18 Jul, 2011 9:43:47 AM org.apache.catalina.startup.HostConfig deployDescriptor
INFO: Deploying configuration descriptor ROOT.xml
18 Jul, 2011 9:44:30 AM org.apache.catalina.core.AprLifecycleListener init
INFO: The APR based Apache Tomcat Native library which allows optimal performance in production environments was not found on the java.library.path: E:\liferay-portal-6.0.6\tomcat-6.0.29\jre1.6.0_20\win\bin;.;C:\Windows\Sun\Java\bin;C:\Windows\system32;C:\Windows;C:\Program Files\Common Files\Microsoft Shared\Windows Live;C:\Windows\system32;C:\Windows;C:\Windows\System32\Wbem;C:\Windows\System32\WindowsPowerShell\v1.0\;C:\Program Files\WIDCOMM\Bluetooth Software\;C:\Program Files\WIDCOMM\Bluetooth Software\syswow64;\;C:\Program Files (x86)\Sony\VAIO Startup Setting Tool;C:\opt\java\jdk1.5.0_22\bin;C:\Python27;C:\Python27\Lib\site-packages\django\bin;C:\Python27\Lib\site-packages\pyfacebook\bin;C:\apache-ant-1.8.2\bin;C:\opt\mysql\bin;C:\opt\apache-maven-2.2.1\bin;C:\opt\svn\bin\;E:\liferay-portal-6.0.6\tomcat-6.0.29\bin;C:\Ruby187\bin
18 Jul, 2011 9:44:30 AM org.apache.coyote.http11.Http11Protocol init
INFO: Initializing Coyote HTTP/1.1 on http-8080
18 Jul, 2011 9:44:30 AM org.apache.catalina.startup.Catalina load
INFO: Initialization processed in 310 ms
18 Jul, 2011 9:44:30 AM org.apache.catalina.core.StandardService start
INFO: Starting service Catalina
18 Jul, 2011 9:44:30 AM org.apache.catalina.core.StandardEngine start
INFO: Starting Servlet Engine: Apache Tomcat/6.0.29
18 Jul, 2011 9:44:30 AM org.apache.catalina.startup.HostConfig deployDescriptor
INFO: Deploying configuration descriptor ROOT.xml
18 Jul, 2011 9:45:05 AM org.apache.catalina.startup.HostConfig deployDirectory
INFO: Deploying web application directory bright-pixel
18 Jul, 2011 9:45:06 AM org.apache.catalina.startup.HostConfig deployDirectory
INFO: Deploying web application directory bright-pixel-theme
18 Jul, 2011 9:45:07 AM org.apache.catalina.startup.HostConfig deployDirectory
INFO: Deploying web application directory chat-portlet
18 Jul, 2011 9:45:09 AM org.apache.catalina.startup.HostConfig deployDirectory
INFO: Deploying web application directory default-site-templates-hook
18 Jul, 2011 9:45:09 AM org.apache.catalina.startup.HostConfig deployDirectory
INFO: Deploying web application directory google-maps-portlet
18 Jul, 2011 9:45:10 AM org.apache.catalina.startup.HostConfig deployDirectory
INFO: Deploying web application directory jedi-theme
18 Jul, 2011 9:45:11 AM org.apache.catalina.startup.HostConfig deployDirectory
INFO: Deploying web application directory kaleo-web
18 Jul, 2011 9:45:14 AM org.apache.catalina.startup.HostConfig deployDirectory
INFO: Deploying web application directory mail-portlet
18 Jul, 2011 9:45:16 AM org.apache.catalina.startup.HostConfig deployDirectory
INFO: Deploying web application directory my-layout
18 Jul, 2011 9:45:17 AM org.apache.catalina.startup.HostConfig deployDirectory
INFO: Deploying web application directory mytheme
18 Jul, 2011 9:45:17 AM org.apache.catalina.startup.HostConfig deployDirectory
INFO: Deploying web application directory New Template
18 Jul, 2011 9:45:17 AM org.apache.catalina.startup.HostConfig deployDirectory
INFO: Deploying web application directory new-theme
18 Jul, 2011 9:45:18 AM org.apache.catalina.startup.HostConfig deployDirectory
INFO: Deploying web application directory opensocial-portlet
18 Jul, 2011 9:45:27 AM org.apache.catalina.startup.HostConfig deployDirectory
INFO: Deploying web application directory past-issues-new-portlet
18 Jul, 2011 9:45:28 AM org.apache.catalina.startup.HostConfig deployDirectory
INFO: Deploying web application directory past-issues-portlet
18 Jul, 2011 9:45:29 AM org.apache.catalina.startup.HostConfig deployDirectory
INFO: Deploying web application directory sample-theme
18 Jul, 2011 9:45:32 AM org.apache.catalina.startup.HostConfig deployDirectory
INFO: Deploying web application directory sample-theme-envision
18 Jul, 2011 9:45:38 AM org.apache.catalina.startup.HostConfig deployDirectory
INFO: Deploying web application directory social-networking-portlet
18 Jul, 2011 9:45:40 AM org.apache.catalina.startup.HostConfig deployDirectory
INFO: Deploying web application directory titan-theme
18 Jul, 2011 9:45:41 AM org.apache.catalina.startup.HostConfig deployDirectory
INFO: Deploying web application directory tunnel-web
18 Jul, 2011 9:45:45 AM org.apache.catalina.startup.HostConfig deployDirectory
INFO: Deploying web application directory web-form-portlet
18 Jul, 2011 9:45:46 AM org.apache.catalina.startup.HostConfig deployDirectory
INFO: Deploying web application directory wordpress-twenty-ten-theme
18 Jul, 2011 9:45:47 AM org.apache.catalina.startup.HostConfig deployDirectory
INFO: Deploying web application directory wsrp-portlet
18 Jul, 2011 9:45:51 AM org.apache.catalina.startup.HostConfig deployDirectory
INFO: Deploying web application directory ymd-theme
18 Jul, 2011 9:45:52 AM org.apache.coyote.http11.Http11Protocol start
INFO: Starting Coyote HTTP/1.1 on http-8080
18 Jul, 2011 9:45:52 AM org.apache.jk.common.ChannelSocket init
INFO: JK: ajp13 listening on /0.0.0.0:8009
18 Jul, 2011 9:45:52 AM org.apache.jk.server.JkMain start
INFO: Jk running ID=0 time=0/120  config=null
18 Jul, 2011 9:45:52 AM org.apache.catalina.startup.Catalina start
INFO: Server startup in 82455 ms
18 Jul, 2011 9:52:05 AM org.apache.coyote.http11.Http11Protocol pause
INFO: Pausing Coyote HTTP/1.1 on http-8080
18 Jul, 2011 9:52:06 AM org.apache.catalina.core.StandardService stop
INFO: Stopping service Catalina
18 Jul, 2011 9:52:12 AM org.apache.catalina.loader.WebappClassLoader clearReferencesThreads
SEVERE: The web application [] is still processing a request that has yet to finish. This is very likely to create a memory leak. You can control the time allowed for requests to finish by using the unloadDelay attribute of the standard Context implementation.
18 Jul, 2011 9:52:21 AM org.apache.catalina.loader.WebappClassLoader clearReferencesThreads
SEVERE: The web application [/opensocial-portlet] appears to have started a thread named [com.google.inject.internal.Finalizer] but has failed to stop it. This is very likely to create a memory leak.
18 Jul, 2011 9:52:21 AM org.apache.catalina.loader.WebappClassLoader clearThreadLocalMap
SEVERE: The web application [/opensocial-portlet] created a ThreadLocal with key of type [null] (value [com.google.inject.InjectorImpl$1@1db18c]) and a value of type [java.lang.Object[]] (value [[Ljava.lang.Object;@1736177]) but failed to remove it when the web application was stopped. This is very likely to create a memory leak.
18 Jul, 2011 9:52:21 AM org.apache.catalina.loader.WebappClassLoader clearThreadLocalMap
SEVERE: The web application [/opensocial-portlet] created a ThreadLocal with key of type [null] (value [org.apache.shindig.common.xml.XmlUtil$2@3cf73]) and a value of type [org.apache.xerces.jaxp.DocumentBuilderImpl] (value [org.apache.xerces.jaxp.DocumentBuilderImpl@289b8b]) but failed to remove it when the web application was stopped. This is very likely to create a memory leak.
18 Jul, 2011 9:52:22 AM org.apache.catalina.loader.WebappClassLoader clearThreadLocalMap
SEVERE: The web application [/wsrp-portlet] created a ThreadLocal with key of type [org.apache.axis.utils.XMLUtils.ThreadLocalDocumentBuilder] (value [org.apache.axis.utils.XMLUtils$ThreadLocalDocumentBuilder@100db9d]) and a value of type [com.sun.org.apache.xerces.internal.jaxp.DocumentBuilderImpl] (value [com.sun.org.apache.xerces.internal.jaxp.DocumentBuilderImpl@15220ee]) but failed to remove it when the web application was stopped. This is very likely to create a memory leak.
18 Jul, 2011 9:52:23 AM org.apache.coyote.http11.Http11Protocol destroy
INFO: Stopping Coyote HTTP/1.1 on http-8080
18 Jul, 2011 9:52:40 AM org.apache.catalina.core.AprLifecycleListener init
INFO: The APR based Apache Tomcat Native library which allows optimal performance in production environments was not found on the java.library.path: E:\liferay-portal-6.0.6\tomcat-6.0.29\jre1.6.0_20\win\bin;.;C:\Windows\Sun\Java\bin;C:\Windows\system32;C:\Windows;C:\Program Files\Common Files\Microsoft Shared\Windows Live;C:\Windows\system32;C:\Windows;C:\Windows\System32\Wbem;C:\Windows\System32\WindowsPowerShell\v1.0\;C:\Program Files\WIDCOMM\Bluetooth Software\;C:\Program Files\WIDCOMM\Bluetooth Software\syswow64;\;C:\Program Files (x86)\Sony\VAIO Startup Setting Tool;C:\opt\java\jdk1.5.0_22\bin;C:\Python27;C:\Python27\Lib\site-packages\django\bin;C:\Python27\Lib\site-packages\pyfacebook\bin;C:\apache-ant-1.8.2\bin;C:\opt\mysql\bin;C:\opt\apache-maven-2.2.1\bin;C:\opt\svn\bin\;E:\liferay-portal-6.0.6\tomcat-6.0.29\bin;C:\Ruby187\bin
18 Jul, 2011 9:52:41 AM org.apache.coyote.http11.Http11Protocol init
INFO: Initializing Coyote HTTP/1.1 on http-8080
18 Jul, 2011 9:52:41 AM org.apache.catalina.startup.Catalina load
INFO: Initialization processed in 310 ms
18 Jul, 2011 9:52:41 AM org.apache.catalina.core.StandardService start
INFO: Starting service Catalina
18 Jul, 2011 9:52:41 AM org.apache.catalina.core.StandardEngine start
INFO: Starting Servlet Engine: Apache Tomcat/6.0.29
18 Jul, 2011 9:52:41 AM org.apache.catalina.startup.HostConfig deployDescriptor
INFO: Deploying configuration descriptor ROOT.xml
18 Jul, 2011 9:53:23 AM org.apache.catalina.startup.HostConfig deployDirectory
INFO: Deploying web application directory bright-pixel
18 Jul, 2011 9:53:24 AM org.apache.catalina.startup.HostConfig deployDirectory
INFO: Deploying web application directory bright-pixel-theme
18 Jul, 2011 9:53:25 AM org.apache.catalina.startup.HostConfig deployDirectory
INFO: Deploying web application directory chat-portlet
18 Jul, 2011 9:53:26 AM org.apache.catalina.startup.HostConfig deployDirectory
INFO: Deploying web application directory default-site-templates-hook
18 Jul, 2011 9:53:27 AM org.apache.catalina.startup.HostConfig deployDirectory
INFO: Deploying web application directory google-maps-portlet
18 Jul, 2011 9:53:28 AM org.apache.catalina.startup.HostConfig deployDirectory
INFO: Deploying web application directory jedi-theme
18 Jul, 2011 9:53:31 AM org.apache.catalina.startup.HostConfig deployDirectory
INFO: Deploying web application directory kaleo-web
18 Jul, 2011 9:53:39 AM org.apache.catalina.startup.HostConfig deployDirectory
INFO: Deploying web application directory mail-portlet
18 Jul, 2011 9:53:49 AM org.apache.catalina.startup.HostConfig deployDirectory
INFO: Deploying web application directory my-layout
18 Jul, 2011 9:53:50 AM org.apache.catalina.startup.HostConfig deployDirectory
INFO: Deploying web application directory mytheme
18 Jul, 2011 9:53:50 AM org.apache.catalina.startup.HostConfig deployDirectory
INFO: Deploying web application directory New Template
18 Jul, 2011 9:53:51 AM org.apache.catalina.startup.HostConfig deployDirectory
INFO: Deploying web application directory new-theme
18 Jul, 2011 9:53:51 AM org.apache.catalina.startup.HostConfig deployDirectory
INFO: Deploying web application directory opensocial-portlet
18 Jul, 2011 9:54:03 AM org.apache.catalina.startup.HostConfig deployDirectory
INFO: Deploying web application directory past-issues-new-portlet
18 Jul, 2011 9:54:04 AM org.apache.catalina.startup.HostConfig deployDirectory
INFO: Deploying web application directory past-issues-portlet
18 Jul, 2011 9:54:04 AM org.apache.catalina.startup.HostConfig deployDirectory
INFO: Deploying web application directory sample-theme
18 Jul, 2011 9:54:05 AM org.apache.catalina.startup.HostConfig deployDirectory
INFO: Deploying web application directory sample-theme-envision
18 Jul, 2011 9:54:06 AM org.apache.catalina.startup.HostConfig deployDirectory
INFO: Deploying web application directory social-networking-portlet
18 Jul, 2011 9:54:08 AM org.apache.catalina.startup.HostConfig deployDirectory
INFO: Deploying web application directory titan-theme
18 Jul, 2011 9:54:08 AM org.apache.catalina.startup.HostConfig deployDirectory
INFO: Deploying web application directory tunnel-web
18 Jul, 2011 9:54:12 AM org.apache.catalina.startup.HostConfig deployDirectory
INFO: Deploying web application directory web-form-portlet
18 Jul, 2011 9:54:12 AM org.apache.catalina.startup.HostConfig deployDirectory
INFO: Deploying web application directory wordpress-twenty-ten-theme
18 Jul, 2011 9:54:13 AM org.apache.catalina.startup.HostConfig deployDirectory
INFO: Deploying web application directory wsrp-portlet
18 Jul, 2011 9:54:17 AM org.apache.catalina.startup.HostConfig deployDirectory
INFO: Deploying web application directory ymd-theme
18 Jul, 2011 9:54:18 AM org.apache.coyote.http11.Http11Protocol start
INFO: Starting Coyote HTTP/1.1 on http-8080
18 Jul, 2011 9:54:18 AM org.apache.jk.common.ChannelSocket init
INFO: JK: ajp13 listening on /0.0.0.0:8009
18 Jul, 2011 9:54:18 AM org.apache.jk.server.JkMain start
INFO: Jk running ID=0 time=0/31  config=null
18 Jul, 2011 9:54:18 AM org.apache.catalina.startup.Catalina start
INFO: Server startup in 97628 ms
18 Jul, 2011 9:56:38 AM org.apache.coyote.http11.Http11Protocol pause
INFO: Pausing Coyote HTTP/1.1 on http-8080
18 Jul, 2011 9:56:39 AM org.apache.catalina.core.StandardService stop
INFO: Stopping service Catalina
18 Jul, 2011 9:56:45 AM org.apache.catalina.loader.WebappClassLoader clearReferencesThreads
SEVERE: The web application [] is still processing a request that has yet to finish. This is very likely to create a memory leak. You can control the time allowed for requests to finish by using the unloadDelay attribute of the standard Context implementation.
18 Jul, 2011 9:56:50 AM org.apache.catalina.loader.WebappClassLoader clearReferencesThreads
SEVERE: The web application [/opensocial-portlet] appears to have started a thread named [com.google.inject.internal.Finalizer] but has failed to stop it. This is very likely to create a memory leak.
18 Jul, 2011 9:56:50 AM org.apache.catalina.loader.WebappClassLoader clearThreadLocalMap
SEVERE: The web application [/opensocial-portlet] created a ThreadLocal with key of type [null] (value [org.apache.shindig.common.xml.XmlUtil$2@88447]) and a value of type [org.apache.xerces.jaxp.DocumentBuilderImpl] (value [org.apache.xerces.jaxp.DocumentBuilderImpl@12460b8]) but failed to remove it when the web application was stopped. This is very likely to create a memory leak.
18 Jul, 2011 9:56:50 AM org.apache.catalina.loader.WebappClassLoader clearThreadLocalMap
SEVERE: The web application [/opensocial-portlet] created a ThreadLocal with key of type [null] (value [com.google.inject.InjectorImpl$1@149f171]) and a value of type [java.lang.Object[]] (value [[Ljava.lang.Object;@18a501f]) but failed to remove it when the web application was stopped. This is very likely to create a memory leak.
18 Jul, 2011 9:56:51 AM org.apache.catalina.loader.WebappClassLoader clearThreadLocalMap
SEVERE: The web application [/wsrp-portlet] created a ThreadLocal with key of type [org.apache.axis.utils.XMLUtils.ThreadLocalDocumentBuilder] (value [org.apache.axis.utils.XMLUtils$ThreadLocalDocumentBuilder@7b9bbf]) and a value of type [com.sun.org.apache.xerces.internal.jaxp.DocumentBuilderImpl] (value [com.sun.org.apache.xerces.internal.jaxp.DocumentBuilderImpl@12e3591]) but failed to remove it when the web application was stopped. This is very likely to create a memory leak.
18 Jul, 2011 9:56:52 AM org.apache.coyote.http11.Http11Protocol destroy
INFO: Stopping Coyote HTTP/1.1 on http-8080
18 Jul, 2011 9:57:54 AM org.apache.catalina.core.AprLifecycleListener init
INFO: The APR based Apache Tomcat Native library which allows optimal performance in production environments was not found on the java.library.path: E:\liferay-portal-6.0.6\tomcat-6.0.29\jre1.6.0_20\win\bin;.;C:\Windows\Sun\Java\bin;C:\Windows\system32;C:\Windows;C:\Program Files\Common Files\Microsoft Shared\Windows Live;C:\Windows\system32;C:\Windows;C:\Windows\System32\Wbem;C:\Windows\System32\WindowsPowerShell\v1.0\;C:\Program Files\WIDCOMM\Bluetooth Software\;C:\Program Files\WIDCOMM\Bluetooth Software\syswow64;\;C:\Program Files (x86)\Sony\VAIO Startup Setting Tool;C:\opt\java\jdk1.5.0_22\bin;C:\Python27;C:\Python27\Lib\site-packages\django\bin;C:\Python27\Lib\site-packages\pyfacebook\bin;C:\apache-ant-1.8.2\bin;C:\opt\mysql\bin;C:\opt\apache-maven-2.2.1\bin;C:\opt\svn\bin\;E:\liferay-portal-6.0.6\tomcat-6.0.29\bin;C:\Ruby187\bin
18 Jul, 2011 9:57:54 AM org.apache.coyote.http11.Http11Protocol init
INFO: Initializing Coyote HTTP/1.1 on http-8080
18 Jul, 2011 9:57:54 AM org.apache.catalina.startup.Catalina load
INFO: Initialization processed in 408 ms
18 Jul, 2011 9:57:54 AM org.apache.catalina.core.StandardService start
INFO: Starting service Catalina
18 Jul, 2011 9:57:54 AM org.apache.catalina.core.StandardEngine start
INFO: Starting Servlet Engine: Apache Tomcat/6.0.29
18 Jul, 2011 9:57:54 AM org.apache.catalina.startup.HostConfig deployDescriptor
INFO: Deploying configuration descriptor ROOT.xml
18 Jul, 2011 9:58:30 AM org.apache.catalina.startup.HostConfig deployDirectory
INFO: Deploying web application directory bright-pixel
18 Jul, 2011 9:58:31 AM org.apache.catalina.startup.HostConfig deployDirectory
INFO: Deploying web application directory bright-pixel-theme
18 Jul, 2011 9:58:31 AM org.apache.catalina.startup.HostConfig deployDirectory
INFO: Deploying web application directory chat-portlet
18 Jul, 2011 9:58:32 AM org.apache.catalina.startup.HostConfig deployDirectory
INFO: Deploying web application directory default-site-templates-hook
18 Jul, 2011 9:58:32 AM org.apache.catalina.startup.HostConfig deployDirectory
INFO: Deploying web application directory google-maps-portlet
18 Jul, 2011 9:58:33 AM org.apache.catalina.startup.HostConfig deployDirectory
INFO: Deploying web application directory jedi-theme
18 Jul, 2011 9:58:34 AM org.apache.catalina.startup.HostConfig deployDirectory
INFO: Deploying web application directory kaleo-web
18 Jul, 2011 9:58:37 AM org.apache.catalina.startup.HostConfig deployDirectory
INFO: Deploying web application directory mail-portlet
18 Jul, 2011 9:58:40 AM org.apache.catalina.startup.HostConfig deployDirectory
INFO: Deploying web application directory my-layout
18 Jul, 2011 9:58:41 AM org.apache.catalina.startup.HostConfig deployDirectory
INFO: Deploying web application directory mytheme
18 Jul, 2011 9:58:41 AM org.apache.catalina.startup.HostConfig deployDirectory
INFO: Deploying web application directory New Template
18 Jul, 2011 9:58:41 AM org.apache.catalina.startup.HostConfig deployDirectory
INFO: Deploying web application directory new-theme
18 Jul, 2011 9:58:42 AM org.apache.catalina.startup.HostConfig deployDirectory
INFO: Deploying web application directory opensocial-portlet
18 Jul, 2011 9:58:51 AM org.apache.catalina.startup.HostConfig deployDirectory
INFO: Deploying web application directory past-issues-new-portlet
18 Jul, 2011 9:58:51 AM org.apache.catalina.startup.HostConfig deployDirectory
INFO: Deploying web application directory past-issues-portlet
18 Jul, 2011 9:58:52 AM org.apache.catalina.startup.HostConfig deployDirectory
INFO: Deploying web application directory sample-theme
18 Jul, 2011 9:58:53 AM org.apache.catalina.startup.HostConfig deployDirectory
INFO: Deploying web application directory sample-theme-envision
18 Jul, 2011 9:58:53 AM org.apache.catalina.startup.HostConfig deployDirectory
INFO: Deploying web application directory social-networking-portlet
18 Jul, 2011 9:58:55 AM org.apache.catalina.startup.HostConfig deployDirectory
INFO: Deploying web application directory titan-theme
18 Jul, 2011 9:58:56 AM org.apache.catalina.startup.HostConfig deployDirectory
INFO: Deploying web application directory tunnel-web
18 Jul, 2011 9:59:04 AM org.apache.catalina.startup.HostConfig deployDirectory
INFO: Deploying web application directory web-form-portlet
18 Jul, 2011 9:59:04 AM org.apache.catalina.startup.HostConfig deployDirectory
INFO: Deploying web application directory wordpress-twenty-ten-theme
18 Jul, 2011 9:59:05 AM org.apache.catalina.startup.HostConfig deployDirectory
INFO: Deploying web application directory wsrp-portlet
18 Jul, 2011 9:59:08 AM org.apache.catalina.startup.HostConfig deployDirectory
INFO: Deploying web application directory ymd-theme
18 Jul, 2011 9:59:09 AM org.apache.coyote.http11.Http11Protocol start
INFO: Starting Coyote HTTP/1.1 on http-8080
18 Jul, 2011 9:59:09 AM org.apache.jk.common.ChannelSocket init
INFO: JK: ajp13 listening on /0.0.0.0:8009
18 Jul, 2011 9:59:09 AM org.apache.jk.server.JkMain start
INFO: Jk running ID=0 time=0/24  config=null
18 Jul, 2011 9:59:09 AM org.apache.catalina.startup.Catalina start
INFO: Server startup in 74553 ms
18 Jul, 2011 10:05:48 AM org.apache.coyote.http11.Http11Protocol pause
INFO: Pausing Coyote HTTP/1.1 on http-8080
18 Jul, 2011 10:05:49 AM org.apache.catalina.core.StandardService stop
INFO: Stopping service Catalina
18 Jul, 2011 10:05:54 AM org.apache.catalina.loader.WebappClassLoader clearReferencesThreads
SEVERE: The web application [] is still processing a request that has yet to finish. This is very likely to create a memory leak. You can control the time allowed for requests to finish by using the unloadDelay attribute of the standard Context implementation.
18 Jul, 2011 10:06:00 AM org.apache.catalina.loader.WebappClassLoader clearReferencesThreads
SEVERE: The web application [/opensocial-portlet] appears to have started a thread named [com.google.inject.internal.Finalizer] but has failed to stop it. This is very likely to create a memory leak.
18 Jul, 2011 10:06:00 AM org.apache.catalina.loader.WebappClassLoader clearThreadLocalMap
SEVERE: The web application [/opensocial-portlet] created a ThreadLocal with key of type [null] (value [com.google.inject.InjectorImpl$1@be4139]) and a value of type [java.lang.Object[]] (value [[Ljava.lang.Object;@ac12e6]) but failed to remove it when the web application was stopped. This is very likely to create a memory leak.
18 Jul, 2011 10:06:00 AM org.apache.catalina.loader.WebappClassLoader clearThreadLocalMap
SEVERE: The web application [/opensocial-portlet] created a ThreadLocal with key of type [null] (value [org.apache.shindig.common.xml.XmlUtil$2@10cdb35]) and a value of type [org.apache.xerces.jaxp.DocumentBuilderImpl] (value [org.apache.xerces.jaxp.DocumentBuilderImpl@10ba65a]) but failed to remove it when the web application was stopped. This is very likely to create a memory leak.
18 Jul, 2011 10:06:00 AM org.apache.catalina.loader.WebappClassLoader clearThreadLocalMap
SEVERE: The web application [/wsrp-portlet] created a ThreadLocal with key of type [org.apache.axis.utils.XMLUtils.ThreadLocalDocumentBuilder] (value [org.apache.axis.utils.XMLUtils$ThreadLocalDocumentBuilder@1624a2a]) and a value of type [com.sun.org.apache.xerces.internal.jaxp.DocumentBuilderImpl] (value [com.sun.org.apache.xerces.internal.jaxp.DocumentBuilderImpl@1f34694]) but failed to remove it when the web application was stopped. This is very likely to create a memory leak.
18 Jul, 2011 10:06:01 AM org.apache.coyote.http11.Http11Protocol destroy
INFO: Stopping Coyote HTTP/1.1 on http-8080
18 Jul, 2011 10:06:11 AM org.apache.catalina.core.AprLifecycleListener init
INFO: The APR based Apache Tomcat Native library which allows optimal performance in production environments was not found on the java.library.path: E:\liferay-portal-6.0.6\tomcat-6.0.29\jre1.6.0_20\win\bin;.;C:\Windows\Sun\Java\bin;C:\Windows\system32;C:\Windows;C:\Program Files\Common Files\Microsoft Shared\Windows Live;C:\Windows\system32;C:\Windows;C:\Windows\System32\Wbem;C:\Windows\System32\WindowsPowerShell\v1.0\;C:\Program Files\WIDCOMM\Bluetooth Software\;C:\Program Files\WIDCOMM\Bluetooth Software\syswow64;\;C:\Program Files (x86)\Sony\VAIO Startup Setting Tool;C:\opt\java\jdk1.5.0_22\bin;C:\Python27;C:\Python27\Lib\site-packages\django\bin;C:\Python27\Lib\site-packages\pyfacebook\bin;C:\apache-ant-1.8.2\bin;C:\opt\mysql\bin;C:\opt\apache-maven-2.2.1\bin;C:\opt\svn\bin\;E:\liferay-portal-6.0.6\tomcat-6.0.29\bin;C:\Ruby187\bin
18 Jul, 2011 10:06:11 AM org.apache.coyote.http11.Http11Protocol init
INFO: Initializing Coyote HTTP/1.1 on http-8080
18 Jul, 2011 10:06:11 AM org.apache.catalina.startup.Catalina load
INFO: Initialization processed in 304 ms
18 Jul, 2011 10:06:11 AM org.apache.catalina.core.StandardService start
INFO: Starting service Catalina
18 Jul, 2011 10:06:11 AM org.apache.catalina.core.StandardEngine start
INFO: Starting Servlet Engine: Apache Tomcat/6.0.29
18 Jul, 2011 10:06:11 AM org.apache.catalina.startup.HostConfig deployDescriptor
INFO: Deploying configuration descriptor ROOT.xml
18 Jul, 2011 10:06:44 AM org.apache.catalina.startup.HostConfig deployDirectory
INFO: Deploying web application directory bright-pixel
18 Jul, 2011 10:06:45 AM org.apache.catalina.startup.HostConfig deployDirectory
INFO: Deploying web application directory bright-pixel-theme
18 Jul, 2011 10:06:45 AM org.apache.catalina.startup.HostConfig deployDirectory
INFO: Deploying web application directory chat-portlet
18 Jul, 2011 10:06:46 AM org.apache.catalina.startup.HostConfig deployDirectory
INFO: Deploying web application directory default-site-templates-hook
18 Jul, 2011 10:06:46 AM org.apache.catalina.startup.HostConfig deployDirectory
INFO: Deploying web application directory google-maps-portlet
18 Jul, 2011 10:06:47 AM org.apache.catalina.startup.HostConfig deployDirectory
INFO: Deploying web application directory jedi-theme
18 Jul, 2011 10:06:48 AM org.apache.catalina.startup.HostConfig deployDirectory
INFO: Deploying web application directory kaleo-web
18 Jul, 2011 10:06:50 AM org.apache.catalina.startup.HostConfig deployDirectory
INFO: Deploying web application directory mail-portlet
18 Jul, 2011 10:06:53 AM org.apache.catalina.startup.HostConfig deployDirectory
INFO: Deploying web application directory my-layout
18 Jul, 2011 10:06:53 AM org.apache.catalina.startup.HostConfig deployDirectory
INFO: Deploying web application directory mytheme
18 Jul, 2011 10:06:53 AM org.apache.catalina.startup.HostConfig deployDirectory
INFO: Deploying web application directory New Template
18 Jul, 2011 10:06:53 AM org.apache.catalina.startup.HostConfig deployDirectory
INFO: Deploying web application directory new-theme
18 Jul, 2011 10:06:54 AM org.apache.catalina.startup.HostConfig deployDirectory
INFO: Deploying web application directory opensocial-portlet
18 Jul, 2011 10:07:08 AM org.apache.catalina.startup.HostConfig deployDirectory
INFO: Deploying web application directory past-issues-new-portlet
18 Jul, 2011 10:07:09 AM org.apache.catalina.startup.HostConfig deployDirectory
INFO: Deploying web application directory past-issues-portlet
18 Jul, 2011 10:07:09 AM org.apache.catalina.startup.HostConfig deployDirectory
INFO: Deploying web application directory sample-theme
18 Jul, 2011 10:07:10 AM org.apache.catalina.startup.HostConfig deployDirectory
INFO: Deploying web application directory sample-theme-envision
18 Jul, 2011 10:07:10 AM org.apache.catalina.startup.HostConfig deployDirectory
INFO: Deploying web application directory social-networking-portlet
18 Jul, 2011 10:07:11 AM org.apache.catalina.startup.HostConfig deployDirectory
INFO: Deploying web application directory titan-theme
18 Jul, 2011 10:07:12 AM org.apache.catalina.startup.HostConfig deployDirectory
INFO: Deploying web application directory tunnel-web
18 Jul, 2011 10:07:14 AM org.apache.catalina.startup.HostConfig deployDirectory
INFO: Deploying web application directory web-form-portlet
18 Jul, 2011 10:07:14 AM org.apache.catalina.startup.HostConfig deployDirectory
INFO: Deploying web application directory wordpress-twenty-ten-theme
18 Jul, 2011 10:07:14 AM org.apache.catalina.startup.HostConfig deployDirectory
INFO: Deploying web application directory wsrp-portlet
18 Jul, 2011 10:07:17 AM org.apache.catalina.startup.HostConfig deployDirectory
INFO: Deploying web application directory ymd-theme
18 Jul, 2011 10:07:18 AM org.apache.coyote.http11.Http11Protocol start
INFO: Starting Coyote HTTP/1.1 on http-8080
18 Jul, 2011 10:07:18 AM org.apache.jk.common.ChannelSocket init
INFO: JK: ajp13 listening on /0.0.0.0:8009
18 Jul, 2011 10:07:18 AM org.apache.jk.server.JkMain start
INFO: Jk running ID=0 time=0/23  config=null
18 Jul, 2011 10:07:18 AM org.apache.catalina.startup.Catalina start
INFO: Server startup in 66682 ms
18 Jul, 2011 10:12:10 AM org.apache.coyote.http11.Http11Protocol pause
INFO: Pausing Coyote HTTP/1.1 on http-8080
18 Jul, 2011 10:12:11 AM org.apache.catalina.core.StandardService stop
INFO: Stopping service Catalina
18 Jul, 2011 10:12:16 AM org.apache.catalina.loader.WebappClassLoader clearReferencesThreads
SEVERE: The web application [] is still processing a request that has yet to finish. This is very likely to create a memory leak. You can control the time allowed for requests to finish by using the unloadDelay attribute of the standard Context implementation.
18 Jul, 2011 10:12:22 AM org.apache.catalina.loader.WebappClassLoader clearReferencesThreads
SEVERE: The web application [/opensocial-portlet] appears to have started a thread named [com.google.inject.internal.Finalizer] but has failed to stop it. This is very likely to create a memory leak.
18 Jul, 2011 10:12:22 AM org.apache.catalina.loader.WebappClassLoader clearThreadLocalMap
SEVERE: The web application [/opensocial-portlet] created a ThreadLocal with key of type [null] (value [org.apache.shindig.common.xml.XmlUtil$2@e333b0]) and a value of type [org.apache.xerces.jaxp.DocumentBuilderImpl] (value [org.apache.xerces.jaxp.DocumentBuilderImpl@56a2bd]) but failed to remove it when the web application was stopped. This is very likely to create a memory leak.
18 Jul, 2011 10:12:22 AM org.apache.catalina.loader.WebappClassLoader clearThreadLocalMap
SEVERE: The web application [/opensocial-portlet] created a ThreadLocal with key of type [null] (value [com.google.inject.InjectorImpl$1@1d637e7]) and a value of type [java.lang.Object[]] (value [[Ljava.lang.Object;@f052ec]) but failed to remove it when the web application was stopped. This is very likely to create a memory leak.
18 Jul, 2011 10:12:23 AM org.apache.catalina.loader.WebappClassLoader clearThreadLocalMap
SEVERE: The web application [/wsrp-portlet] created a ThreadLocal with key of type [org.apache.axis.utils.XMLUtils.ThreadLocalDocumentBuilder] (value [org.apache.axis.utils.XMLUtils$ThreadLocalDocumentBuilder@d54d4d]) and a value of type [com.sun.org.apache.xerces.internal.jaxp.DocumentBuilderImpl] (value [com.sun.org.apache.xerces.internal.jaxp.DocumentBuilderImpl@1c61868]) but failed to remove it when the web application was stopped. This is very likely to create a memory leak.
18 Jul, 2011 10:12:23 AM org.apache.coyote.http11.Http11Protocol destroy
INFO: Stopping Coyote HTTP/1.1 on http-8080
18 Jul, 2011 10:12:34 AM org.apache.catalina.core.AprLifecycleListener init
INFO: The APR based Apache Tomcat Native library which allows optimal performance in production environments was not found on the java.library.path: E:\liferay-portal-6.0.6\tomcat-6.0.29\jre1.6.0_20\win\bin;.;C:\Windows\Sun\Java\bin;C:\Windows\system32;C:\Windows;C:\Program Files\Common Files\Microsoft Shared\Windows Live;C:\Windows\system32;C:\Windows;C:\Windows\System32\Wbem;C:\Windows\System32\WindowsPowerShell\v1.0\;C:\Program Files\WIDCOMM\Bluetooth Software\;C:\Program Files\WIDCOMM\Bluetooth Software\syswow64;\;C:\Program Files (x86)\Sony\VAIO Startup Setting Tool;C:\opt\java\jdk1.5.0_22\bin;C:\Python27;C:\Python27\Lib\site-packages\django\bin;C:\Python27\Lib\site-packages\pyfacebook\bin;C:\apache-ant-1.8.2\bin;C:\opt\mysql\bin;C:\opt\apache-maven-2.2.1\bin;C:\opt\svn\bin\;E:\liferay-portal-6.0.6\tomcat-6.0.29\bin;C:\Ruby187\bin
18 Jul, 2011 10:12:34 AM org.apache.coyote.http11.Http11Protocol init
INFO: Initializing Coyote HTTP/1.1 on http-8080
18 Jul, 2011 10:12:34 AM org.apache.catalina.startup.Catalina load
INFO: Initialization processed in 303 ms
18 Jul, 2011 10:12:34 AM org.apache.catalina.core.StandardService start
INFO: Starting service Catalina
18 Jul, 2011 10:12:34 AM org.apache.catalina.core.StandardEngine start
INFO: Starting Servlet Engine: Apache Tomcat/6.0.29
18 Jul, 2011 10:12:34 AM org.apache.catalina.startup.HostConfig deployDescriptor
INFO: Deploying configuration descriptor ROOT.xml
18 Jul, 2011 10:13:06 AM org.apache.catalina.startup.HostConfig deployDirectory
INFO: Deploying web application directory bright-pixel
18 Jul, 2011 10:13:06 AM org.apache.catalina.startup.HostConfig deployDirectory
INFO: Deploying web application directory bright-pixel-theme
18 Jul, 2011 10:13:07 AM org.apache.catalina.startup.HostConfig deployDirectory
INFO: Deploying web application directory chat-portlet
18 Jul, 2011 10:13:08 AM org.apache.catalina.startup.HostConfig deployDirectory
INFO: Deploying web application directory default-site-templates-hook
18 Jul, 2011 10:13:08 AM org.apache.catalina.startup.HostConfig deployDirectory
INFO: Deploying web application directory google-maps-portlet
18 Jul, 2011 10:13:09 AM org.apache.catalina.startup.HostConfig deployDirectory
INFO: Deploying web application directory jedi-theme
18 Jul, 2011 10:13:10 AM org.apache.catalina.startup.HostConfig deployDirectory
INFO: Deploying web application directory kaleo-web
18 Jul, 2011 10:13:13 AM org.apache.catalina.startup.HostConfig deployDirectory
INFO: Deploying web application directory mail-portlet
18 Jul, 2011 10:13:15 AM org.apache.catalina.startup.HostConfig deployDirectory
INFO: Deploying web application directory my-layout
18 Jul, 2011 10:13:15 AM org.apache.catalina.startup.HostConfig deployDirectory
INFO: Deploying web application directory mytheme
18 Jul, 2011 10:13:15 AM org.apache.catalina.startup.HostConfig deployDirectory
INFO: Deploying web application directory New Template
18 Jul, 2011 10:13:15 AM org.apache.catalina.startup.HostConfig deployDirectory
INFO: Deploying web application directory new-theme
18 Jul, 2011 10:13:16 AM org.apache.catalina.startup.HostConfig deployDirectory
INFO: Deploying web application directory opensocial-portlet
18 Jul, 2011 10:13:28 AM org.apache.catalina.startup.HostConfig deployDirectory
INFO: Deploying web application directory past-issues-new-portlet
18 Jul, 2011 10:13:28 AM org.apache.catalina.startup.HostConfig deployDirectory
INFO: Deploying web application directory past-issues-portlet
18 Jul, 2011 10:13:28 AM org.apache.catalina.startup.HostConfig deployDirectory
INFO: Deploying web application directory sample-theme
18 Jul, 2011 10:13:29 AM org.apache.catalina.startup.HostConfig deployDirectory
INFO: Deploying web application directory sample-theme-envision
18 Jul, 2011 10:13:29 AM org.apache.catalina.startup.HostConfig deployDirectory
INFO: Deploying web application directory social-networking-portlet
18 Jul, 2011 10:13:30 AM org.apache.catalina.startup.HostConfig deployDirectory
INFO: Deploying web application directory titan-theme
18 Jul, 2011 10:13:30 AM org.apache.catalina.startup.HostConfig deployDirectory
INFO: Deploying web application directory tunnel-web
18 Jul, 2011 10:13:32 AM org.apache.catalina.startup.HostConfig deployDirectory
INFO: Deploying web application directory web-form-portlet
18 Jul, 2011 10:13:33 AM org.apache.catalina.startup.HostConfig deployDirectory
INFO: Deploying web application directory wordpress-twenty-ten-theme
18 Jul, 2011 10:13:33 AM org.apache.catalina.startup.HostConfig deployDirectory
INFO: Deploying web application directory wsrp-portlet
18 Jul, 2011 10:13:39 AM org.apache.catalina.startup.HostConfig deployDirectory
INFO: Deploying web application directory ymd-theme
18 Jul, 2011 10:13:39 AM org.apache.coyote.http11.Http11Protocol start
INFO: Starting Coyote HTTP/1.1 on http-8080
18 Jul, 2011 10:13:40 AM org.apache.jk.common.ChannelSocket init
INFO: JK: ajp13 listening on /0.0.0.0:8009
18 Jul, 2011 10:13:40 AM org.apache.jk.server.JkMain start
INFO: Jk running ID=0 time=0/20  config=null
18 Jul, 2011 10:13:40 AM org.apache.catalina.startup.Catalina start
INFO: Server startup in 65301 ms
18 Jul, 2011 10:18:28 AM org.apache.coyote.http11.Http11Protocol pause
INFO: Pausing Coyote HTTP/1.1 on http-8080
18 Jul, 2011 10:18:29 AM org.apache.catalina.core.StandardService stop
INFO: Stopping service Catalina
18 Jul, 2011 10:18:33 AM org.apache.catalina.loader.WebappClassLoader clearReferencesThreads
SEVERE: The web application [] is still processing a request that has yet to finish. This is very likely to create a memory leak. You can control the time allowed for requests to finish by using the unloadDelay attribute of the standard Context implementation.
18 Jul, 2011 10:18:38 AM org.apache.catalina.loader.WebappClassLoader clearReferencesThreads
SEVERE: The web application [/opensocial-portlet] appears to have started a thread named [com.google.inject.internal.Finalizer] but has failed to stop it. This is very likely to create a memory leak.
18 Jul, 2011 10:18:38 AM org.apache.catalina.loader.WebappClassLoader clearThreadLocalMap
SEVERE: The web application [/opensocial-portlet] created a ThreadLocal with key of type [null] (value [org.apache.shindig.common.xml.XmlUtil$2@e405fb]) and a value of type [org.apache.xerces.jaxp.DocumentBuilderImpl] (value [org.apache.xerces.jaxp.DocumentBuilderImpl@44deb7]) but failed to remove it when the web application was stopped. This is very likely to create a memory leak.
18 Jul, 2011 10:18:38 AM org.apache.catalina.loader.WebappClassLoader clearThreadLocalMap
SEVERE: The web application [/opensocial-portlet] created a ThreadLocal with key of type [null] (value [com.google.inject.InjectorImpl$1@179fc03]) and a value of type [java.lang.Object[]] (value [[Ljava.lang.Object;@19054cc]) but failed to remove it when the web application was stopped. This is very likely to create a memory leak.
18 Jul, 2011 10:18:38 AM org.apache.catalina.loader.WebappClassLoader clearThreadLocalMap
SEVERE: The web application [/wsrp-portlet] created a ThreadLocal with key of type [org.apache.axis.utils.XMLUtils.ThreadLocalDocumentBuilder] (value [org.apache.axis.utils.XMLUtils$ThreadLocalDocumentBuilder@d11e8c]) and a value of type [com.sun.org.apache.xerces.internal.jaxp.DocumentBuilderImpl] (value [com.sun.org.apache.xerces.internal.jaxp.DocumentBuilderImpl@12cb01d]) but failed to remove it when the web application was stopped. This is very likely to create a memory leak.
18 Jul, 2011 10:18:39 AM org.apache.coyote.http11.Http11Protocol destroy
INFO: Stopping Coyote HTTP/1.1 on http-8080
18 Jul, 2011 10:18:57 AM org.apache.catalina.core.AprLifecycleListener init
INFO: The APR based Apache Tomcat Native library which allows optimal performance in production environments was not found on the java.library.path: E:\liferay-portal-6.0.6\tomcat-6.0.29\jre1.6.0_20\win\bin;.;C:\Windows\Sun\Java\bin;C:\Windows\system32;C:\Windows;C:\Program Files\Common Files\Microsoft Shared\Windows Live;C:\Windows\system32;C:\Windows;C:\Windows\System32\Wbem;C:\Windows\System32\WindowsPowerShell\v1.0\;C:\Program Files\WIDCOMM\Bluetooth Software\;C:\Program Files\WIDCOMM\Bluetooth Software\syswow64;\;C:\Program Files (x86)\Sony\VAIO Startup Setting Tool;C:\opt\java\jdk1.5.0_22\bin;C:\Python27;C:\Python27\Lib\site-packages\django\bin;C:\Python27\Lib\site-packages\pyfacebook\bin;C:\apache-ant-1.8.2\bin;C:\opt\mysql\bin;C:\opt\apache-maven-2.2.1\bin;C:\opt\svn\bin\;E:\liferay-portal-6.0.6\tomcat-6.0.29\bin;C:\Ruby187\bin
18 Jul, 2011 10:18:58 AM org.apache.coyote.http11.Http11Protocol init
INFO: Initializing Coyote HTTP/1.1 on http-8080
18 Jul, 2011 10:18:58 AM org.apache.catalina.startup.Catalina load
INFO: Initialization processed in 315 ms
18 Jul, 2011 10:18:58 AM org.apache.catalina.core.StandardService start
INFO: Starting service Catalina
18 Jul, 2011 10:18:58 AM org.apache.catalina.core.StandardEngine start
INFO: Starting Servlet Engine: Apache Tomcat/6.0.29
18 Jul, 2011 10:18:58 AM org.apache.catalina.startup.HostConfig deployDescriptor
INFO: Deploying configuration descriptor ROOT.xml
18 Jul, 2011 10:19:30 AM org.apache.catalina.startup.HostConfig deployDirectory
INFO: Deploying web application directory bright-pixel
18 Jul, 2011 10:19:30 AM org.apache.catalina.startup.HostConfig deployDirectory
INFO: Deploying web application directory bright-pixel-theme
18 Jul, 2011 10:19:31 AM org.apache.catalina.startup.HostConfig deployDirectory
INFO: Deploying web application directory chat-portlet
18 Jul, 2011 10:19:32 AM org.apache.catalina.startup.HostConfig deployDirectory
INFO: Deploying web application directory default-site-templates-hook
18 Jul, 2011 10:19:33 AM org.apache.catalina.startup.HostConfig deployDirectory
INFO: Deploying web application directory google-maps-portlet
18 Jul, 2011 10:19:33 AM org.apache.catalina.startup.HostConfig deployDirectory
INFO: Deploying web application directory jedi-theme
18 Jul, 2011 10:19:34 AM org.apache.catalina.startup.HostConfig deployDirectory
INFO: Deploying web application directory kaleo-web
18 Jul, 2011 10:19:37 AM org.apache.catalina.startup.HostConfig deployDirectory
INFO: Deploying web application directory mail-portlet
18 Jul, 2011 10:19:39 AM org.apache.catalina.startup.HostConfig deployDirectory
INFO: Deploying web application directory my-layout
18 Jul, 2011 10:19:39 AM org.apache.catalina.startup.HostConfig deployDirectory
INFO: Deploying web application directory mytheme
18 Jul, 2011 10:19:39 AM org.apache.catalina.startup.HostConfig deployDirectory
INFO: Deploying web application directory New Template
18 Jul, 2011 10:19:40 AM org.apache.catalina.startup.HostConfig deployDirectory
INFO: Deploying web application directory new-theme
18 Jul, 2011 10:19:40 AM org.apache.catalina.startup.HostConfig deployDirectory
INFO: Deploying web application directory opensocial-portlet
18 Jul, 2011 10:19:48 AM org.apache.catalina.startup.HostConfig deployDirectory
INFO: Deploying web application directory past-issues-new-portlet
18 Jul, 2011 10:19:48 AM org.apache.catalina.startup.HostConfig deployDirectory
INFO: Deploying web application directory past-issues-portlet
18 Jul, 2011 10:19:48 AM org.apache.catalina.startup.HostConfig deployDirectory
INFO: Deploying web application directory sample-theme
18 Jul, 2011 10:19:49 AM org.apache.catalina.startup.HostConfig deployDirectory
INFO: Deploying web application directory sample-theme-envision
18 Jul, 2011 10:19:49 AM org.apache.catalina.startup.HostConfig deployDirectory
INFO: Deploying web application directory social-networking-portlet
18 Jul, 2011 10:19:50 AM org.apache.catalina.startup.HostConfig deployDirectory
INFO: Deploying web application directory titan-theme
18 Jul, 2011 10:19:50 AM org.apache.catalina.startup.HostConfig deployDirectory
INFO: Deploying web application directory tunnel-web
18 Jul, 2011 10:19:52 AM org.apache.catalina.startup.HostConfig deployDirectory
INFO: Deploying web application directory web-form-portlet
18 Jul, 2011 10:19:53 AM org.apache.catalina.startup.HostConfig deployDirectory
INFO: Deploying web application directory wordpress-twenty-ten-theme
18 Jul, 2011 10:19:53 AM org.apache.catalina.startup.HostConfig deployDirectory
INFO: Deploying web application directory wsrp-portlet
18 Jul, 2011 10:19:56 AM org.apache.catalina.startup.HostConfig deployDirectory
INFO: Deploying web application directory ymd-theme
18 Jul, 2011 10:19:56 AM org.apache.coyote.http11.Http11Protocol start
INFO: Starting Coyote HTTP/1.1 on http-8080
18 Jul, 2011 10:19:56 AM org.apache.jk.common.ChannelSocket init
INFO: JK: ajp13 listening on /0.0.0.0:8009
18 Jul, 2011 10:19:56 AM org.apache.jk.server.JkMain start
INFO: Jk running ID=0 time=0/25  config=null
18 Jul, 2011 10:19:56 AM org.apache.catalina.startup.Catalina start
INFO: Server startup in 58656 ms
18 Jul, 2011 10:22:56 AM org.apache.coyote.http11.Http11Protocol pause
INFO: Pausing Coyote HTTP/1.1 on http-8080
18 Jul, 2011 10:22:57 AM org.apache.catalina.core.StandardService stop
INFO: Stopping service Catalina
18 Jul, 2011 10:23:01 AM org.apache.catalina.loader.WebappClassLoader clearReferencesThreads
SEVERE: The web application [] is still processing a request that has yet to finish. This is very likely to create a memory leak. You can control the time allowed for requests to finish by using the unloadDelay attribute of the standard Context implementation.
18 Jul, 2011 10:23:04 AM org.apache.catalina.loader.WebappClassLoader clearReferencesThreads
SEVERE: The web application [/opensocial-portlet] appears to have started a thread named [com.google.inject.internal.Finalizer] but has failed to stop it. This is very likely to create a memory leak.
18 Jul, 2011 10:23:04 AM org.apache.catalina.loader.WebappClassLoader clearThreadLocalMap
SEVERE: The web application [/opensocial-portlet] created a ThreadLocal with key of type [null] (value [com.google.inject.InjectorImpl$1@1dd1969]) and a value of type [java.lang.Object[]] (value [[Ljava.lang.Object;@af6368]) but failed to remove it when the web application was stopped. This is very likely to create a memory leak.
18 Jul, 2011 10:23:04 AM org.apache.catalina.loader.WebappClassLoader clearThreadLocalMap
SEVERE: The web application [/opensocial-portlet] created a ThreadLocal with key of type [null] (value [org.apache.shindig.common.xml.XmlUtil$2@a7519b]) and a value of type [org.apache.xerces.jaxp.DocumentBuilderImpl] (value [org.apache.xerces.jaxp.DocumentBuilderImpl@dec59c]) but failed to remove it when the web application was stopped. This is very likely to create a memory leak.
18 Jul, 2011 10:23:05 AM org.apache.catalina.loader.WebappClassLoader clearThreadLocalMap
SEVERE: The web application [/wsrp-portlet] created a ThreadLocal with key of type [org.apache.axis.utils.XMLUtils.ThreadLocalDocumentBuilder] (value [org.apache.axis.utils.XMLUtils$ThreadLocalDocumentBuilder@50b3cf]) and a value of type [com.sun.org.apache.xerces.internal.jaxp.DocumentBuilderImpl] (value [com.sun.org.apache.xerces.internal.jaxp.DocumentBuilderImpl@4d022d]) but failed to remove it when the web application was stopped. This is very likely to create a memory leak.
18 Jul, 2011 10:23:05 AM org.apache.coyote.http11.Http11Protocol destroy
INFO: Stopping Coyote HTTP/1.1 on http-8080
18 Jul, 2011 10:23:38 AM org.apache.catalina.core.AprLifecycleListener init
INFO: The APR based Apache Tomcat Native library which allows optimal performance in production environments was not found on the java.library.path: E:\liferay-portal-6.0.6\tomcat-6.0.29\jre1.6.0_20\win\bin;.;C:\Windows\Sun\Java\bin;C:\Windows\system32;C:\Windows;C:\Program Files\Common Files\Microsoft Shared\Windows Live;C:\Windows\system32;C:\Windows;C:\Windows\System32\Wbem;C:\Windows\System32\WindowsPowerShell\v1.0\;C:\Program Files\WIDCOMM\Bluetooth Software\;C:\Program Files\WIDCOMM\Bluetooth Software\syswow64;\;C:\Program Files (x86)\Sony\VAIO Startup Setting Tool;C:\opt\java\jdk1.5.0_22\bin;C:\Python27;C:\Python27\Lib\site-packages\django\bin;C:\Python27\Lib\site-packages\pyfacebook\bin;C:\apache-ant-1.8.2\bin;C:\opt\mysql\bin;C:\opt\apache-maven-2.2.1\bin;C:\opt\svn\bin\;E:\liferay-portal-6.0.6\tomcat-6.0.29\bin;C:\Ruby187\bin
18 Jul, 2011 10:23:38 AM org.apache.coyote.http11.Http11Protocol init
INFO: Initializing Coyote HTTP/1.1 on http-8080
18 Jul, 2011 10:23:38 AM org.apache.catalina.startup.Catalina load
INFO: Initialization processed in 308 ms
18 Jul, 2011 10:23:38 AM org.apache.catalina.core.StandardService start
INFO: Starting service Catalina
18 Jul, 2011 10:23:38 AM org.apache.catalina.core.StandardEngine start
INFO: Starting Servlet Engine: Apache Tomcat/6.0.29
18 Jul, 2011 10:23:38 AM org.apache.catalina.startup.HostConfig deployDescriptor
INFO: Deploying configuration descriptor ROOT.xml
18 Jul, 2011 10:24:08 AM org.apache.catalina.startup.HostConfig deployDirectory
INFO: Deploying web application directory bright-pixel
18 Jul, 2011 10:24:08 AM org.apache.catalina.startup.HostConfig deployDirectory
INFO: Deploying web application directory bright-pixel-theme
18 Jul, 2011 10:24:09 AM org.apache.catalina.startup.HostConfig deployDirectory
INFO: Deploying web application directory chat-portlet
18 Jul, 2011 10:24:10 AM org.apache.catalina.startup.HostConfig deployDirectory
INFO: Deploying web application directory default-site-templates-hook
18 Jul, 2011 10:24:10 AM org.apache.catalina.startup.HostConfig deployDirectory
INFO: Deploying web application directory google-maps-portlet
18 Jul, 2011 10:24:10 AM org.apache.catalina.startup.HostConfig deployDirectory
INFO: Deploying web application directory jedi-theme
18 Jul, 2011 10:24:10 AM org.apache.catalina.startup.HostConfig deployDirectory
INFO: Deploying web application directory kaleo-web
18 Jul, 2011 10:24:13 AM org.apache.catalina.startup.HostConfig deployDirectory
INFO: Deploying web application directory mail-portlet
18 Jul, 2011 10:24:14 AM org.apache.catalina.startup.HostConfig deployDirectory
INFO: Deploying web application directory my-layout
18 Jul, 2011 10:24:14 AM org.apache.catalina.startup.HostConfig deployDirectory
INFO: Deploying web application directory mytheme
18 Jul, 2011 10:24:15 AM org.apache.catalina.startup.HostConfig deployDirectory
INFO: Deploying web application directory New Template
18 Jul, 2011 10:24:15 AM org.apache.catalina.startup.HostConfig deployDirectory
INFO: Deploying web application directory new-theme
18 Jul, 2011 10:24:15 AM org.apache.catalina.startup.HostConfig deployDirectory
INFO: Deploying web application directory opensocial-portlet
18 Jul, 2011 10:24:22 AM org.apache.catalina.startup.HostConfig deployDirectory
INFO: Deploying web application directory past-issues-new-portlet
18 Jul, 2011 10:24:22 AM org.apache.catalina.startup.HostConfig deployDirectory
INFO: Deploying web application directory past-issues-portlet
18 Jul, 2011 10:24:23 AM org.apache.catalina.startup.HostConfig deployDirectory
INFO: Deploying web application directory sample-theme
18 Jul, 2011 10:24:23 AM org.apache.catalina.startup.HostConfig deployDirectory
INFO: Deploying web application directory sample-theme-envision
18 Jul, 2011 10:24:23 AM org.apache.catalina.startup.HostConfig deployDirectory
INFO: Deploying web application directory social-networking-portlet
18 Jul, 2011 10:24:25 AM org.apache.catalina.startup.HostConfig deployDirectory
INFO: Deploying web application directory titan-theme
18 Jul, 2011 10:24:25 AM org.apache.catalina.startup.HostConfig deployDirectory
INFO: Deploying web application directory tunnel-web
18 Jul, 2011 10:24:27 AM org.apache.catalina.startup.HostConfig deployDirectory
INFO: Deploying web application directory web-form-portlet
18 Jul, 2011 10:24:27 AM org.apache.catalina.startup.HostConfig deployDirectory
INFO: Deploying web application directory wordpress-twenty-ten-theme
18 Jul, 2011 10:24:27 AM org.apache.catalina.startup.HostConfig deployDirectory
INFO: Deploying web application directory wsrp-portlet
18 Jul, 2011 10:24:30 AM org.apache.catalina.startup.HostConfig deployDirectory
INFO: Deploying web application directory ymd-theme
18 Jul, 2011 10:24:31 AM org.apache.coyote.http11.Http11Protocol start
INFO: Starting Coyote HTTP/1.1 on http-8080
18 Jul, 2011 10:24:31 AM org.apache.jk.common.ChannelSocket init
INFO: JK: ajp13 listening on /0.0.0.0:8009
18 Jul, 2011 10:24:31 AM org.apache.jk.server.JkMain start
INFO: Jk running ID=0 time=0/25  config=null
18 Jul, 2011 10:24:31 AM org.apache.catalina.startup.Catalina start
INFO: Server startup in 53274 ms
18 Jul, 2011 10:30:35 AM org.apache.coyote.http11.Http11Protocol pause
INFO: Pausing Coyote HTTP/1.1 on http-8080
18 Jul, 2011 10:30:36 AM org.apache.catalina.core.StandardService stop
INFO: Stopping service Catalina
18 Jul, 2011 10:30:44 AM org.apache.catalina.core.AprLifecycleListener init
INFO: The APR based Apache Tomcat Native library which allows optimal performance in production environments was not found on the java.library.path: E:\liferay-portal-6.0.6\tomcat-6.0.29\jre1.6.0_20\win\bin;.;C:\Windows\Sun\Java\bin;C:\Windows\system32;C:\Windows;C:\Program Files\Common Files\Microsoft Shared\Windows Live;C:\Windows\system32;C:\Windows;C:\Windows\System32\Wbem;C:\Windows\System32\WindowsPowerShell\v1.0\;C:\Program Files\WIDCOMM\Bluetooth Software\;C:\Program Files\WIDCOMM\Bluetooth Software\syswow64;\;C:\Program Files (x86)\Sony\VAIO Startup Setting Tool;C:\opt\java\jdk1.5.0_22\bin;C:\Python27;C:\Python27\Lib\site-packages\django\bin;C:\Python27\Lib\site-packages\pyfacebook\bin;C:\apache-ant-1.8.2\bin;C:\opt\mysql\bin;C:\opt\apache-maven-2.2.1\bin;C:\opt\svn\bin\;E:\liferay-portal-6.0.6\tomcat-6.0.29\bin;C:\Ruby187\bin
18 Jul, 2011 10:30:44 AM org.apache.coyote.http11.Http11Protocol init
INFO: Initializing Coyote HTTP/1.1 on http-8080
18 Jul, 2011 10:30:44 AM org.apache.catalina.startup.Catalina load
INFO: Initialization processed in 348 ms
18 Jul, 2011 10:30:44 AM org.apache.catalina.core.StandardService start
INFO: Starting service Catalina
18 Jul, 2011 10:30:44 AM org.apache.catalina.core.StandardEngine start
INFO: Starting Servlet Engine: Apache Tomcat/6.0.29
18 Jul, 2011 10:30:44 AM org.apache.catalina.startup.HostConfig deployDescriptor
INFO: Deploying configuration descriptor ROOT.xml
18 Jul, 2011 10:31:16 AM org.apache.catalina.startup.HostConfig deployDirectory
INFO: Deploying web application directory bright-pixel
18 Jul, 2011 10:31:17 AM org.apache.catalina.startup.HostConfig deployDirectory
INFO: Deploying web application directory bright-pixel-theme
18 Jul, 2011 10:31:17 AM org.apache.catalina.startup.HostConfig deployDirectory
INFO: Deploying web application directory chat-portlet
18 Jul, 2011 10:31:18 AM org.apache.catalina.startup.HostConfig deployDirectory
INFO: Deploying web application directory default-site-templates-hook
18 Jul, 2011 10:31:19 AM org.apache.catalina.startup.HostConfig deployDirectory
INFO: Deploying web application directory google-maps-portlet
18 Jul, 2011 10:31:19 AM org.apache.catalina.startup.HostConfig deployDirectory
INFO: Deploying web application directory jedi-theme
18 Jul, 2011 10:31:20 AM org.apache.catalina.startup.HostConfig deployDirectory
INFO: Deploying web application directory kaleo-web
18 Jul, 2011 10:31:22 AM org.apache.catalina.startup.HostConfig deployDirectory
INFO: Deploying web application directory mail-portlet
18 Jul, 2011 10:31:24 AM org.apache.catalina.startup.HostConfig deployDirectory
INFO: Deploying web application directory my-layout
18 Jul, 2011 10:31:25 AM org.apache.catalina.startup.HostConfig deployDirectory
INFO: Deploying web application directory mytheme
18 Jul, 2011 10:31:25 AM org.apache.catalina.startup.HostConfig deployDirectory
INFO: Deploying web application directory New Template
18 Jul, 2011 10:31:25 AM org.apache.catalina.startup.HostConfig deployDirectory
INFO: Deploying web application directory new-theme
18 Jul, 2011 10:31:26 AM org.apache.catalina.startup.HostConfig deployDirectory
INFO: Deploying web application directory opensocial-portlet
18 Jul, 2011 10:31:34 AM org.apache.catalina.startup.HostConfig deployDirectory
INFO: Deploying web application directory past-issues-new-portlet
18 Jul, 2011 10:31:34 AM org.apache.catalina.startup.HostConfig deployDirectory
INFO: Deploying web application directory past-issues-portlet
18 Jul, 2011 10:31:34 AM org.apache.catalina.startup.HostConfig deployDirectory
INFO: Deploying web application directory sample-theme
18 Jul, 2011 10:31:35 AM org.apache.catalina.startup.HostConfig deployDirectory
INFO: Deploying web application directory sample-theme-envision
18 Jul, 2011 10:31:35 AM org.apache.catalina.startup.HostConfig deployDirectory
INFO: Deploying web application directory social-networking-portlet
18 Jul, 2011 10:31:36 AM org.apache.catalina.startup.HostConfig deployDirectory
INFO: Deploying web application directory titan-theme
18 Jul, 2011 10:31:37 AM org.apache.catalina.startup.HostConfig deployDirectory
INFO: Deploying web application directory tunnel-web
18 Jul, 2011 10:31:38 AM org.apache.catalina.startup.HostConfig deployDirectory
INFO: Deploying web application directory web-form-portlet
18 Jul, 2011 10:31:39 AM org.apache.catalina.startup.HostConfig deployDirectory
INFO: Deploying web application directory wordpress-twenty-ten-theme
18 Jul, 2011 10:31:39 AM org.apache.catalina.startup.HostConfig deployDirectory
INFO: Deploying web application directory wsrp-portlet
18 Jul, 2011 10:31:42 AM org.apache.catalina.startup.HostConfig deployDirectory
INFO: Deploying web application directory ymd-theme
18 Jul, 2011 10:31:43 AM org.apache.coyote.http11.Http11Protocol start
INFO: Starting Coyote HTTP/1.1 on http-8080
18 Jul, 2011 10:31:43 AM org.apache.jk.common.ChannelSocket init
INFO: JK: ajp13 listening on /0.0.0.0:8009
18 Jul, 2011 10:31:43 AM org.apache.jk.server.JkMain start
INFO: Jk running ID=0 time=0/20  config=null
18 Jul, 2011 10:31:43 AM org.apache.catalina.startup.Catalina start
INFO: Server startup in 58372 ms
18 Jul, 2011 10:34:16 AM org.apache.coyote.http11.Http11Protocol pause
INFO: Pausing Coyote HTTP/1.1 on http-8080
18 Jul, 2011 10:34:17 AM org.apache.catalina.core.StandardService stop
INFO: Stopping service Catalina
18 Jul, 2011 10:34:21 AM org.apache.catalina.loader.WebappClassLoader clearReferencesThreads
SEVERE: The web application [] is still processing a request that has yet to finish. This is very likely to create a memory leak. You can control the time allowed for requests to finish by using the unloadDelay attribute of the standard Context implementation.
18 Jul, 2011 10:34:26 AM org.apache.catalina.loader.WebappClassLoader clearReferencesThreads
SEVERE: The web application [/opensocial-portlet] appears to have started a thread named [com.google.inject.internal.Finalizer] but has failed to stop it. This is very likely to create a memory leak.
18 Jul, 2011 10:34:26 AM org.apache.catalina.loader.WebappClassLoader clearThreadLocalMap
SEVERE: The web application [/opensocial-portlet] created a ThreadLocal with key of type [null] (value [com.google.inject.InjectorImpl$1@1f1804d]) and a value of type [java.lang.Object[]] (value [[Ljava.lang.Object;@1e5f00]) but failed to remove it when the web application was stopped. This is very likely to create a memory leak.
18 Jul, 2011 10:34:26 AM org.apache.catalina.loader.WebappClassLoader clearThreadLocalMap
SEVERE: The web application [/opensocial-portlet] created a ThreadLocal with key of type [null] (value [org.apache.shindig.common.xml.XmlUtil$2@1ef16cf]) and a value of type [org.apache.xerces.jaxp.DocumentBuilderImpl] (value [org.apache.xerces.jaxp.DocumentBuilderImpl@1c2806a]) but failed to remove it when the web application was stopped. This is very likely to create a memory leak.
18 Jul, 2011 10:34:26 AM org.apache.catalina.loader.WebappClassLoader clearThreadLocalMap
SEVERE: The web application [/wsrp-portlet] created a ThreadLocal with key of type [org.apache.axis.utils.XMLUtils.ThreadLocalDocumentBuilder] (value [org.apache.axis.utils.XMLUtils$ThreadLocalDocumentBuilder@1d85e69]) and a value of type [com.sun.org.apache.xerces.internal.jaxp.DocumentBuilderImpl] (value [com.sun.org.apache.xerces.internal.jaxp.DocumentBuilderImpl@1e6144]) but failed to remove it when the web application was stopped. This is very likely to create a memory leak.
18 Jul, 2011 10:34:27 AM org.apache.coyote.http11.Http11Protocol destroy
INFO: Stopping Coyote HTTP/1.1 on http-8080
18 Jul, 2011 10:34:59 AM org.apache.catalina.core.AprLifecycleListener init
INFO: The APR based Apache Tomcat Native library which allows optimal performance in production environments was not found on the java.library.path: E:\liferay-portal-6.0.6\tomcat-6.0.29\jre1.6.0_20\win\bin;.;C:\Windows\Sun\Java\bin;C:\Windows\system32;C:\Windows;C:\Program Files\Common Files\Microsoft Shared\Windows Live;C:\Windows\system32;C:\Windows;C:\Windows\System32\Wbem;C:\Windows\System32\WindowsPowerShell\v1.0\;C:\Program Files\WIDCOMM\Bluetooth Software\;C:\Program Files\WIDCOMM\Bluetooth Software\syswow64;\;C:\Program Files (x86)\Sony\VAIO Startup Setting Tool;C:\opt\java\jdk1.5.0_22\bin;C:\Python27;C:\Python27\Lib\site-packages\django\bin;C:\Python27\Lib\site-packages\pyfacebook\bin;C:\apache-ant-1.8.2\bin;C:\opt\mysql\bin;C:\opt\apache-maven-2.2.1\bin;C:\opt\svn\bin\;E:\liferay-portal-6.0.6\tomcat-6.0.29\bin;C:\Ruby187\bin
18 Jul, 2011 10:34:59 AM org.apache.coyote.http11.Http11Protocol init
INFO: Initializing Coyote HTTP/1.1 on http-8080
18 Jul, 2011 10:34:59 AM org.apache.catalina.startup.Catalina load
INFO: Initialization processed in 309 ms
18 Jul, 2011 10:34:59 AM org.apache.catalina.core.StandardService start
INFO: Starting service Catalina
18 Jul, 2011 10:34:59 AM org.apache.catalina.core.StandardEngine start
INFO: Starting Servlet Engine: Apache Tomcat/6.0.29
18 Jul, 2011 10:34:59 AM org.apache.catalina.startup.HostConfig deployDescriptor
INFO: Deploying configuration descriptor ROOT.xml
18 Jul, 2011 10:35:28 AM org.apache.catalina.startup.HostConfig deployDirectory
INFO: Deploying web application directory bright-pixel
18 Jul, 2011 10:35:29 AM org.apache.catalina.startup.HostConfig deployDirectory
INFO: Deploying web application directory bright-pixel-theme
18 Jul, 2011 10:35:29 AM org.apache.catalina.startup.HostConfig deployDirectory
INFO: Deploying web application directory chat-portlet
18 Jul, 2011 10:35:30 AM org.apache.catalina.startup.HostConfig deployDirectory
INFO: Deploying web application directory default-site-templates-hook
18 Jul, 2011 10:35:30 AM org.apache.catalina.startup.HostConfig deployDirectory
INFO: Deploying web application directory google-maps-portlet
18 Jul, 2011 10:35:31 AM org.apache.catalina.startup.HostConfig deployDirectory
INFO: Deploying web application directory jedi-theme
18 Jul, 2011 10:35:31 AM org.apache.catalina.startup.HostConfig deployDirectory
INFO: Deploying web application directory kaleo-web
18 Jul, 2011 10:35:33 AM org.apache.catalina.startup.HostConfig deployDirectory
INFO: Deploying web application directory mail-portlet
18 Jul, 2011 10:35:35 AM org.apache.catalina.startup.HostConfig deployDirectory
INFO: Deploying web application directory my-layout
18 Jul, 2011 10:35:35 AM org.apache.catalina.startup.HostConfig deployDirectory
INFO: Deploying web application directory mytheme
18 Jul, 2011 10:35:36 AM org.apache.catalina.startup.HostConfig deployDirectory
INFO: Deploying web application directory New Template
18 Jul, 2011 10:35:36 AM org.apache.catalina.startup.HostConfig deployDirectory
INFO: Deploying web application directory new-theme
18 Jul, 2011 10:35:36 AM org.apache.catalina.startup.HostConfig deployDirectory
INFO: Deploying web application directory opensocial-portlet
18 Jul, 2011 10:35:45 AM org.apache.catalina.startup.HostConfig deployDirectory
INFO: Deploying web application directory past-issues-new-portlet
18 Jul, 2011 10:35:45 AM org.apache.catalina.startup.HostConfig deployDirectory
INFO: Deploying web application directory past-issues-portlet
18 Jul, 2011 10:35:45 AM org.apache.catalina.startup.HostConfig deployDirectory
INFO: Deploying web application directory sample-theme
18 Jul, 2011 10:35:46 AM org.apache.catalina.startup.HostConfig deployDirectory
INFO: Deploying web application directory sample-theme-envision
18 Jul, 2011 10:35:46 AM org.apache.catalina.startup.HostConfig deployDirectory
INFO: Deploying web application directory social-networking-portlet
18 Jul, 2011 10:35:47 AM org.apache.catalina.startup.HostConfig deployDirectory
INFO: Deploying web application directory titan-theme
18 Jul, 2011 10:35:48 AM org.apache.catalina.startup.HostConfig deployDirectory
INFO: Deploying web application directory tunnel-web
18 Jul, 2011 10:35:50 AM org.apache.catalina.startup.HostConfig deployDirectory
INFO: Deploying web application directory web-form-portlet
18 Jul, 2011 10:35:50 AM org.apache.catalina.startup.HostConfig deployDirectory
INFO: Deploying web application directory wordpress-twenty-ten-theme
18 Jul, 2011 10:35:50 AM org.apache.catalina.startup.HostConfig deployDirectory
INFO: Deploying web application directory wsrp-portlet
18 Jul, 2011 10:35:53 AM org.apache.catalina.startup.HostConfig deployDirectory
INFO: Deploying web application directory ymd-theme
18 Jul, 2011 10:35:54 AM org.apache.coyote.http11.Http11Protocol start
INFO: Starting Coyote HTTP/1.1 on http-8080
18 Jul, 2011 10:35:54 AM org.apache.jk.common.ChannelSocket init
INFO: JK: ajp13 listening on /0.0.0.0:8009
18 Jul, 2011 10:35:54 AM org.apache.jk.server.JkMain start
INFO: Jk running ID=0 time=0/34  config=null
18 Jul, 2011 10:35:54 AM org.apache.catalina.startup.Catalina start
INFO: Server startup in 55154 ms
18 Jul, 2011 10:38:58 AM org.apache.coyote.http11.Http11Protocol pause
INFO: Pausing Coyote HTTP/1.1 on http-8080
18 Jul, 2011 10:38:59 AM org.apache.catalina.core.StandardService stop
INFO: Stopping service Catalina
18 Jul, 2011 10:39:02 AM org.apache.catalina.loader.WebappClassLoader clearReferencesThreads
SEVERE: The web application [] is still processing a request that has yet to finish. This is very likely to create a memory leak. You can control the time allowed for requests to finish by using the unloadDelay attribute of the standard Context implementation.
18 Jul, 2011 10:39:06 AM org.apache.catalina.loader.WebappClassLoader clearReferencesThreads
SEVERE: The web application [/opensocial-portlet] appears to have started a thread named [com.google.inject.internal.Finalizer] but has failed to stop it. This is very likely to create a memory leak.
18 Jul, 2011 10:39:06 AM org.apache.catalina.loader.WebappClassLoader clearThreadLocalMap
SEVERE: The web application [/opensocial-portlet] created a ThreadLocal with key of type [null] (value [com.google.inject.InjectorImpl$1@1069d48]) and a value of type [java.lang.Object[]] (value [[Ljava.lang.Object;@1400d94]) but failed to remove it when the web application was stopped. This is very likely to create a memory leak.
18 Jul, 2011 10:39:06 AM org.apache.catalina.loader.WebappClassLoader clearThreadLocalMap
SEVERE: The web application [/opensocial-portlet] created a ThreadLocal with key of type [null] (value [org.apache.shindig.common.xml.XmlUtil$2@3b82a7]) and a value of type [org.apache.xerces.jaxp.DocumentBuilderImpl] (value [org.apache.xerces.jaxp.DocumentBuilderImpl@feaa44]) but failed to remove it when the web application was stopped. This is very likely to create a memory leak.
18 Jul, 2011 10:39:06 AM org.apache.catalina.loader.WebappClassLoader clearThreadLocalMap
SEVERE: The web application [/wsrp-portlet] created a ThreadLocal with key of type [org.apache.axis.utils.XMLUtils.ThreadLocalDocumentBuilder] (value [org.apache.axis.utils.XMLUtils$ThreadLocalDocumentBuilder@1e6f926]) and a value of type [com.sun.org.apache.xerces.internal.jaxp.DocumentBuilderImpl] (value [com.sun.org.apache.xerces.internal.jaxp.DocumentBuilderImpl@ef5ced]) but failed to remove it when the web application was stopped. This is very likely to create a memory leak.
18 Jul, 2011 10:39:07 AM org.apache.coyote.http11.Http11Protocol destroy
INFO: Stopping Coyote HTTP/1.1 on http-8080
18 Jul, 2011 10:39:12 AM org.apache.catalina.core.AprLifecycleListener init
INFO: The APR based Apache Tomcat Native library which allows optimal performance in production environments was not found on the java.library.path: E:\liferay-portal-6.0.6\tomcat-6.0.29\jre1.6.0_20\win\bin;.;C:\Windows\Sun\Java\bin;C:\Windows\system32;C:\Windows;C:\Program Files\Common Files\Microsoft Shared\Windows Live;C:\Windows\system32;C:\Windows;C:\Windows\System32\Wbem;C:\Windows\System32\WindowsPowerShell\v1.0\;C:\Program Files\WIDCOMM\Bluetooth Software\;C:\Program Files\WIDCOMM\Bluetooth Software\syswow64;\;C:\Program Files (x86)\Sony\VAIO Startup Setting Tool;C:\opt\java\jdk1.5.0_22\bin;C:\Python27;C:\Python27\Lib\site-packages\django\bin;C:\Python27\Lib\site-packages\pyfacebook\bin;C:\apache-ant-1.8.2\bin;C:\opt\mysql\bin;C:\opt\apache-maven-2.2.1\bin;C:\opt\svn\bin\;E:\liferay-portal-6.0.6\tomcat-6.0.29\bin;C:\Ruby187\bin
18 Jul, 2011 10:39:13 AM org.apache.coyote.http11.Http11Protocol init
INFO: Initializing Coyote HTTP/1.1 on http-8080
18 Jul, 2011 10:39:13 AM org.apache.catalina.startup.Catalina load
INFO: Initialization processed in 318 ms
18 Jul, 2011 10:39:13 AM org.apache.catalina.core.StandardService start
INFO: Starting service Catalina
18 Jul, 2011 10:39:13 AM org.apache.catalina.core.StandardEngine start
INFO: Starting Servlet Engine: Apache Tomcat/6.0.29
18 Jul, 2011 10:39:13 AM org.apache.catalina.startup.HostConfig deployDescriptor
INFO: Deploying configuration descriptor ROOT.xml
18 Jul, 2011 10:39:42 AM org.apache.catalina.startup.HostConfig deployDirectory
INFO: Deploying web application directory bright-pixel
18 Jul, 2011 10:39:43 AM org.apache.catalina.startup.HostConfig deployDirectory
INFO: Deploying web application directory bright-pixel-theme
18 Jul, 2011 10:39:43 AM org.apache.catalina.startup.HostConfig deployDirectory
INFO: Deploying web application directory chat-portlet
18 Jul, 2011 10:39:44 AM org.apache.catalina.startup.HostConfig deployDirectory
INFO: Deploying web application directory default-site-templates-hook
18 Jul, 2011 10:39:44 AM org.apache.catalina.startup.HostConfig deployDirectory
INFO: Deploying web application directory google-maps-portlet
18 Jul, 2011 10:39:45 AM org.apache.catalina.startup.HostConfig deployDirectory
INFO: Deploying web application directory jedi-theme
18 Jul, 2011 10:39:45 AM org.apache.catalina.startup.HostConfig deployDirectory
INFO: Deploying web application directory kaleo-web
18 Jul, 2011 10:39:48 AM org.apache.catalina.startup.HostConfig deployDirectory
INFO: Deploying web application directory mail-portlet
18 Jul, 2011 10:39:50 AM org.apache.catalina.startup.HostConfig deployDirectory
INFO: Deploying web application directory my-layout
18 Jul, 2011 10:39:50 AM org.apache.catalina.startup.HostConfig deployDirectory
INFO: Deploying web application directory mytheme
18 Jul, 2011 10:39:50 AM org.apache.catalina.startup.HostConfig deployDirectory
INFO: Deploying web application directory New Template
18 Jul, 2011 10:39:50 AM org.apache.catalina.startup.HostConfig deployDirectory
INFO: Deploying web application directory new-theme
18 Jul, 2011 10:39:50 AM org.apache.catalina.startup.HostConfig deployDirectory
INFO: Deploying web application directory opensocial-portlet
18 Jul, 2011 10:39:58 AM org.apache.catalina.startup.HostConfig deployDirectory
INFO: Deploying web application directory past-issues-new-portlet
18 Jul, 2011 10:39:58 AM org.apache.catalina.startup.HostConfig deployDirectory
INFO: Deploying web application directory past-issues-portlet
18 Jul, 2011 10:39:59 AM org.apache.catalina.startup.HostConfig deployDirectory
INFO: Deploying web application directory sample-theme
18 Jul, 2011 10:39:59 AM org.apache.catalina.startup.HostConfig deployDirectory
INFO: Deploying web application directory sample-theme-envision
18 Jul, 2011 10:39:59 AM org.apache.catalina.startup.HostConfig deployDirectory
INFO: Deploying web application directory social-networking-portlet
18 Jul, 2011 10:40:00 AM org.apache.catalina.startup.HostConfig deployDirectory
INFO: Deploying web application directory titan-theme
18 Jul, 2011 10:40:01 AM org.apache.catalina.startup.HostConfig deployDirectory
INFO: Deploying web application directory tunnel-web
18 Jul, 2011 10:40:03 AM org.apache.catalina.startup.HostConfig deployDirectory
INFO: Deploying web application directory web-form-portlet
18 Jul, 2011 10:40:03 AM org.apache.catalina.startup.HostConfig deployDirectory
INFO: Deploying web application directory wordpress-twenty-ten-theme
18 Jul, 2011 10:40:03 AM org.apache.catalina.startup.HostConfig deployDirectory
INFO: Deploying web application directory wsrp-portlet
18 Jul, 2011 10:40:07 AM org.apache.catalina.startup.HostConfig deployDirectory
INFO: Deploying web application directory ymd-theme
18 Jul, 2011 10:40:07 AM org.apache.coyote.http11.Http11Protocol start
INFO: Starting Coyote HTTP/1.1 on http-8080
18 Jul, 2011 10:40:07 AM org.apache.jk.common.ChannelSocket init
INFO: JK: ajp13 listening on /0.0.0.0:8009
18 Jul, 2011 10:40:07 AM org.apache.jk.server.JkMain start
INFO: Jk running ID=0 time=0/27  config=null
18 Jul, 2011 10:40:07 AM org.apache.catalina.startup.Catalina start
INFO: Server startup in 54458 ms
18 Jul, 2011 10:44:02 AM org.apache.coyote.http11.Http11Protocol pause
INFO: Pausing Coyote HTTP/1.1 on http-8080
18 Jul, 2011 10:44:03 AM org.apache.catalina.core.StandardService stop
INFO: Stopping service Catalina
18 Jul, 2011 10:44:06 AM org.apache.catalina.loader.WebappClassLoader clearReferencesThreads
SEVERE: The web application [] is still processing a request that has yet to finish. This is very likely to create a memory leak. You can control the time allowed for requests to finish by using the unloadDelay attribute of the standard Context implementation.
18 Jul, 2011 10:44:10 AM org.apache.catalina.loader.WebappClassLoader clearReferencesThreads
SEVERE: The web application [/opensocial-portlet] appears to have started a thread named [com.google.inject.internal.Finalizer] but has failed to stop it. This is very likely to create a memory leak.
18 Jul, 2011 10:44:10 AM org.apache.catalina.loader.WebappClassLoader clearThreadLocalMap
SEVERE: The web application [/opensocial-portlet] created a ThreadLocal with key of type [null] (value [org.apache.shindig.common.xml.XmlUtil$2@f652f5]) and a value of type [org.apache.xerces.jaxp.DocumentBuilderImpl] (value [org.apache.xerces.jaxp.DocumentBuilderImpl@1c05872]) but failed to remove it when the web application was stopped. This is very likely to create a memory leak.
18 Jul, 2011 10:44:10 AM org.apache.catalina.loader.WebappClassLoader clearThreadLocalMap
SEVERE: The web application [/opensocial-portlet] created a ThreadLocal with key of type [null] (value [com.google.inject.InjectorImpl$1@eebde2]) and a value of type [java.lang.Object[]] (value [[Ljava.lang.Object;@1f466dc]) but failed to remove it when the web application was stopped. This is very likely to create a memory leak.
18 Jul, 2011 10:44:11 AM org.apache.catalina.loader.WebappClassLoader clearThreadLocalMap
SEVERE: The web application [/wsrp-portlet] created a ThreadLocal with key of type [org.apache.axis.utils.XMLUtils.ThreadLocalDocumentBuilder] (value [org.apache.axis.utils.XMLUtils$ThreadLocalDocumentBuilder@11b2ef3]) and a value of type [com.sun.org.apache.xerces.internal.jaxp.DocumentBuilderImpl] (value [com.sun.org.apache.xerces.internal.jaxp.DocumentBuilderImpl@1a75a3d]) but failed to remove it when the web application was stopped. This is very likely to create a memory leak.
18 Jul, 2011 10:44:11 AM org.apache.coyote.http11.Http11Protocol destroy
INFO: Stopping Coyote HTTP/1.1 on http-8080
